{"C:\\Users\\sergi\\bootcamp\\collab\\skylab-bootcamp-201809\\staff\\sergio-luz\\langchange-web\\langchange-app\\src\\logic\\index.spec.js":{"path":"C:\\Users\\sergi\\bootcamp\\collab\\skylab-bootcamp-201809\\staff\\sergio-luz\\langchange-web\\langchange-app\\src\\logic\\index.spec.js","statementMap":{"0":{"start":{"line":1,"column":0},"end":{"line":1,"column":26}},"1":{"start":{"line":2,"column":0},"end":{"line":2,"column":27}},"2":{"start":{"line":3,"column":0},"end":{"line":3,"column":49}},"3":{"start":{"line":4,"column":14},"end":{"line":4,"column":26}},"4":{"start":{"line":7,"column":19},"end":{"line":7,"column":34}},"5":{"start":{"line":8,"column":81},"end":{"line":8,"column":102}},"6":{"start":{"line":9,"column":26},"end":{"line":9,"column":42}},"7":{"start":{"line":12,"column":26},"end":{"line":12,"column":69}},"8":{"start":{"line":13,"column":27},"end":{"line":13,"column":33}},"9":{"start":{"line":14,"column":13},"end":{"line":14,"column":17}},"10":{"start":{"line":15,"column":18},"end":{"line":15,"column":91}},"11":{"start":{"line":17,"column":13},"end":{"line":17,"column":17}},"12":{"start":{"line":18,"column":18},"end":{"line":18,"column":22}},"13":{"start":{"line":25,"column":0},"end":{"line":1856,"column":2}},"14":{"start":{"line":30,"column":4},"end":{"line":53,"column":5}},"15":{"start":{"line":31,"column":8},"end":{"line":52,"column":14}},"16":{"start":{"line":33,"column":16},"end":{"line":33,"column":91}},"17":{"start":{"line":35,"column":16},"end":{"line":48,"column":22}},"18":{"start":{"line":36,"column":33},"end":{"line":36,"column":42}},"19":{"start":{"line":38,"column":24},"end":{"line":38,"column":60}},"20":{"start":{"line":40,"column":24},"end":{"line":40,"column":87}},"21":{"start":{"line":43,"column":24},"end":{"line":43,"column":73}},"22":{"start":{"line":44,"column":24},"end":{"line":44,"column":74}},"23":{"start":{"line":45,"column":24},"end":{"line":45,"column":78}},"24":{"start":{"line":46,"column":24},"end":{"line":46,"column":76}},"25":{"start":{"line":47,"column":24},"end":{"line":47,"column":81}},"26":{"start":{"line":51,"column":16},"end":{"line":51,"column":90}},"27":{"start":{"line":55,"column":4},"end":{"line":62,"column":6}},"28":{"start":{"line":57,"column":8},"end":{"line":57,"column":57}},"29":{"start":{"line":58,"column":8},"end":{"line":58,"column":58}},"30":{"start":{"line":59,"column":8},"end":{"line":59,"column":62}},"31":{"start":{"line":60,"column":8},"end":{"line":60,"column":60}},"32":{"start":{"line":61,"column":8},"end":{"line":61,"column":65}},"33":{"start":{"line":64,"column":4},"end":{"line":1406,"column":6}},"34":{"start":{"line":66,"column":8},"end":{"line":213,"column":10}},"35":{"start":{"line":69,"column":12},"end":{"line":75,"column":14}},"36":{"start":{"line":70,"column":16},"end":{"line":70,"column":46}},"37":{"start":{"line":71,"column":16},"end":{"line":71,"column":54}},"38":{"start":{"line":72,"column":16},"end":{"line":72,"column":54}},"39":{"start":{"line":73,"column":16},"end":{"line":73,"column":58}},"40":{"start":{"line":74,"column":16},"end":{"line":74,"column":46}},"41":{"start":{"line":77,"column":12},"end":{"line":95,"column":14}},"42":{"start":{"line":79,"column":28},"end":{"line":79,"column":91}},"43":{"start":{"line":80,"column":16},"end":{"line":80,"column":24}},"44":{"start":{"line":82,"column":16},"end":{"line":82,"column":50}},"45":{"start":{"line":84,"column":31},"end":{"line":84,"column":69}},"46":{"start":{"line":86,"column":16},"end":{"line":86,"column":49}},"47":{"start":{"line":88,"column":31},"end":{"line":88,"column":37}},"48":{"start":{"line":90,"column":16},"end":{"line":90,"column":60}},"49":{"start":{"line":91,"column":16},"end":{"line":91,"column":51}},"50":{"start":{"line":92,"column":16},"end":{"line":92,"column":50}},"51":{"start":{"line":93,"column":16},"end":{"line":93,"column":56}},"52":{"start":{"line":94,"column":16},"end":{"line":94,"column":56}},"53":{"start":{"line":98,"column":12},"end":{"line":100,"column":14}},"54":{"start":{"line":99,"column":16},"end":{"line":99,"column":141}},"55":{"start":{"line":99,"column":29},"end":{"line":99,"column":91}},"56":{"start":{"line":102,"column":12},"end":{"line":104,"column":14}},"57":{"start":{"line":103,"column":16},"end":{"line":103,"column":131}},"58":{"start":{"line":103,"column":29},"end":{"line":103,"column":86}},"59":{"start":{"line":106,"column":12},"end":{"line":108,"column":14}},"60":{"start":{"line":107,"column":16},"end":{"line":107,"column":140}},"61":{"start":{"line":107,"column":29},"end":{"line":107,"column":97}},"62":{"start":{"line":110,"column":12},"end":{"line":112,"column":14}},"63":{"start":{"line":111,"column":16},"end":{"line":111,"column":129}},"64":{"start":{"line":111,"column":29},"end":{"line":111,"column":85}},"65":{"start":{"line":114,"column":12},"end":{"line":116,"column":14}},"66":{"start":{"line":115,"column":16},"end":{"line":115,"column":131}},"67":{"start":{"line":115,"column":29},"end":{"line":115,"column":86}},"68":{"start":{"line":118,"column":12},"end":{"line":120,"column":14}},"69":{"start":{"line":119,"column":16},"end":{"line":119,"column":150}},"70":{"start":{"line":119,"column":29},"end":{"line":119,"column":99}},"71":{"start":{"line":122,"column":12},"end":{"line":124,"column":14}},"72":{"start":{"line":123,"column":16},"end":{"line":123,"column":149}},"73":{"start":{"line":123,"column":29},"end":{"line":123,"column":93}},"74":{"start":{"line":127,"column":12},"end":{"line":129,"column":14}},"75":{"start":{"line":128,"column":16},"end":{"line":128,"column":137}},"76":{"start":{"line":128,"column":29},"end":{"line":128,"column":87}},"77":{"start":{"line":131,"column":12},"end":{"line":133,"column":14}},"78":{"start":{"line":132,"column":16},"end":{"line":132,"column":127}},"79":{"start":{"line":132,"column":29},"end":{"line":132,"column":82}},"80":{"start":{"line":135,"column":12},"end":{"line":137,"column":14}},"81":{"start":{"line":136,"column":16},"end":{"line":136,"column":140}},"82":{"start":{"line":136,"column":29},"end":{"line":136,"column":93}},"83":{"start":{"line":139,"column":12},"end":{"line":141,"column":14}},"84":{"start":{"line":140,"column":16},"end":{"line":140,"column":125}},"85":{"start":{"line":140,"column":29},"end":{"line":140,"column":81}},"86":{"start":{"line":143,"column":12},"end":{"line":145,"column":14}},"87":{"start":{"line":144,"column":16},"end":{"line":144,"column":127}},"88":{"start":{"line":144,"column":29},"end":{"line":144,"column":82}},"89":{"start":{"line":147,"column":12},"end":{"line":149,"column":14}},"90":{"start":{"line":148,"column":16},"end":{"line":148,"column":146}},"91":{"start":{"line":148,"column":29},"end":{"line":148,"column":95}},"92":{"start":{"line":151,"column":12},"end":{"line":153,"column":14}},"93":{"start":{"line":152,"column":16},"end":{"line":152,"column":145}},"94":{"start":{"line":152,"column":29},"end":{"line":152,"column":89}},"95":{"start":{"line":156,"column":12},"end":{"line":158,"column":14}},"96":{"start":{"line":157,"column":16},"end":{"line":157,"column":137}},"97":{"start":{"line":157,"column":29},"end":{"line":157,"column":87}},"98":{"start":{"line":160,"column":12},"end":{"line":162,"column":14}},"99":{"start":{"line":161,"column":16},"end":{"line":161,"column":127}},"100":{"start":{"line":161,"column":29},"end":{"line":161,"column":82}},"101":{"start":{"line":164,"column":12},"end":{"line":166,"column":14}},"102":{"start":{"line":165,"column":16},"end":{"line":165,"column":140}},"103":{"start":{"line":165,"column":29},"end":{"line":165,"column":93}},"104":{"start":{"line":168,"column":12},"end":{"line":170,"column":14}},"105":{"start":{"line":169,"column":16},"end":{"line":169,"column":125}},"106":{"start":{"line":169,"column":29},"end":{"line":169,"column":81}},"107":{"start":{"line":172,"column":12},"end":{"line":174,"column":14}},"108":{"start":{"line":173,"column":16},"end":{"line":173,"column":127}},"109":{"start":{"line":173,"column":29},"end":{"line":173,"column":82}},"110":{"start":{"line":176,"column":12},"end":{"line":178,"column":14}},"111":{"start":{"line":177,"column":16},"end":{"line":177,"column":146}},"112":{"start":{"line":177,"column":29},"end":{"line":177,"column":95}},"113":{"start":{"line":180,"column":12},"end":{"line":182,"column":14}},"114":{"start":{"line":181,"column":16},"end":{"line":181,"column":145}},"115":{"start":{"line":181,"column":29},"end":{"line":181,"column":89}},"116":{"start":{"line":185,"column":12},"end":{"line":187,"column":14}},"117":{"start":{"line":186,"column":16},"end":{"line":186,"column":140}},"118":{"start":{"line":186,"column":29},"end":{"line":186,"column":90}},"119":{"start":{"line":189,"column":12},"end":{"line":191,"column":14}},"120":{"start":{"line":190,"column":16},"end":{"line":190,"column":130}},"121":{"start":{"line":190,"column":29},"end":{"line":190,"column":85}},"122":{"start":{"line":193,"column":12},"end":{"line":195,"column":14}},"123":{"start":{"line":194,"column":16},"end":{"line":194,"column":140}},"124":{"start":{"line":194,"column":29},"end":{"line":194,"column":96}},"125":{"start":{"line":197,"column":12},"end":{"line":199,"column":14}},"126":{"start":{"line":198,"column":16},"end":{"line":198,"column":128}},"127":{"start":{"line":198,"column":29},"end":{"line":198,"column":84}},"128":{"start":{"line":201,"column":12},"end":{"line":203,"column":14}},"129":{"start":{"line":202,"column":16},"end":{"line":202,"column":130}},"130":{"start":{"line":202,"column":29},"end":{"line":202,"column":85}},"131":{"start":{"line":205,"column":12},"end":{"line":207,"column":14}},"132":{"start":{"line":206,"column":16},"end":{"line":206,"column":149}},"133":{"start":{"line":206,"column":29},"end":{"line":206,"column":98}},"134":{"start":{"line":209,"column":12},"end":{"line":211,"column":14}},"135":{"start":{"line":210,"column":16},"end":{"line":210,"column":148}},"136":{"start":{"line":210,"column":29},"end":{"line":210,"column":92}},"137":{"start":{"line":215,"column":8},"end":{"line":302,"column":10}},"138":{"start":{"line":218,"column":12},"end":{"line":224,"column":14}},"139":{"start":{"line":219,"column":16},"end":{"line":221,"column":18}},"140":{"start":{"line":223,"column":16},"end":{"line":223,"column":51}},"141":{"start":{"line":226,"column":12},"end":{"line":244,"column":14}},"142":{"start":{"line":227,"column":47},"end":{"line":227,"column":51}},"143":{"start":{"line":229,"column":29},"end":{"line":229,"column":70}},"144":{"start":{"line":230,"column":27},"end":{"line":230,"column":34}},"145":{"start":{"line":231,"column":30},"end":{"line":231,"column":37}},"146":{"start":{"line":233,"column":16},"end":{"line":233,"column":35}},"147":{"start":{"line":234,"column":16},"end":{"line":234,"column":44}},"148":{"start":{"line":235,"column":16},"end":{"line":235,"column":38}},"149":{"start":{"line":237,"column":30},"end":{"line":237,"column":68}},"150":{"start":{"line":240,"column":32},"end":{"line":240,"column":37}},"151":{"start":{"line":242,"column":16},"end":{"line":242,"column":49}},"152":{"start":{"line":243,"column":16},"end":{"line":243,"column":45}},"153":{"start":{"line":246,"column":12},"end":{"line":248,"column":14}},"154":{"start":{"line":247,"column":16},"end":{"line":247,"column":120}},"155":{"start":{"line":247,"column":29},"end":{"line":247,"column":119}},"156":{"start":{"line":250,"column":12},"end":{"line":252,"column":14}},"157":{"start":{"line":251,"column":16},"end":{"line":251,"column":110}},"158":{"start":{"line":251,"column":29},"end":{"line":251,"column":109}},"159":{"start":{"line":254,"column":12},"end":{"line":256,"column":14}},"160":{"start":{"line":255,"column":16},"end":{"line":255,"column":114}},"161":{"start":{"line":255,"column":29},"end":{"line":255,"column":113}},"162":{"start":{"line":258,"column":12},"end":{"line":260,"column":14}},"163":{"start":{"line":259,"column":16},"end":{"line":259,"column":108}},"164":{"start":{"line":259,"column":29},"end":{"line":259,"column":107}},"165":{"start":{"line":262,"column":12},"end":{"line":264,"column":14}},"166":{"start":{"line":263,"column":16},"end":{"line":263,"column":110}},"167":{"start":{"line":263,"column":29},"end":{"line":263,"column":109}},"168":{"start":{"line":266,"column":12},"end":{"line":268,"column":14}},"169":{"start":{"line":267,"column":16},"end":{"line":267,"column":129}},"170":{"start":{"line":267,"column":29},"end":{"line":267,"column":128}},"171":{"start":{"line":270,"column":12},"end":{"line":272,"column":14}},"172":{"start":{"line":271,"column":16},"end":{"line":271,"column":128}},"173":{"start":{"line":271,"column":29},"end":{"line":271,"column":127}},"174":{"start":{"line":275,"column":12},"end":{"line":277,"column":14}},"175":{"start":{"line":276,"column":16},"end":{"line":276,"column":120}},"176":{"start":{"line":276,"column":29},"end":{"line":276,"column":119}},"177":{"start":{"line":279,"column":12},"end":{"line":281,"column":14}},"178":{"start":{"line":280,"column":16},"end":{"line":280,"column":110}},"179":{"start":{"line":280,"column":29},"end":{"line":280,"column":109}},"180":{"start":{"line":283,"column":12},"end":{"line":285,"column":14}},"181":{"start":{"line":284,"column":16},"end":{"line":284,"column":114}},"182":{"start":{"line":284,"column":29},"end":{"line":284,"column":113}},"183":{"start":{"line":287,"column":12},"end":{"line":289,"column":14}},"184":{"start":{"line":288,"column":16},"end":{"line":288,"column":108}},"185":{"start":{"line":288,"column":29},"end":{"line":288,"column":107}},"186":{"start":{"line":291,"column":12},"end":{"line":293,"column":14}},"187":{"start":{"line":292,"column":16},"end":{"line":292,"column":110}},"188":{"start":{"line":292,"column":29},"end":{"line":292,"column":109}},"189":{"start":{"line":295,"column":12},"end":{"line":297,"column":14}},"190":{"start":{"line":296,"column":16},"end":{"line":296,"column":129}},"191":{"start":{"line":296,"column":29},"end":{"line":296,"column":128}},"192":{"start":{"line":299,"column":12},"end":{"line":301,"column":14}},"193":{"start":{"line":300,"column":16},"end":{"line":300,"column":128}},"194":{"start":{"line":300,"column":29},"end":{"line":300,"column":127}},"195":{"start":{"line":304,"column":8},"end":{"line":364,"column":10}},"196":{"start":{"line":307,"column":12},"end":{"line":314,"column":14}},"197":{"start":{"line":308,"column":33},"end":{"line":308,"column":37}},"198":{"start":{"line":311,"column":16},"end":{"line":311,"column":92}},"199":{"start":{"line":313,"column":16},"end":{"line":313,"column":54}},"200":{"start":{"line":316,"column":12},"end":{"line":335,"column":14}},"201":{"start":{"line":318,"column":30},"end":{"line":318,"column":56}},"202":{"start":{"line":320,"column":16},"end":{"line":320,"column":56}},"203":{"start":{"line":322,"column":64},"end":{"line":322,"column":69}},"204":{"start":{"line":324,"column":30},"end":{"line":324,"column":99}},"205":{"start":{"line":326,"column":16},"end":{"line":326,"column":51}},"206":{"start":{"line":327,"column":29},"end":{"line":327,"column":37}},"207":{"start":{"line":329,"column":16},"end":{"line":329,"column":53}},"208":{"start":{"line":330,"column":16},"end":{"line":330,"column":44}},"209":{"start":{"line":331,"column":16},"end":{"line":331,"column":48}},"210":{"start":{"line":332,"column":16},"end":{"line":332,"column":56}},"211":{"start":{"line":333,"column":16},"end":{"line":333,"column":53}},"212":{"start":{"line":334,"column":16},"end":{"line":334,"column":55}},"213":{"start":{"line":337,"column":12},"end":{"line":339,"column":14}},"214":{"start":{"line":338,"column":16},"end":{"line":338,"column":105}},"215":{"start":{"line":338,"column":29},"end":{"line":338,"column":104}},"216":{"start":{"line":341,"column":12},"end":{"line":343,"column":14}},"217":{"start":{"line":342,"column":16},"end":{"line":342,"column":95}},"218":{"start":{"line":342,"column":29},"end":{"line":342,"column":94}},"219":{"start":{"line":345,"column":12},"end":{"line":347,"column":14}},"220":{"start":{"line":346,"column":16},"end":{"line":346,"column":99}},"221":{"start":{"line":346,"column":29},"end":{"line":346,"column":98}},"222":{"start":{"line":349,"column":12},"end":{"line":351,"column":14}},"223":{"start":{"line":350,"column":16},"end":{"line":350,"column":93}},"224":{"start":{"line":350,"column":29},"end":{"line":350,"column":92}},"225":{"start":{"line":353,"column":12},"end":{"line":355,"column":14}},"226":{"start":{"line":354,"column":16},"end":{"line":354,"column":95}},"227":{"start":{"line":354,"column":29},"end":{"line":354,"column":94}},"228":{"start":{"line":357,"column":12},"end":{"line":359,"column":14}},"229":{"start":{"line":358,"column":16},"end":{"line":358,"column":114}},"230":{"start":{"line":358,"column":29},"end":{"line":358,"column":113}},"231":{"start":{"line":361,"column":12},"end":{"line":363,"column":14}},"232":{"start":{"line":362,"column":16},"end":{"line":362,"column":113}},"233":{"start":{"line":362,"column":29},"end":{"line":362,"column":112}},"234":{"start":{"line":366,"column":8},"end":{"line":786,"column":10}},"235":{"start":{"line":369,"column":12},"end":{"line":375,"column":14}},"236":{"start":{"line":370,"column":16},"end":{"line":370,"column":132}},"237":{"start":{"line":372,"column":16},"end":{"line":372,"column":51}},"238":{"start":{"line":374,"column":16},"end":{"line":374,"column":67}},"239":{"start":{"line":377,"column":12},"end":{"line":397,"column":14}},"240":{"start":{"line":378,"column":62},"end":{"line":378,"column":66}},"241":{"start":{"line":380,"column":32},"end":{"line":380,"column":58}},"242":{"start":{"line":381,"column":33},"end":{"line":381,"column":60}},"243":{"start":{"line":382,"column":36},"end":{"line":382,"column":66}},"244":{"start":{"line":383,"column":36},"end":{"line":383,"column":66}},"245":{"start":{"line":385,"column":16},"end":{"line":385,"column":108}},"246":{"start":{"line":387,"column":30},"end":{"line":387,"column":68}},"247":{"start":{"line":389,"column":30},"end":{"line":389,"column":38}},"248":{"start":{"line":391,"column":16},"end":{"line":391,"column":56}},"249":{"start":{"line":393,"column":16},"end":{"line":393,"column":52}},"250":{"start":{"line":394,"column":16},"end":{"line":394,"column":54}},"251":{"start":{"line":395,"column":16},"end":{"line":395,"column":60}},"252":{"start":{"line":396,"column":16},"end":{"line":396,"column":60}},"253":{"start":{"line":399,"column":12},"end":{"line":416,"column":14}},"254":{"start":{"line":400,"column":64},"end":{"line":400,"column":68}},"255":{"start":{"line":402,"column":32},"end":{"line":402,"column":58}},"256":{"start":{"line":404,"column":16},"end":{"line":415,"column":22}},"257":{"start":{"line":405,"column":32},"end":{"line":405,"column":64}},"258":{"start":{"line":407,"column":38},"end":{"line":407,"column":46}},"259":{"start":{"line":409,"column":24},"end":{"line":409,"column":53}},"260":{"start":{"line":411,"column":24},"end":{"line":411,"column":60}},"261":{"start":{"line":412,"column":24},"end":{"line":412,"column":59}},"262":{"start":{"line":413,"column":24},"end":{"line":413,"column":65}},"263":{"start":{"line":414,"column":24},"end":{"line":414,"column":65}},"264":{"start":{"line":418,"column":12},"end":{"line":435,"column":14}},"265":{"start":{"line":419,"column":64},"end":{"line":419,"column":68}},"266":{"start":{"line":421,"column":33},"end":{"line":421,"column":60}},"267":{"start":{"line":423,"column":16},"end":{"line":434,"column":22}},"268":{"start":{"line":424,"column":32},"end":{"line":424,"column":64}},"269":{"start":{"line":426,"column":39},"end":{"line":426,"column":47}},"270":{"start":{"line":428,"column":24},"end":{"line":428,"column":54}},"271":{"start":{"line":430,"column":24},"end":{"line":430,"column":58}},"272":{"start":{"line":431,"column":24},"end":{"line":431,"column":63}},"273":{"start":{"line":432,"column":24},"end":{"line":432,"column":66}},"274":{"start":{"line":433,"column":24},"end":{"line":433,"column":66}},"275":{"start":{"line":437,"column":12},"end":{"line":454,"column":14}},"276":{"start":{"line":438,"column":64},"end":{"line":438,"column":68}},"277":{"start":{"line":440,"column":36},"end":{"line":440,"column":66}},"278":{"start":{"line":442,"column":16},"end":{"line":453,"column":22}},"279":{"start":{"line":443,"column":32},"end":{"line":443,"column":64}},"280":{"start":{"line":445,"column":39},"end":{"line":445,"column":47}},"281":{"start":{"line":447,"column":24},"end":{"line":447,"column":54}},"282":{"start":{"line":449,"column":24},"end":{"line":449,"column":58}},"283":{"start":{"line":450,"column":24},"end":{"line":450,"column":60}},"284":{"start":{"line":451,"column":24},"end":{"line":451,"column":69}},"285":{"start":{"line":452,"column":24},"end":{"line":452,"column":66}},"286":{"start":{"line":456,"column":12},"end":{"line":473,"column":14}},"287":{"start":{"line":457,"column":64},"end":{"line":457,"column":68}},"288":{"start":{"line":459,"column":36},"end":{"line":459,"column":66}},"289":{"start":{"line":461,"column":16},"end":{"line":472,"column":22}},"290":{"start":{"line":462,"column":32},"end":{"line":462,"column":64}},"291":{"start":{"line":464,"column":39},"end":{"line":464,"column":47}},"292":{"start":{"line":466,"column":24},"end":{"line":466,"column":54}},"293":{"start":{"line":468,"column":24},"end":{"line":468,"column":58}},"294":{"start":{"line":469,"column":24},"end":{"line":469,"column":60}},"295":{"start":{"line":470,"column":24},"end":{"line":470,"column":66}},"296":{"start":{"line":471,"column":24},"end":{"line":471,"column":69}},"297":{"start":{"line":477,"column":12},"end":{"line":481,"column":14}},"298":{"start":{"line":478,"column":64},"end":{"line":478,"column":68}},"299":{"start":{"line":480,"column":16},"end":{"line":480,"column":149}},"300":{"start":{"line":480,"column":29},"end":{"line":480,"column":99}},"301":{"start":{"line":483,"column":12},"end":{"line":487,"column":14}},"302":{"start":{"line":484,"column":64},"end":{"line":484,"column":68}},"303":{"start":{"line":486,"column":16},"end":{"line":486,"column":139}},"304":{"start":{"line":486,"column":29},"end":{"line":486,"column":94}},"305":{"start":{"line":489,"column":12},"end":{"line":493,"column":14}},"306":{"start":{"line":490,"column":64},"end":{"line":490,"column":68}},"307":{"start":{"line":492,"column":16},"end":{"line":492,"column":142}},"308":{"start":{"line":492,"column":29},"end":{"line":492,"column":101}},"309":{"start":{"line":495,"column":12},"end":{"line":499,"column":14}},"310":{"start":{"line":496,"column":64},"end":{"line":496,"column":68}},"311":{"start":{"line":498,"column":16},"end":{"line":498,"column":137}},"312":{"start":{"line":498,"column":29},"end":{"line":498,"column":93}},"313":{"start":{"line":501,"column":12},"end":{"line":505,"column":14}},"314":{"start":{"line":502,"column":64},"end":{"line":502,"column":68}},"315":{"start":{"line":504,"column":16},"end":{"line":504,"column":139}},"316":{"start":{"line":504,"column":29},"end":{"line":504,"column":94}},"317":{"start":{"line":507,"column":12},"end":{"line":511,"column":14}},"318":{"start":{"line":508,"column":64},"end":{"line":508,"column":68}},"319":{"start":{"line":510,"column":16},"end":{"line":510,"column":154}},"320":{"start":{"line":510,"column":29},"end":{"line":510,"column":103}},"321":{"start":{"line":513,"column":12},"end":{"line":517,"column":14}},"322":{"start":{"line":514,"column":64},"end":{"line":514,"column":68}},"323":{"start":{"line":516,"column":16},"end":{"line":516,"column":157}},"324":{"start":{"line":516,"column":29},"end":{"line":516,"column":101}},"325":{"start":{"line":521,"column":12},"end":{"line":527,"column":14}},"326":{"start":{"line":522,"column":64},"end":{"line":522,"column":68}},"327":{"start":{"line":524,"column":16},"end":{"line":525,"column":56}},"328":{"start":{"line":525,"column":32},"end":{"line":525,"column":55}},"329":{"start":{"line":529,"column":12},"end":{"line":534,"column":14}},"330":{"start":{"line":530,"column":64},"end":{"line":530,"column":68}},"331":{"start":{"line":532,"column":16},"end":{"line":533,"column":56}},"332":{"start":{"line":533,"column":32},"end":{"line":533,"column":55}},"333":{"start":{"line":536,"column":12},"end":{"line":540,"column":14}},"334":{"start":{"line":537,"column":64},"end":{"line":537,"column":68}},"335":{"start":{"line":539,"column":16},"end":{"line":539,"column":155}},"336":{"start":{"line":539,"column":29},"end":{"line":539,"column":112}},"337":{"start":{"line":542,"column":12},"end":{"line":546,"column":14}},"338":{"start":{"line":543,"column":64},"end":{"line":543,"column":68}},"339":{"start":{"line":545,"column":16},"end":{"line":545,"column":148}},"340":{"start":{"line":545,"column":29},"end":{"line":545,"column":103}},"341":{"start":{"line":548,"column":12},"end":{"line":552,"column":14}},"342":{"start":{"line":549,"column":64},"end":{"line":549,"column":68}},"343":{"start":{"line":551,"column":16},"end":{"line":551,"column":146}},"344":{"start":{"line":551,"column":29},"end":{"line":551,"column":102}},"345":{"start":{"line":554,"column":12},"end":{"line":558,"column":14}},"346":{"start":{"line":555,"column":64},"end":{"line":555,"column":68}},"347":{"start":{"line":557,"column":16},"end":{"line":557,"column":157}},"348":{"start":{"line":557,"column":29},"end":{"line":557,"column":109}},"349":{"start":{"line":560,"column":12},"end":{"line":564,"column":14}},"350":{"start":{"line":561,"column":64},"end":{"line":561,"column":68}},"351":{"start":{"line":563,"column":16},"end":{"line":563,"column":166}},"352":{"start":{"line":563,"column":29},"end":{"line":563,"column":110}},"353":{"start":{"line":568,"column":12},"end":{"line":574,"column":14}},"354":{"start":{"line":569,"column":64},"end":{"line":569,"column":68}},"355":{"start":{"line":571,"column":16},"end":{"line":572,"column":56}},"356":{"start":{"line":572,"column":32},"end":{"line":572,"column":55}},"357":{"start":{"line":576,"column":12},"end":{"line":581,"column":14}},"358":{"start":{"line":577,"column":64},"end":{"line":577,"column":68}},"359":{"start":{"line":579,"column":16},"end":{"line":580,"column":56}},"360":{"start":{"line":580,"column":32},"end":{"line":580,"column":55}},"361":{"start":{"line":583,"column":12},"end":{"line":587,"column":14}},"362":{"start":{"line":584,"column":64},"end":{"line":584,"column":68}},"363":{"start":{"line":586,"column":16},"end":{"line":586,"column":155}},"364":{"start":{"line":586,"column":29},"end":{"line":586,"column":108}},"365":{"start":{"line":589,"column":12},"end":{"line":593,"column":14}},"366":{"start":{"line":590,"column":64},"end":{"line":590,"column":68}},"367":{"start":{"line":592,"column":16},"end":{"line":592,"column":144}},"368":{"start":{"line":592,"column":29},"end":{"line":592,"column":99}},"369":{"start":{"line":595,"column":12},"end":{"line":599,"column":14}},"370":{"start":{"line":596,"column":64},"end":{"line":596,"column":68}},"371":{"start":{"line":598,"column":16},"end":{"line":598,"column":142}},"372":{"start":{"line":598,"column":29},"end":{"line":598,"column":98}},"373":{"start":{"line":601,"column":12},"end":{"line":605,"column":14}},"374":{"start":{"line":602,"column":64},"end":{"line":602,"column":68}},"375":{"start":{"line":604,"column":16},"end":{"line":604,"column":153}},"376":{"start":{"line":604,"column":29},"end":{"line":604,"column":105}},"377":{"start":{"line":607,"column":12},"end":{"line":611,"column":14}},"378":{"start":{"line":608,"column":64},"end":{"line":608,"column":68}},"379":{"start":{"line":610,"column":16},"end":{"line":610,"column":162}},"380":{"start":{"line":610,"column":29},"end":{"line":610,"column":106}},"381":{"start":{"line":615,"column":12},"end":{"line":621,"column":14}},"382":{"start":{"line":616,"column":64},"end":{"line":616,"column":68}},"383":{"start":{"line":618,"column":16},"end":{"line":619,"column":56}},"384":{"start":{"line":619,"column":32},"end":{"line":619,"column":55}},"385":{"start":{"line":623,"column":12},"end":{"line":628,"column":14}},"386":{"start":{"line":624,"column":64},"end":{"line":624,"column":68}},"387":{"start":{"line":626,"column":16},"end":{"line":627,"column":56}},"388":{"start":{"line":627,"column":32},"end":{"line":627,"column":55}},"389":{"start":{"line":630,"column":12},"end":{"line":634,"column":14}},"390":{"start":{"line":631,"column":64},"end":{"line":631,"column":68}},"391":{"start":{"line":633,"column":16},"end":{"line":633,"column":155}},"392":{"start":{"line":633,"column":29},"end":{"line":633,"column":111}},"393":{"start":{"line":636,"column":12},"end":{"line":640,"column":14}},"394":{"start":{"line":637,"column":64},"end":{"line":637,"column":68}},"395":{"start":{"line":639,"column":16},"end":{"line":639,"column":147}},"396":{"start":{"line":639,"column":29},"end":{"line":639,"column":102}},"397":{"start":{"line":642,"column":12},"end":{"line":646,"column":14}},"398":{"start":{"line":643,"column":64},"end":{"line":643,"column":68}},"399":{"start":{"line":645,"column":16},"end":{"line":645,"column":145}},"400":{"start":{"line":645,"column":29},"end":{"line":645,"column":101}},"401":{"start":{"line":648,"column":12},"end":{"line":652,"column":14}},"402":{"start":{"line":649,"column":64},"end":{"line":649,"column":68}},"403":{"start":{"line":651,"column":16},"end":{"line":651,"column":156}},"404":{"start":{"line":651,"column":29},"end":{"line":651,"column":108}},"405":{"start":{"line":654,"column":12},"end":{"line":658,"column":14}},"406":{"start":{"line":655,"column":64},"end":{"line":655,"column":68}},"407":{"start":{"line":657,"column":16},"end":{"line":657,"column":165}},"408":{"start":{"line":657,"column":29},"end":{"line":657,"column":109}},"409":{"start":{"line":662,"column":12},"end":{"line":668,"column":14}},"410":{"start":{"line":663,"column":64},"end":{"line":663,"column":68}},"411":{"start":{"line":665,"column":16},"end":{"line":666,"column":56}},"412":{"start":{"line":666,"column":32},"end":{"line":666,"column":55}},"413":{"start":{"line":670,"column":12},"end":{"line":675,"column":14}},"414":{"start":{"line":671,"column":64},"end":{"line":671,"column":68}},"415":{"start":{"line":673,"column":16},"end":{"line":674,"column":56}},"416":{"start":{"line":674,"column":32},"end":{"line":674,"column":55}},"417":{"start":{"line":677,"column":12},"end":{"line":681,"column":14}},"418":{"start":{"line":678,"column":64},"end":{"line":678,"column":68}},"419":{"start":{"line":680,"column":16},"end":{"line":680,"column":158}},"420":{"start":{"line":680,"column":29},"end":{"line":680,"column":108}},"421":{"start":{"line":683,"column":12},"end":{"line":687,"column":14}},"422":{"start":{"line":684,"column":64},"end":{"line":684,"column":68}},"423":{"start":{"line":686,"column":16},"end":{"line":686,"column":144}},"424":{"start":{"line":686,"column":29},"end":{"line":686,"column":99}},"425":{"start":{"line":689,"column":12},"end":{"line":693,"column":14}},"426":{"start":{"line":690,"column":64},"end":{"line":690,"column":68}},"427":{"start":{"line":692,"column":16},"end":{"line":692,"column":142}},"428":{"start":{"line":692,"column":29},"end":{"line":692,"column":98}},"429":{"start":{"line":695,"column":12},"end":{"line":699,"column":14}},"430":{"start":{"line":696,"column":64},"end":{"line":696,"column":68}},"431":{"start":{"line":698,"column":16},"end":{"line":698,"column":153}},"432":{"start":{"line":698,"column":29},"end":{"line":698,"column":105}},"433":{"start":{"line":701,"column":12},"end":{"line":705,"column":14}},"434":{"start":{"line":702,"column":64},"end":{"line":702,"column":68}},"435":{"start":{"line":704,"column":16},"end":{"line":704,"column":162}},"436":{"start":{"line":704,"column":29},"end":{"line":704,"column":106}},"437":{"start":{"line":709,"column":12},"end":{"line":713,"column":14}},"438":{"start":{"line":710,"column":64},"end":{"line":710,"column":68}},"439":{"start":{"line":712,"column":16},"end":{"line":712,"column":154}},"440":{"start":{"line":712,"column":29},"end":{"line":712,"column":104}},"441":{"start":{"line":715,"column":12},"end":{"line":719,"column":14}},"442":{"start":{"line":716,"column":64},"end":{"line":716,"column":68}},"443":{"start":{"line":718,"column":16},"end":{"line":718,"column":144}},"444":{"start":{"line":718,"column":29},"end":{"line":718,"column":99}},"445":{"start":{"line":721,"column":12},"end":{"line":725,"column":14}},"446":{"start":{"line":722,"column":64},"end":{"line":722,"column":68}},"447":{"start":{"line":724,"column":16},"end":{"line":724,"column":153}},"448":{"start":{"line":724,"column":29},"end":{"line":724,"column":106}},"449":{"start":{"line":727,"column":12},"end":{"line":731,"column":14}},"450":{"start":{"line":728,"column":64},"end":{"line":728,"column":68}},"451":{"start":{"line":730,"column":16},"end":{"line":730,"column":142}},"452":{"start":{"line":730,"column":29},"end":{"line":730,"column":98}},"453":{"start":{"line":733,"column":12},"end":{"line":737,"column":14}},"454":{"start":{"line":734,"column":64},"end":{"line":734,"column":68}},"455":{"start":{"line":736,"column":16},"end":{"line":736,"column":144}},"456":{"start":{"line":736,"column":29},"end":{"line":736,"column":99}},"457":{"start":{"line":739,"column":12},"end":{"line":743,"column":14}},"458":{"start":{"line":740,"column":64},"end":{"line":740,"column":68}},"459":{"start":{"line":742,"column":16},"end":{"line":742,"column":159}},"460":{"start":{"line":742,"column":29},"end":{"line":742,"column":108}},"461":{"start":{"line":745,"column":12},"end":{"line":749,"column":14}},"462":{"start":{"line":746,"column":64},"end":{"line":746,"column":68}},"463":{"start":{"line":748,"column":16},"end":{"line":748,"column":162}},"464":{"start":{"line":748,"column":29},"end":{"line":748,"column":106}},"465":{"start":{"line":752,"column":12},"end":{"line":785,"column":14}},"466":{"start":{"line":755,"column":16},"end":{"line":762,"column":18}},"467":{"start":{"line":757,"column":20},"end":{"line":757,"column":107}},"468":{"start":{"line":759,"column":20},"end":{"line":759,"column":56}},"469":{"start":{"line":764,"column":16},"end":{"line":784,"column":18}},"470":{"start":{"line":765,"column":68},"end":{"line":765,"column":73}},"471":{"start":{"line":767,"column":20},"end":{"line":783,"column":26}},"472":{"start":{"line":770,"column":28},"end":{"line":770,"column":90}},"473":{"start":{"line":773,"column":28},"end":{"line":782,"column":34}},"474":{"start":{"line":776,"column":36},"end":{"line":776,"column":65}},"475":{"start":{"line":778,"column":36},"end":{"line":778,"column":69}},"476":{"start":{"line":779,"column":36},"end":{"line":779,"column":71}},"477":{"start":{"line":780,"column":36},"end":{"line":780,"column":77}},"478":{"start":{"line":781,"column":36},"end":{"line":781,"column":77}},"479":{"start":{"line":788,"column":8},"end":{"line":866,"column":10}},"480":{"start":{"line":791,"column":12},"end":{"line":801,"column":14}},"481":{"start":{"line":792,"column":16},"end":{"line":792,"column":214}},"482":{"start":{"line":794,"column":16},"end":{"line":794,"column":51}},"483":{"start":{"line":796,"column":16},"end":{"line":796,"column":97}},"484":{"start":{"line":798,"column":16},"end":{"line":798,"column":101}},"485":{"start":{"line":800,"column":16},"end":{"line":800,"column":67}},"486":{"start":{"line":803,"column":12},"end":{"line":837,"column":14}},"487":{"start":{"line":804,"column":27},"end":{"line":804,"column":45}},"488":{"start":{"line":806,"column":30},"end":{"line":806,"column":61}},"489":{"start":{"line":808,"column":31},"end":{"line":808,"column":99}},"490":{"start":{"line":809,"column":35},"end":{"line":809,"column":107}},"491":{"start":{"line":811,"column":16},"end":{"line":811,"column":38}},"492":{"start":{"line":812,"column":16},"end":{"line":812,"column":56}},"493":{"start":{"line":814,"column":16},"end":{"line":814,"column":50}},"494":{"start":{"line":816,"column":16},"end":{"line":816,"column":54}},"495":{"start":{"line":817,"column":16},"end":{"line":817,"column":56}},"496":{"start":{"line":818,"column":16},"end":{"line":818,"column":62}},"497":{"start":{"line":820,"column":16},"end":{"line":820,"column":56}},"498":{"start":{"line":821,"column":16},"end":{"line":821,"column":52}},"499":{"start":{"line":822,"column":16},"end":{"line":822,"column":58}},"500":{"start":{"line":823,"column":16},"end":{"line":823,"column":58}},"501":{"start":{"line":824,"column":16},"end":{"line":824,"column":58}},"502":{"start":{"line":825,"column":16},"end":{"line":825,"column":58}},"503":{"start":{"line":826,"column":16},"end":{"line":826,"column":68}},"504":{"start":{"line":827,"column":16},"end":{"line":827,"column":62}},"505":{"start":{"line":828,"column":16},"end":{"line":828,"column":56}},"506":{"start":{"line":829,"column":16},"end":{"line":829,"column":54}},"507":{"start":{"line":831,"column":16},"end":{"line":831,"column":47}},"508":{"start":{"line":832,"column":16},"end":{"line":832,"column":70}},"509":{"start":{"line":834,"column":16},"end":{"line":834,"column":51}},"510":{"start":{"line":835,"column":16},"end":{"line":835,"column":78}},"511":{"start":{"line":839,"column":12},"end":{"line":841,"column":14}},"512":{"start":{"line":840,"column":16},"end":{"line":840,"column":111}},"513":{"start":{"line":840,"column":29},"end":{"line":840,"column":110}},"514":{"start":{"line":843,"column":12},"end":{"line":845,"column":14}},"515":{"start":{"line":844,"column":16},"end":{"line":844,"column":101}},"516":{"start":{"line":844,"column":29},"end":{"line":844,"column":100}},"517":{"start":{"line":847,"column":12},"end":{"line":849,"column":14}},"518":{"start":{"line":848,"column":16},"end":{"line":848,"column":110}},"519":{"start":{"line":848,"column":29},"end":{"line":848,"column":109}},"520":{"start":{"line":851,"column":12},"end":{"line":853,"column":14}},"521":{"start":{"line":852,"column":16},"end":{"line":852,"column":99}},"522":{"start":{"line":852,"column":29},"end":{"line":852,"column":98}},"523":{"start":{"line":855,"column":12},"end":{"line":857,"column":14}},"524":{"start":{"line":856,"column":16},"end":{"line":856,"column":101}},"525":{"start":{"line":856,"column":29},"end":{"line":856,"column":100}},"526":{"start":{"line":859,"column":12},"end":{"line":861,"column":14}},"527":{"start":{"line":860,"column":16},"end":{"line":860,"column":120}},"528":{"start":{"line":860,"column":29},"end":{"line":860,"column":119}},"529":{"start":{"line":863,"column":12},"end":{"line":865,"column":14}},"530":{"start":{"line":864,"column":16},"end":{"line":864,"column":119}},"531":{"start":{"line":864,"column":29},"end":{"line":864,"column":118}},"532":{"start":{"line":868,"column":8},"end":{"line":1083,"column":10}},"533":{"start":{"line":871,"column":12},"end":{"line":877,"column":14}},"534":{"start":{"line":872,"column":16},"end":{"line":872,"column":214}},"535":{"start":{"line":874,"column":16},"end":{"line":874,"column":51}},"536":{"start":{"line":876,"column":29},"end":{"line":876,"column":80}},"537":{"start":{"line":879,"column":12},"end":{"line":939,"column":14}},"538":{"start":{"line":880,"column":99},"end":{"line":880,"column":103}},"539":{"start":{"line":882,"column":16},"end":{"line":882,"column":59}},"540":{"start":{"line":883,"column":16},"end":{"line":883,"column":52}},"541":{"start":{"line":884,"column":16},"end":{"line":884,"column":59}},"542":{"start":{"line":885,"column":16},"end":{"line":885,"column":55}},"543":{"start":{"line":886,"column":16},"end":{"line":886,"column":61}},"544":{"start":{"line":887,"column":16},"end":{"line":887,"column":58}},"545":{"start":{"line":888,"column":16},"end":{"line":888,"column":58}},"546":{"start":{"line":889,"column":16},"end":{"line":889,"column":34}},"547":{"start":{"line":890,"column":16},"end":{"line":890,"column":71}},"548":{"start":{"line":891,"column":16},"end":{"line":891,"column":36}},"549":{"start":{"line":892,"column":16},"end":{"line":892,"column":33}},"550":{"start":{"line":893,"column":16},"end":{"line":893,"column":57}},"551":{"start":{"line":896,"column":16},"end":{"line":896,"column":53}},"552":{"start":{"line":897,"column":16},"end":{"line":897,"column":78}},"553":{"start":{"line":900,"column":28},"end":{"line":900,"column":222}},"554":{"start":{"line":902,"column":30},"end":{"line":902,"column":83}},"555":{"start":{"line":904,"column":31},"end":{"line":904,"column":94}},"556":{"start":{"line":906,"column":32},"end":{"line":906,"column":99}},"557":{"start":{"line":908,"column":30},"end":{"line":908,"column":38}},"558":{"start":{"line":910,"column":16},"end":{"line":910,"column":56}},"559":{"start":{"line":912,"column":16},"end":{"line":912,"column":52}},"560":{"start":{"line":913,"column":16},"end":{"line":913,"column":54}},"561":{"start":{"line":914,"column":16},"end":{"line":914,"column":57}},"562":{"start":{"line":915,"column":16},"end":{"line":915,"column":57}},"563":{"start":{"line":917,"column":16},"end":{"line":917,"column":54}},"564":{"start":{"line":918,"column":16},"end":{"line":918,"column":50}},"565":{"start":{"line":919,"column":16},"end":{"line":919,"column":56}},"566":{"start":{"line":920,"column":16},"end":{"line":920,"column":56}},"567":{"start":{"line":921,"column":16},"end":{"line":921,"column":56}},"568":{"start":{"line":922,"column":16},"end":{"line":922,"column":51}},"569":{"start":{"line":923,"column":16},"end":{"line":923,"column":66}},"570":{"start":{"line":924,"column":16},"end":{"line":924,"column":53}},"571":{"start":{"line":925,"column":16},"end":{"line":925,"column":50}},"572":{"start":{"line":926,"column":16},"end":{"line":926,"column":52}},"573":{"start":{"line":928,"column":16},"end":{"line":931,"column":18}},"574":{"start":{"line":929,"column":20},"end":{"line":929,"column":57}},"575":{"start":{"line":930,"column":20},"end":{"line":930,"column":72}},"576":{"start":{"line":934,"column":16},"end":{"line":937,"column":18}},"577":{"start":{"line":935,"column":20},"end":{"line":935,"column":58}},"578":{"start":{"line":936,"column":20},"end":{"line":936,"column":76}},"579":{"start":{"line":941,"column":12},"end":{"line":988,"column":14}},"580":{"start":{"line":942,"column":155},"end":{"line":942,"column":159}},"581":{"start":{"line":944,"column":32},"end":{"line":944,"column":57}},"582":{"start":{"line":945,"column":35},"end":{"line":945,"column":82}},"583":{"start":{"line":947,"column":16},"end":{"line":947,"column":59}},"584":{"start":{"line":950,"column":16},"end":{"line":950,"column":157}},"585":{"start":{"line":952,"column":30},"end":{"line":952,"column":68}},"586":{"start":{"line":954,"column":30},"end":{"line":954,"column":38}},"587":{"start":{"line":956,"column":16},"end":{"line":956,"column":56}},"588":{"start":{"line":959,"column":16},"end":{"line":959,"column":49}},"589":{"start":{"line":960,"column":16},"end":{"line":960,"column":54}},"590":{"start":{"line":961,"column":16},"end":{"line":961,"column":57}},"591":{"start":{"line":962,"column":16},"end":{"line":962,"column":57}},"592":{"start":{"line":964,"column":16},"end":{"line":964,"column":51}},"593":{"start":{"line":965,"column":16},"end":{"line":965,"column":47}},"594":{"start":{"line":966,"column":16},"end":{"line":966,"column":53}},"595":{"start":{"line":967,"column":16},"end":{"line":967,"column":53}},"596":{"start":{"line":968,"column":16},"end":{"line":968,"column":53}},"597":{"start":{"line":969,"column":16},"end":{"line":969,"column":53}},"598":{"start":{"line":970,"column":16},"end":{"line":970,"column":63}},"599":{"start":{"line":971,"column":16},"end":{"line":971,"column":57}},"600":{"start":{"line":972,"column":16},"end":{"line":972,"column":51}},"601":{"start":{"line":973,"column":16},"end":{"line":973,"column":49}},"602":{"start":{"line":975,"column":31},"end":{"line":975,"column":94}},"603":{"start":{"line":977,"column":16},"end":{"line":980,"column":18}},"604":{"start":{"line":978,"column":20},"end":{"line":978,"column":57}},"605":{"start":{"line":979,"column":20},"end":{"line":979,"column":72}},"606":{"start":{"line":982,"column":32},"end":{"line":982,"column":99}},"607":{"start":{"line":984,"column":16},"end":{"line":987,"column":18}},"608":{"start":{"line":985,"column":20},"end":{"line":985,"column":58}},"609":{"start":{"line":986,"column":20},"end":{"line":986,"column":76}},"610":{"start":{"line":990,"column":12},"end":{"line":1036,"column":14}},"611":{"start":{"line":991,"column":155},"end":{"line":991,"column":159}},"612":{"start":{"line":993,"column":16},"end":{"line":993,"column":59}},"613":{"start":{"line":995,"column":32},"end":{"line":995,"column":57}},"614":{"start":{"line":996,"column":35},"end":{"line":996,"column":82}},"615":{"start":{"line":998,"column":16},"end":{"line":998,"column":157}},"616":{"start":{"line":1000,"column":30},"end":{"line":1000,"column":68}},"617":{"start":{"line":1002,"column":30},"end":{"line":1002,"column":38}},"618":{"start":{"line":1004,"column":16},"end":{"line":1004,"column":56}},"619":{"start":{"line":1006,"column":16},"end":{"line":1006,"column":49}},"620":{"start":{"line":1007,"column":16},"end":{"line":1007,"column":57}},"621":{"start":{"line":1008,"column":16},"end":{"line":1008,"column":51}},"622":{"start":{"line":1009,"column":16},"end":{"line":1009,"column":57}},"623":{"start":{"line":1011,"column":16},"end":{"line":1011,"column":54}},"624":{"start":{"line":1013,"column":16},"end":{"line":1013,"column":47}},"625":{"start":{"line":1014,"column":16},"end":{"line":1014,"column":53}},"626":{"start":{"line":1015,"column":16},"end":{"line":1015,"column":53}},"627":{"start":{"line":1016,"column":16},"end":{"line":1016,"column":53}},"628":{"start":{"line":1017,"column":16},"end":{"line":1017,"column":53}},"629":{"start":{"line":1018,"column":16},"end":{"line":1018,"column":63}},"630":{"start":{"line":1019,"column":16},"end":{"line":1019,"column":57}},"631":{"start":{"line":1020,"column":16},"end":{"line":1020,"column":51}},"632":{"start":{"line":1021,"column":16},"end":{"line":1021,"column":49}},"633":{"start":{"line":1023,"column":31},"end":{"line":1023,"column":94}},"634":{"start":{"line":1025,"column":16},"end":{"line":1028,"column":18}},"635":{"start":{"line":1026,"column":20},"end":{"line":1026,"column":57}},"636":{"start":{"line":1027,"column":20},"end":{"line":1027,"column":72}},"637":{"start":{"line":1030,"column":32},"end":{"line":1030,"column":99}},"638":{"start":{"line":1032,"column":16},"end":{"line":1035,"column":18}},"639":{"start":{"line":1033,"column":20},"end":{"line":1033,"column":58}},"640":{"start":{"line":1034,"column":20},"end":{"line":1034,"column":76}},"641":{"start":{"line":1040,"column":12},"end":{"line":1044,"column":14}},"642":{"start":{"line":1041,"column":64},"end":{"line":1041,"column":68}},"643":{"start":{"line":1043,"column":16},"end":{"line":1043,"column":122}},"644":{"start":{"line":1043,"column":29},"end":{"line":1043,"column":72}},"645":{"start":{"line":1046,"column":12},"end":{"line":1050,"column":14}},"646":{"start":{"line":1047,"column":64},"end":{"line":1047,"column":68}},"647":{"start":{"line":1049,"column":16},"end":{"line":1049,"column":112}},"648":{"start":{"line":1049,"column":29},"end":{"line":1049,"column":67}},"649":{"start":{"line":1052,"column":12},"end":{"line":1056,"column":14}},"650":{"start":{"line":1053,"column":64},"end":{"line":1053,"column":68}},"651":{"start":{"line":1055,"column":16},"end":{"line":1055,"column":119}},"652":{"start":{"line":1055,"column":29},"end":{"line":1055,"column":78}},"653":{"start":{"line":1058,"column":12},"end":{"line":1062,"column":14}},"654":{"start":{"line":1059,"column":64},"end":{"line":1059,"column":68}},"655":{"start":{"line":1061,"column":16},"end":{"line":1061,"column":110}},"656":{"start":{"line":1061,"column":29},"end":{"line":1061,"column":66}},"657":{"start":{"line":1064,"column":12},"end":{"line":1068,"column":14}},"658":{"start":{"line":1065,"column":64},"end":{"line":1065,"column":68}},"659":{"start":{"line":1067,"column":16},"end":{"line":1067,"column":112}},"660":{"start":{"line":1067,"column":29},"end":{"line":1067,"column":67}},"661":{"start":{"line":1070,"column":12},"end":{"line":1074,"column":14}},"662":{"start":{"line":1071,"column":64},"end":{"line":1071,"column":68}},"663":{"start":{"line":1073,"column":16},"end":{"line":1073,"column":127}},"664":{"start":{"line":1073,"column":29},"end":{"line":1073,"column":76}},"665":{"start":{"line":1076,"column":12},"end":{"line":1080,"column":14}},"666":{"start":{"line":1077,"column":64},"end":{"line":1077,"column":68}},"667":{"start":{"line":1079,"column":16},"end":{"line":1079,"column":130}},"668":{"start":{"line":1079,"column":29},"end":{"line":1079,"column":74}},"669":{"start":{"line":1085,"column":8},"end":{"line":1326,"column":10}},"670":{"start":{"line":1088,"column":12},"end":{"line":1102,"column":14}},"671":{"start":{"line":1089,"column":16},"end":{"line":1089,"column":215}},"672":{"start":{"line":1091,"column":16},"end":{"line":1091,"column":52}},"673":{"start":{"line":1093,"column":16},"end":{"line":1093,"column":229}},"674":{"start":{"line":1095,"column":16},"end":{"line":1095,"column":52}},"675":{"start":{"line":1097,"column":16},"end":{"line":1097,"column":216}},"676":{"start":{"line":1099,"column":16},"end":{"line":1099,"column":52}},"677":{"start":{"line":1101,"column":16},"end":{"line":1101,"column":69}},"678":{"start":{"line":1104,"column":12},"end":{"line":1129,"column":14}},"679":{"start":{"line":1105,"column":30},"end":{"line":1105,"column":44}},"680":{"start":{"line":1108,"column":32},"end":{"line":1108,"column":78}},"681":{"start":{"line":1109,"column":31},"end":{"line":1109,"column":41}},"682":{"start":{"line":1111,"column":16},"end":{"line":1111,"column":39}},"683":{"start":{"line":1113,"column":28},"end":{"line":1113,"column":74}},"684":{"start":{"line":1115,"column":30},"end":{"line":1115,"column":53}},"685":{"start":{"line":1117,"column":29},"end":{"line":1117,"column":37}},"686":{"start":{"line":1119,"column":16},"end":{"line":1119,"column":57}},"687":{"start":{"line":1120,"column":16},"end":{"line":1120,"column":66}},"688":{"start":{"line":1121,"column":16},"end":{"line":1121,"column":54}},"689":{"start":{"line":1122,"column":16},"end":{"line":1122,"column":56}},"690":{"start":{"line":1123,"column":16},"end":{"line":1123,"column":62}},"691":{"start":{"line":1124,"column":16},"end":{"line":1124,"column":72}},"692":{"start":{"line":1126,"column":16},"end":{"line":1126,"column":89}},"693":{"start":{"line":1127,"column":16},"end":{"line":1127,"column":93}},"694":{"start":{"line":1131,"column":12},"end":{"line":1185,"column":14}},"695":{"start":{"line":1132,"column":16},"end":{"line":1132,"column":98}},"696":{"start":{"line":1134,"column":16},"end":{"line":1134,"column":98}},"697":{"start":{"line":1135,"column":16},"end":{"line":1135,"column":102}},"698":{"start":{"line":1136,"column":16},"end":{"line":1136,"column":102}},"699":{"start":{"line":1137,"column":31},"end":{"line":1137,"column":51}},"700":{"start":{"line":1138,"column":33},"end":{"line":1138,"column":55}},"701":{"start":{"line":1139,"column":30},"end":{"line":1139,"column":90}},"702":{"start":{"line":1140,"column":33},"end":{"line":1140,"column":37}},"703":{"start":{"line":1143,"column":32},"end":{"line":1143,"column":78}},"704":{"start":{"line":1145,"column":31},"end":{"line":1145,"column":41}},"705":{"start":{"line":1147,"column":16},"end":{"line":1147,"column":39}},"706":{"start":{"line":1149,"column":28},"end":{"line":1166,"column":17}},"707":{"start":{"line":1168,"column":30},"end":{"line":1168,"column":53}},"708":{"start":{"line":1170,"column":29},"end":{"line":1170,"column":37}},"709":{"start":{"line":1172,"column":16},"end":{"line":1172,"column":57}},"710":{"start":{"line":1173,"column":16},"end":{"line":1173,"column":66}},"711":{"start":{"line":1175,"column":16},"end":{"line":1175,"column":54}},"712":{"start":{"line":1176,"column":16},"end":{"line":1176,"column":56}},"713":{"start":{"line":1177,"column":16},"end":{"line":1177,"column":62}},"714":{"start":{"line":1178,"column":16},"end":{"line":1178,"column":72}},"715":{"start":{"line":1180,"column":16},"end":{"line":1180,"column":84}},"716":{"start":{"line":1181,"column":16},"end":{"line":1181,"column":102}},"717":{"start":{"line":1183,"column":16},"end":{"line":1183,"column":92}},"718":{"start":{"line":1184,"column":16},"end":{"line":1184,"column":110}},"719":{"start":{"line":1187,"column":12},"end":{"line":1253,"column":14}},"720":{"start":{"line":1190,"column":16},"end":{"line":1190,"column":98}},"721":{"start":{"line":1192,"column":16},"end":{"line":1192,"column":98}},"722":{"start":{"line":1193,"column":16},"end":{"line":1193,"column":102}},"723":{"start":{"line":1194,"column":16},"end":{"line":1194,"column":102}},"724":{"start":{"line":1196,"column":31},"end":{"line":1196,"column":51}},"725":{"start":{"line":1197,"column":33},"end":{"line":1197,"column":55}},"726":{"start":{"line":1199,"column":30},"end":{"line":1199,"column":136}},"727":{"start":{"line":1200,"column":33},"end":{"line":1200,"column":37}},"728":{"start":{"line":1202,"column":32},"end":{"line":1202,"column":78}},"729":{"start":{"line":1204,"column":31},"end":{"line":1204,"column":41}},"730":{"start":{"line":1206,"column":16},"end":{"line":1206,"column":39}},"731":{"start":{"line":1208,"column":28},"end":{"line":1231,"column":17}},"732":{"start":{"line":1233,"column":30},"end":{"line":1233,"column":53}},"733":{"start":{"line":1235,"column":29},"end":{"line":1235,"column":37}},"734":{"start":{"line":1237,"column":16},"end":{"line":1237,"column":57}},"735":{"start":{"line":1238,"column":16},"end":{"line":1238,"column":66}},"736":{"start":{"line":1240,"column":16},"end":{"line":1240,"column":54}},"737":{"start":{"line":1241,"column":16},"end":{"line":1241,"column":56}},"738":{"start":{"line":1242,"column":16},"end":{"line":1242,"column":62}},"739":{"start":{"line":1243,"column":16},"end":{"line":1243,"column":72}},"740":{"start":{"line":1245,"column":16},"end":{"line":1245,"column":62}},"741":{"start":{"line":1247,"column":16},"end":{"line":1247,"column":84}},"742":{"start":{"line":1248,"column":16},"end":{"line":1248,"column":102}},"743":{"start":{"line":1250,"column":16},"end":{"line":1250,"column":92}},"744":{"start":{"line":1251,"column":16},"end":{"line":1251,"column":110}},"745":{"start":{"line":1256,"column":12},"end":{"line":1259,"column":14}},"746":{"start":{"line":1258,"column":16},"end":{"line":1258,"column":123}},"747":{"start":{"line":1258,"column":29},"end":{"line":1258,"column":122}},"748":{"start":{"line":1261,"column":12},"end":{"line":1264,"column":14}},"749":{"start":{"line":1263,"column":16},"end":{"line":1263,"column":113}},"750":{"start":{"line":1263,"column":29},"end":{"line":1263,"column":112}},"751":{"start":{"line":1266,"column":12},"end":{"line":1269,"column":14}},"752":{"start":{"line":1268,"column":16},"end":{"line":1268,"column":126}},"753":{"start":{"line":1268,"column":29},"end":{"line":1268,"column":125}},"754":{"start":{"line":1271,"column":12},"end":{"line":1274,"column":14}},"755":{"start":{"line":1273,"column":16},"end":{"line":1273,"column":111}},"756":{"start":{"line":1273,"column":29},"end":{"line":1273,"column":110}},"757":{"start":{"line":1276,"column":12},"end":{"line":1279,"column":14}},"758":{"start":{"line":1278,"column":16},"end":{"line":1278,"column":113}},"759":{"start":{"line":1278,"column":29},"end":{"line":1278,"column":112}},"760":{"start":{"line":1281,"column":12},"end":{"line":1284,"column":14}},"761":{"start":{"line":1283,"column":16},"end":{"line":1283,"column":128}},"762":{"start":{"line":1283,"column":29},"end":{"line":1283,"column":127}},"763":{"start":{"line":1286,"column":12},"end":{"line":1289,"column":14}},"764":{"start":{"line":1288,"column":16},"end":{"line":1288,"column":130}},"765":{"start":{"line":1288,"column":29},"end":{"line":1288,"column":129}},"766":{"start":{"line":1291,"column":12},"end":{"line":1294,"column":14}},"767":{"start":{"line":1292,"column":30},"end":{"line":1292,"column":44}},"768":{"start":{"line":1293,"column":16},"end":{"line":1293,"column":109}},"769":{"start":{"line":1293,"column":29},"end":{"line":1293,"column":108}},"770":{"start":{"line":1296,"column":12},"end":{"line":1299,"column":14}},"771":{"start":{"line":1297,"column":30},"end":{"line":1297,"column":44}},"772":{"start":{"line":1298,"column":16},"end":{"line":1298,"column":99}},"773":{"start":{"line":1298,"column":29},"end":{"line":1298,"column":98}},"774":{"start":{"line":1301,"column":12},"end":{"line":1304,"column":14}},"775":{"start":{"line":1302,"column":30},"end":{"line":1302,"column":44}},"776":{"start":{"line":1303,"column":16},"end":{"line":1303,"column":109}},"777":{"start":{"line":1303,"column":29},"end":{"line":1303,"column":108}},"778":{"start":{"line":1306,"column":12},"end":{"line":1309,"column":14}},"779":{"start":{"line":1307,"column":30},"end":{"line":1307,"column":44}},"780":{"start":{"line":1308,"column":16},"end":{"line":1308,"column":97}},"781":{"start":{"line":1308,"column":29},"end":{"line":1308,"column":96}},"782":{"start":{"line":1311,"column":12},"end":{"line":1314,"column":14}},"783":{"start":{"line":1312,"column":30},"end":{"line":1312,"column":44}},"784":{"start":{"line":1313,"column":16},"end":{"line":1313,"column":99}},"785":{"start":{"line":1313,"column":29},"end":{"line":1313,"column":98}},"786":{"start":{"line":1316,"column":12},"end":{"line":1319,"column":14}},"787":{"start":{"line":1317,"column":30},"end":{"line":1317,"column":44}},"788":{"start":{"line":1318,"column":16},"end":{"line":1318,"column":114}},"789":{"start":{"line":1318,"column":29},"end":{"line":1318,"column":113}},"790":{"start":{"line":1321,"column":12},"end":{"line":1324,"column":14}},"791":{"start":{"line":1322,"column":30},"end":{"line":1322,"column":44}},"792":{"start":{"line":1323,"column":16},"end":{"line":1323,"column":117}},"793":{"start":{"line":1323,"column":29},"end":{"line":1323,"column":116}},"794":{"start":{"line":1328,"column":8},"end":{"line":1404,"column":10}},"795":{"start":{"line":1331,"column":12},"end":{"line":1355,"column":14}},"796":{"start":{"line":1332,"column":16},"end":{"line":1332,"column":214}},"797":{"start":{"line":1334,"column":16},"end":{"line":1334,"column":51}},"798":{"start":{"line":1336,"column":16},"end":{"line":1336,"column":216}},"799":{"start":{"line":1338,"column":16},"end":{"line":1338,"column":52}},"800":{"start":{"line":1340,"column":16},"end":{"line":1340,"column":46}},"801":{"start":{"line":1342,"column":16},"end":{"line":1344,"column":18}},"802":{"start":{"line":1346,"column":16},"end":{"line":1346,"column":54}},"803":{"start":{"line":1348,"column":16},"end":{"line":1348,"column":104}},"804":{"start":{"line":1350,"column":16},"end":{"line":1350,"column":97}},"805":{"start":{"line":1351,"column":16},"end":{"line":1351,"column":101}},"806":{"start":{"line":1353,"column":16},"end":{"line":1353,"column":67}},"807":{"start":{"line":1357,"column":12},"end":{"line":1375,"column":14}},"808":{"start":{"line":1360,"column":16},"end":{"line":1360,"column":61}},"809":{"start":{"line":1362,"column":30},"end":{"line":1362,"column":89}},"810":{"start":{"line":1363,"column":16},"end":{"line":1363,"column":42}},"811":{"start":{"line":1365,"column":31},"end":{"line":1365,"column":81}},"812":{"start":{"line":1366,"column":35},"end":{"line":1366,"column":89}},"813":{"start":{"line":1368,"column":38},"end":{"line":1368,"column":95}},"814":{"start":{"line":1369,"column":33},"end":{"line":1369,"column":85}},"815":{"start":{"line":1371,"column":16},"end":{"line":1371,"column":52}},"816":{"start":{"line":1372,"column":16},"end":{"line":1372,"column":56}},"817":{"start":{"line":1373,"column":16},"end":{"line":1373,"column":59}},"818":{"start":{"line":1374,"column":16},"end":{"line":1374,"column":54}},"819":{"start":{"line":1377,"column":12},"end":{"line":1379,"column":14}},"820":{"start":{"line":1378,"column":16},"end":{"line":1378,"column":109}},"821":{"start":{"line":1378,"column":29},"end":{"line":1378,"column":108}},"822":{"start":{"line":1381,"column":12},"end":{"line":1383,"column":14}},"823":{"start":{"line":1382,"column":16},"end":{"line":1382,"column":99}},"824":{"start":{"line":1382,"column":29},"end":{"line":1382,"column":98}},"825":{"start":{"line":1385,"column":12},"end":{"line":1387,"column":14}},"826":{"start":{"line":1386,"column":16},"end":{"line":1386,"column":108}},"827":{"start":{"line":1386,"column":29},"end":{"line":1386,"column":107}},"828":{"start":{"line":1389,"column":12},"end":{"line":1391,"column":14}},"829":{"start":{"line":1390,"column":16},"end":{"line":1390,"column":97}},"830":{"start":{"line":1390,"column":29},"end":{"line":1390,"column":96}},"831":{"start":{"line":1393,"column":12},"end":{"line":1395,"column":14}},"832":{"start":{"line":1394,"column":16},"end":{"line":1394,"column":99}},"833":{"start":{"line":1394,"column":29},"end":{"line":1394,"column":98}},"834":{"start":{"line":1397,"column":12},"end":{"line":1399,"column":14}},"835":{"start":{"line":1398,"column":16},"end":{"line":1398,"column":118}},"836":{"start":{"line":1398,"column":29},"end":{"line":1398,"column":117}},"837":{"start":{"line":1401,"column":12},"end":{"line":1403,"column":14}},"838":{"start":{"line":1402,"column":16},"end":{"line":1402,"column":117}},"839":{"start":{"line":1402,"column":29},"end":{"line":1402,"column":116}},"840":{"start":{"line":1408,"column":4},"end":{"line":1853,"column":6}},"841":{"start":{"line":1410,"column":8},"end":{"line":1543,"column":10}},"842":{"start":{"line":1413,"column":12},"end":{"line":1431,"column":14}},"843":{"start":{"line":1415,"column":16},"end":{"line":1417,"column":18}},"844":{"start":{"line":1419,"column":16},"end":{"line":1419,"column":51}},"845":{"start":{"line":1421,"column":16},"end":{"line":1423,"column":18}},"846":{"start":{"line":1425,"column":16},"end":{"line":1425,"column":52}},"847":{"start":{"line":1427,"column":16},"end":{"line":1427,"column":46}},"848":{"start":{"line":1429,"column":16},"end":{"line":1429,"column":67}},"849":{"start":{"line":1433,"column":12},"end":{"line":1457,"column":14}},"850":{"start":{"line":1434,"column":29},"end":{"line":1434,"column":39}},"851":{"start":{"line":1436,"column":16},"end":{"line":1436,"column":83}},"852":{"start":{"line":1438,"column":33},"end":{"line":1438,"column":74}},"853":{"start":{"line":1440,"column":16},"end":{"line":1440,"column":54}},"854":{"start":{"line":1441,"column":32},"end":{"line":1441,"column":43}},"855":{"start":{"line":1442,"column":16},"end":{"line":1442,"column":58}},"856":{"start":{"line":1444,"column":16},"end":{"line":1444,"column":62}},"857":{"start":{"line":1446,"column":16},"end":{"line":1446,"column":62}},"858":{"start":{"line":1447,"column":16},"end":{"line":1447,"column":54}},"859":{"start":{"line":1448,"column":16},"end":{"line":1448,"column":81}},"860":{"start":{"line":1450,"column":38},"end":{"line":1450,"column":84}},"861":{"start":{"line":1451,"column":16},"end":{"line":1451,"column":59}},"862":{"start":{"line":1453,"column":37},"end":{"line":1453,"column":53}},"863":{"start":{"line":1454,"column":16},"end":{"line":1454,"column":63}},"864":{"start":{"line":1455,"column":16},"end":{"line":1455,"column":66}},"865":{"start":{"line":1456,"column":16},"end":{"line":1456,"column":67}},"866":{"start":{"line":1459,"column":12},"end":{"line":1461,"column":14}},"867":{"start":{"line":1460,"column":16},"end":{"line":1460,"column":107}},"868":{"start":{"line":1460,"column":29},"end":{"line":1460,"column":106}},"869":{"start":{"line":1463,"column":12},"end":{"line":1465,"column":14}},"870":{"start":{"line":1464,"column":16},"end":{"line":1464,"column":97}},"871":{"start":{"line":1464,"column":29},"end":{"line":1464,"column":96}},"872":{"start":{"line":1467,"column":12},"end":{"line":1469,"column":14}},"873":{"start":{"line":1468,"column":16},"end":{"line":1468,"column":106}},"874":{"start":{"line":1468,"column":29},"end":{"line":1468,"column":105}},"875":{"start":{"line":1471,"column":12},"end":{"line":1473,"column":14}},"876":{"start":{"line":1472,"column":16},"end":{"line":1472,"column":95}},"877":{"start":{"line":1472,"column":29},"end":{"line":1472,"column":94}},"878":{"start":{"line":1475,"column":12},"end":{"line":1477,"column":14}},"879":{"start":{"line":1476,"column":16},"end":{"line":1476,"column":97}},"880":{"start":{"line":1476,"column":29},"end":{"line":1476,"column":96}},"881":{"start":{"line":1479,"column":12},"end":{"line":1481,"column":14}},"882":{"start":{"line":1480,"column":16},"end":{"line":1480,"column":116}},"883":{"start":{"line":1480,"column":29},"end":{"line":1480,"column":115}},"884":{"start":{"line":1483,"column":12},"end":{"line":1485,"column":14}},"885":{"start":{"line":1484,"column":16},"end":{"line":1484,"column":115}},"886":{"start":{"line":1484,"column":29},"end":{"line":1484,"column":114}},"887":{"start":{"line":1487,"column":12},"end":{"line":1489,"column":14}},"888":{"start":{"line":1488,"column":16},"end":{"line":1488,"column":126}},"889":{"start":{"line":1488,"column":29},"end":{"line":1488,"column":125}},"890":{"start":{"line":1491,"column":12},"end":{"line":1493,"column":14}},"891":{"start":{"line":1492,"column":16},"end":{"line":1492,"column":116}},"892":{"start":{"line":1492,"column":29},"end":{"line":1492,"column":115}},"893":{"start":{"line":1495,"column":12},"end":{"line":1497,"column":14}},"894":{"start":{"line":1496,"column":16},"end":{"line":1496,"column":125}},"895":{"start":{"line":1496,"column":29},"end":{"line":1496,"column":124}},"896":{"start":{"line":1499,"column":12},"end":{"line":1501,"column":14}},"897":{"start":{"line":1500,"column":16},"end":{"line":1500,"column":114}},"898":{"start":{"line":1500,"column":29},"end":{"line":1500,"column":113}},"899":{"start":{"line":1503,"column":12},"end":{"line":1505,"column":14}},"900":{"start":{"line":1504,"column":16},"end":{"line":1504,"column":116}},"901":{"start":{"line":1504,"column":29},"end":{"line":1504,"column":115}},"902":{"start":{"line":1507,"column":12},"end":{"line":1509,"column":14}},"903":{"start":{"line":1508,"column":16},"end":{"line":1508,"column":135}},"904":{"start":{"line":1508,"column":29},"end":{"line":1508,"column":134}},"905":{"start":{"line":1511,"column":12},"end":{"line":1513,"column":14}},"906":{"start":{"line":1512,"column":16},"end":{"line":1512,"column":134}},"907":{"start":{"line":1512,"column":29},"end":{"line":1512,"column":133}},"908":{"start":{"line":1515,"column":12},"end":{"line":1517,"column":14}},"909":{"start":{"line":1516,"column":16},"end":{"line":1516,"column":146}},"910":{"start":{"line":1516,"column":29},"end":{"line":1516,"column":145}},"911":{"start":{"line":1519,"column":12},"end":{"line":1521,"column":14}},"912":{"start":{"line":1520,"column":16},"end":{"line":1520,"column":136}},"913":{"start":{"line":1520,"column":29},"end":{"line":1520,"column":135}},"914":{"start":{"line":1523,"column":12},"end":{"line":1525,"column":14}},"915":{"start":{"line":1524,"column":16},"end":{"line":1524,"column":145}},"916":{"start":{"line":1524,"column":29},"end":{"line":1524,"column":144}},"917":{"start":{"line":1527,"column":12},"end":{"line":1529,"column":14}},"918":{"start":{"line":1528,"column":16},"end":{"line":1528,"column":134}},"919":{"start":{"line":1528,"column":29},"end":{"line":1528,"column":133}},"920":{"start":{"line":1531,"column":12},"end":{"line":1533,"column":14}},"921":{"start":{"line":1532,"column":16},"end":{"line":1532,"column":136}},"922":{"start":{"line":1532,"column":29},"end":{"line":1532,"column":135}},"923":{"start":{"line":1535,"column":12},"end":{"line":1537,"column":14}},"924":{"start":{"line":1536,"column":16},"end":{"line":1536,"column":155}},"925":{"start":{"line":1536,"column":29},"end":{"line":1536,"column":154}},"926":{"start":{"line":1539,"column":12},"end":{"line":1541,"column":14}},"927":{"start":{"line":1540,"column":16},"end":{"line":1540,"column":154}},"928":{"start":{"line":1540,"column":29},"end":{"line":1540,"column":153}},"929":{"start":{"line":1545,"column":8},"end":{"line":1658,"column":10}},"930":{"start":{"line":1549,"column":12},"end":{"line":1584,"column":14}},"931":{"start":{"line":1551,"column":16},"end":{"line":1553,"column":18}},"932":{"start":{"line":1555,"column":16},"end":{"line":1555,"column":51}},"933":{"start":{"line":1557,"column":16},"end":{"line":1559,"column":18}},"934":{"start":{"line":1561,"column":16},"end":{"line":1561,"column":52}},"935":{"start":{"line":1563,"column":16},"end":{"line":1563,"column":46}},"936":{"start":{"line":1565,"column":16},"end":{"line":1567,"column":18}},"937":{"start":{"line":1569,"column":16},"end":{"line":1569,"column":33}},"938":{"start":{"line":1570,"column":16},"end":{"line":1570,"column":40}},"939":{"start":{"line":1572,"column":16},"end":{"line":1572,"column":54}},"940":{"start":{"line":1574,"column":16},"end":{"line":1576,"column":18}},"941":{"start":{"line":1578,"column":16},"end":{"line":1578,"column":33}},"942":{"start":{"line":1579,"column":16},"end":{"line":1579,"column":41}},"943":{"start":{"line":1581,"column":16},"end":{"line":1581,"column":55}},"944":{"start":{"line":1583,"column":16},"end":{"line":1583,"column":67}},"945":{"start":{"line":1586,"column":12},"end":{"line":1600,"column":14}},"946":{"start":{"line":1588,"column":38},"end":{"line":1588,"column":80}},"947":{"start":{"line":1590,"column":16},"end":{"line":1590,"column":59}},"948":{"start":{"line":1591,"column":32},"end":{"line":1591,"column":48}},"949":{"start":{"line":1592,"column":33},"end":{"line":1592,"column":49}},"950":{"start":{"line":1594,"column":16},"end":{"line":1594,"column":62}},"951":{"start":{"line":1595,"column":16},"end":{"line":1595,"column":62}},"952":{"start":{"line":1596,"column":16},"end":{"line":1596,"column":54}},"953":{"start":{"line":1598,"column":16},"end":{"line":1598,"column":64}},"954":{"start":{"line":1599,"column":16},"end":{"line":1599,"column":62}},"955":{"start":{"line":1602,"column":12},"end":{"line":1604,"column":14}},"956":{"start":{"line":1603,"column":16},"end":{"line":1603,"column":105}},"957":{"start":{"line":1603,"column":29},"end":{"line":1603,"column":104}},"958":{"start":{"line":1606,"column":12},"end":{"line":1608,"column":14}},"959":{"start":{"line":1607,"column":16},"end":{"line":1607,"column":95}},"960":{"start":{"line":1607,"column":29},"end":{"line":1607,"column":94}},"961":{"start":{"line":1610,"column":12},"end":{"line":1612,"column":14}},"962":{"start":{"line":1611,"column":16},"end":{"line":1611,"column":104}},"963":{"start":{"line":1611,"column":29},"end":{"line":1611,"column":103}},"964":{"start":{"line":1614,"column":12},"end":{"line":1616,"column":14}},"965":{"start":{"line":1615,"column":16},"end":{"line":1615,"column":93}},"966":{"start":{"line":1615,"column":29},"end":{"line":1615,"column":92}},"967":{"start":{"line":1618,"column":12},"end":{"line":1620,"column":14}},"968":{"start":{"line":1619,"column":16},"end":{"line":1619,"column":95}},"969":{"start":{"line":1619,"column":29},"end":{"line":1619,"column":94}},"970":{"start":{"line":1622,"column":12},"end":{"line":1624,"column":14}},"971":{"start":{"line":1623,"column":16},"end":{"line":1623,"column":114}},"972":{"start":{"line":1623,"column":29},"end":{"line":1623,"column":113}},"973":{"start":{"line":1626,"column":12},"end":{"line":1628,"column":14}},"974":{"start":{"line":1627,"column":16},"end":{"line":1627,"column":113}},"975":{"start":{"line":1627,"column":29},"end":{"line":1627,"column":112}},"976":{"start":{"line":1630,"column":12},"end":{"line":1632,"column":14}},"977":{"start":{"line":1631,"column":16},"end":{"line":1631,"column":124}},"978":{"start":{"line":1631,"column":29},"end":{"line":1631,"column":123}},"979":{"start":{"line":1634,"column":12},"end":{"line":1636,"column":14}},"980":{"start":{"line":1635,"column":16},"end":{"line":1635,"column":114}},"981":{"start":{"line":1635,"column":29},"end":{"line":1635,"column":113}},"982":{"start":{"line":1638,"column":12},"end":{"line":1640,"column":14}},"983":{"start":{"line":1639,"column":16},"end":{"line":1639,"column":123}},"984":{"start":{"line":1639,"column":29},"end":{"line":1639,"column":122}},"985":{"start":{"line":1642,"column":12},"end":{"line":1644,"column":14}},"986":{"start":{"line":1643,"column":16},"end":{"line":1643,"column":112}},"987":{"start":{"line":1643,"column":29},"end":{"line":1643,"column":111}},"988":{"start":{"line":1646,"column":12},"end":{"line":1648,"column":14}},"989":{"start":{"line":1647,"column":16},"end":{"line":1647,"column":114}},"990":{"start":{"line":1647,"column":29},"end":{"line":1647,"column":113}},"991":{"start":{"line":1650,"column":12},"end":{"line":1652,"column":14}},"992":{"start":{"line":1651,"column":16},"end":{"line":1651,"column":133}},"993":{"start":{"line":1651,"column":29},"end":{"line":1651,"column":132}},"994":{"start":{"line":1654,"column":12},"end":{"line":1656,"column":14}},"995":{"start":{"line":1655,"column":16},"end":{"line":1655,"column":132}},"996":{"start":{"line":1655,"column":29},"end":{"line":1655,"column":131}},"997":{"start":{"line":1660,"column":8},"end":{"line":1754,"column":10}},"998":{"start":{"line":1663,"column":12},"end":{"line":1683,"column":14}},"999":{"start":{"line":1665,"column":16},"end":{"line":1667,"column":18}},"1000":{"start":{"line":1669,"column":16},"end":{"line":1669,"column":51}},"1001":{"start":{"line":1671,"column":16},"end":{"line":1673,"column":18}},"1002":{"start":{"line":1675,"column":16},"end":{"line":1675,"column":52}},"1003":{"start":{"line":1677,"column":16},"end":{"line":1677,"column":46}},"1004":{"start":{"line":1679,"column":16},"end":{"line":1679,"column":104}},"1005":{"start":{"line":1681,"column":16},"end":{"line":1681,"column":67}},"1006":{"start":{"line":1685,"column":12},"end":{"line":1696,"column":14}},"1007":{"start":{"line":1687,"column":38},"end":{"line":1687,"column":69}},"1008":{"start":{"line":1689,"column":16},"end":{"line":1689,"column":59}},"1009":{"start":{"line":1690,"column":37},"end":{"line":1690,"column":53}},"1010":{"start":{"line":1692,"column":16},"end":{"line":1692,"column":66}},"1011":{"start":{"line":1693,"column":16},"end":{"line":1693,"column":64}},"1012":{"start":{"line":1694,"column":16},"end":{"line":1694,"column":76}},"1013":{"start":{"line":1698,"column":12},"end":{"line":1700,"column":14}},"1014":{"start":{"line":1699,"column":16},"end":{"line":1699,"column":113}},"1015":{"start":{"line":1699,"column":29},"end":{"line":1699,"column":112}},"1016":{"start":{"line":1702,"column":12},"end":{"line":1704,"column":14}},"1017":{"start":{"line":1703,"column":16},"end":{"line":1703,"column":103}},"1018":{"start":{"line":1703,"column":29},"end":{"line":1703,"column":102}},"1019":{"start":{"line":1706,"column":12},"end":{"line":1708,"column":14}},"1020":{"start":{"line":1707,"column":16},"end":{"line":1707,"column":112}},"1021":{"start":{"line":1707,"column":29},"end":{"line":1707,"column":111}},"1022":{"start":{"line":1710,"column":12},"end":{"line":1712,"column":14}},"1023":{"start":{"line":1711,"column":16},"end":{"line":1711,"column":101}},"1024":{"start":{"line":1711,"column":29},"end":{"line":1711,"column":100}},"1025":{"start":{"line":1714,"column":12},"end":{"line":1716,"column":14}},"1026":{"start":{"line":1715,"column":16},"end":{"line":1715,"column":103}},"1027":{"start":{"line":1715,"column":29},"end":{"line":1715,"column":102}},"1028":{"start":{"line":1718,"column":12},"end":{"line":1720,"column":14}},"1029":{"start":{"line":1719,"column":16},"end":{"line":1719,"column":122}},"1030":{"start":{"line":1719,"column":29},"end":{"line":1719,"column":121}},"1031":{"start":{"line":1722,"column":12},"end":{"line":1724,"column":14}},"1032":{"start":{"line":1723,"column":16},"end":{"line":1723,"column":121}},"1033":{"start":{"line":1723,"column":29},"end":{"line":1723,"column":120}},"1034":{"start":{"line":1726,"column":12},"end":{"line":1728,"column":14}},"1035":{"start":{"line":1727,"column":16},"end":{"line":1727,"column":132}},"1036":{"start":{"line":1727,"column":29},"end":{"line":1727,"column":131}},"1037":{"start":{"line":1730,"column":12},"end":{"line":1732,"column":14}},"1038":{"start":{"line":1731,"column":16},"end":{"line":1731,"column":122}},"1039":{"start":{"line":1731,"column":29},"end":{"line":1731,"column":121}},"1040":{"start":{"line":1734,"column":12},"end":{"line":1736,"column":14}},"1041":{"start":{"line":1735,"column":16},"end":{"line":1735,"column":131}},"1042":{"start":{"line":1735,"column":29},"end":{"line":1735,"column":130}},"1043":{"start":{"line":1738,"column":12},"end":{"line":1740,"column":14}},"1044":{"start":{"line":1739,"column":16},"end":{"line":1739,"column":120}},"1045":{"start":{"line":1739,"column":29},"end":{"line":1739,"column":119}},"1046":{"start":{"line":1742,"column":12},"end":{"line":1744,"column":14}},"1047":{"start":{"line":1743,"column":16},"end":{"line":1743,"column":122}},"1048":{"start":{"line":1743,"column":29},"end":{"line":1743,"column":121}},"1049":{"start":{"line":1746,"column":12},"end":{"line":1748,"column":14}},"1050":{"start":{"line":1747,"column":16},"end":{"line":1747,"column":141}},"1051":{"start":{"line":1747,"column":29},"end":{"line":1747,"column":140}},"1052":{"start":{"line":1750,"column":12},"end":{"line":1752,"column":14}},"1053":{"start":{"line":1751,"column":16},"end":{"line":1751,"column":140}},"1054":{"start":{"line":1751,"column":29},"end":{"line":1751,"column":139}},"1055":{"start":{"line":1756,"column":8},"end":{"line":1851,"column":10}},"1056":{"start":{"line":1759,"column":12},"end":{"line":1785,"column":14}},"1057":{"start":{"line":1761,"column":16},"end":{"line":1763,"column":18}},"1058":{"start":{"line":1765,"column":16},"end":{"line":1765,"column":51}},"1059":{"start":{"line":1767,"column":16},"end":{"line":1769,"column":18}},"1060":{"start":{"line":1771,"column":16},"end":{"line":1771,"column":52}},"1061":{"start":{"line":1773,"column":16},"end":{"line":1773,"column":46}},"1062":{"start":{"line":1775,"column":16},"end":{"line":1777,"column":18}},"1063":{"start":{"line":1779,"column":16},"end":{"line":1779,"column":54}},"1064":{"start":{"line":1781,"column":16},"end":{"line":1781,"column":104}},"1065":{"start":{"line":1783,"column":16},"end":{"line":1783,"column":67}},"1066":{"start":{"line":1787,"column":12},"end":{"line":1793,"column":14}},"1067":{"start":{"line":1789,"column":31},"end":{"line":1789,"column":90}},"1068":{"start":{"line":1792,"column":16},"end":{"line":1792,"column":48}},"1069":{"start":{"line":1795,"column":12},"end":{"line":1797,"column":14}},"1070":{"start":{"line":1796,"column":16},"end":{"line":1796,"column":121}},"1071":{"start":{"line":1796,"column":29},"end":{"line":1796,"column":120}},"1072":{"start":{"line":1799,"column":12},"end":{"line":1801,"column":14}},"1073":{"start":{"line":1800,"column":16},"end":{"line":1800,"column":111}},"1074":{"start":{"line":1800,"column":29},"end":{"line":1800,"column":110}},"1075":{"start":{"line":1803,"column":12},"end":{"line":1805,"column":14}},"1076":{"start":{"line":1804,"column":16},"end":{"line":1804,"column":120}},"1077":{"start":{"line":1804,"column":29},"end":{"line":1804,"column":119}},"1078":{"start":{"line":1807,"column":12},"end":{"line":1809,"column":14}},"1079":{"start":{"line":1808,"column":16},"end":{"line":1808,"column":109}},"1080":{"start":{"line":1808,"column":29},"end":{"line":1808,"column":108}},"1081":{"start":{"line":1811,"column":12},"end":{"line":1813,"column":14}},"1082":{"start":{"line":1812,"column":16},"end":{"line":1812,"column":111}},"1083":{"start":{"line":1812,"column":29},"end":{"line":1812,"column":110}},"1084":{"start":{"line":1815,"column":12},"end":{"line":1817,"column":14}},"1085":{"start":{"line":1816,"column":16},"end":{"line":1816,"column":130}},"1086":{"start":{"line":1816,"column":29},"end":{"line":1816,"column":129}},"1087":{"start":{"line":1819,"column":12},"end":{"line":1821,"column":14}},"1088":{"start":{"line":1820,"column":16},"end":{"line":1820,"column":129}},"1089":{"start":{"line":1820,"column":29},"end":{"line":1820,"column":128}},"1090":{"start":{"line":1823,"column":12},"end":{"line":1825,"column":14}},"1091":{"start":{"line":1824,"column":16},"end":{"line":1824,
[...]
{"line":232,"column":12},"end":{"line":232,"column":48}},"type":"binary-expr","locations":[{"start":{"line":232,"column":12},"end":{"line":232,"column":26}},{"start":{"line":232,"column":30},"end":{"line":232,"column":48}}],"line":232},"48":{"loc":{"start":{"line":233,"column":8},"end":{"line":233,"column":73}},"type":"if","locations":[{"start":{"line":233,"column":8},"end":{"line":233,"column":73}},{"start":{"line":233,"column":8},"end":{"line":233,"column":73}}],"line":233},"49":{"loc":{"start":{"line":233,"column":12},"end":{"line":233,"column":48}},"type":"binary-expr","locations":[{"start":{"line":233,"column":12},"end":{"line":233,"column":26}},{"start":{"line":233,"column":30},"end":{"line":233,"column":48}}],"line":233},"50":{"loc":{"start":{"line":235,"column":8},"end":{"line":235,"column":106}},"type":"if","locations":[{"start":{"line":235,"column":8},"end":{"line":235,"column":106}},{"start":{"line":235,"column":8},"end":{"line":235,"column":106}}],"line":235},"51":{"loc":{"start":{"line":235,"column":12},"end":{"line":235,"column":48}},"type":"binary-expr","locations":[{"start":{"line":235,"column":12},"end":{"line":235,"column":26}},{"start":{"line":235,"column":30},"end":{"line":235,"column":48}}],"line":235},"52":{"loc":{"start":{"line":235,"column":50},"end":{"line":235,"column":106}},"type":"cond-expr","locations":[{"start":{"line":235,"column":76},"end":{"line":235,"column":89}},{"start":{"line":235,"column":92},"end":{"line":235,"column":106}}],"line":235},"53":{"loc":{"start":{"line":236,"column":8},"end":{"line":236,"column":101}},"type":"if","locations":[{"start":{"line":236,"column":8},"end":{"line":236,"column":101}},{"start":{"line":236,"column":8},"end":{"line":236,"column":101}}],"line":236},"54":{"loc":{"start":{"line":236,"column":12},"end":{"line":236,"column":46}},"type":"binary-expr","locations":[{"start":{"line":236,"column":12},"end":{"line":236,"column":25}},{"start":{"line":236,"column":29},"end":{"line":236,"column":46}}],"line":236},"55":{"loc":{"start":{"line":236,"column":48},"end":{"line":236,"column":101}},"type":"cond-expr","locations":[{"start":{"line":236,"column":73},"end":{"line":236,"column":85}},{"start":{"line":236,"column":88},"end":{"line":236,"column":101}}],"line":236},"56":{"loc":{"start":{"line":237,"column":8},"end":{"line":237,"column":116}},"type":"if","locations":[{"start":{"line":237,"column":8},"end":{"line":237,"column":116}},{"start":{"line":237,"column":8},"end":{"line":237,"column":116}}],"line":237},"57":{"loc":{"start":{"line":237,"column":12},"end":{"line":237,"column":52}},"type":"binary-expr","locations":[{"start":{"line":237,"column":12},"end":{"line":237,"column":28}},{"start":{"line":237,"column":32},"end":{"line":237,"column":52}}],"line":237},"58":{"loc":{"start":{"line":237,"column":54},"end":{"line":237,"column":116}},"type":"cond-expr","locations":[{"start":{"line":237,"column":82},"end":{"line":237,"column":97}},{"start":{"line":237,"column":100},"end":{"line":237,"column":116}}],"line":237},"59":{"loc":{"start":{"line":239,"column":8},"end":{"line":239,"column":109}},"type":"if","locations":[{"start":{"line":239,"column":8},"end":{"line":239,"column":109}},{"start":{"line":239,"column":8},"end":{"line":239,"column":109}}],"line":239},"60":{"loc":{"start":{"line":239,"column":12},"end":{"line":239,"column":67}},"type":"binary-expr","locations":[{"start":{"line":239,"column":12},"end":{"line":239,"column":34}},{"start":{"line":239,"column":38},"end":{"line":239,"column":48}},{"start":{"line":239,"column":52},"end":{"line":239,"column":67}}],"line":239},"61":{"loc":{"start":{"line":240,"column":8},"end":{"line":240,"column":112}},"type":"if","locations":[{"start":{"line":240,"column":8},"end":{"line":240,"column":112}},{"start":{"line":240,"column":8},"end":{"line":240,"column":112}}],"line":240},"62":{"loc":{"start":{"line":240,"column":12},"end":{"line":240,"column":69}},"type":"binary-expr","locations":[{"start":{"line":240,"column":12},"end":{"line":240,"column":23}},{"start":{"line":240,"column":27},"end":{"line":240,"column":42}},{"start":{"line":240,"column":46},"end":{"line":240,"column":69}}],"line":240},"63":{"loc":{"start":{"line":241,"column":8},"end":{"line":241,"column":124}},"type":"if","locations":[{"start":{"line":241,"column":8},"end":{"line":241,"column":124}},{"start":{"line":241,"column":8},"end":{"line":241,"column":124}}],"line":241},"64":{"loc":{"start":{"line":241,"column":12},"end":{"line":241,"column":78}},"type":"binary-expr","locations":[{"start":{"line":241,"column":12},"end":{"line":241,"column":26}},{"start":{"line":241,"column":30},"end":{"line":241,"column":48}},{"start":{"line":241,"column":52},"end":{"line":241,"column":78}}],"line":241},"65":{"loc":{"start":{"line":242,"column":8},"end":{"line":242,"column":124}},"type":"if","locations":[{"start":{"line":242,"column":8},"end":{"line":242,"column":124}},{"start":{"line":242,"column":8},"end":{"line":242,"column":124}}],"line":242},"66":{"loc":{"start":{"line":242,"column":12},"end":{"line":242,"column":78}},"type":"binary-expr","locations":[{"start":{"line":242,"column":12},"end":{"line":242,"column":26}},{"start":{"line":242,"column":30},"end":{"line":242,"column":48}},{"start":{"line":242,"column":52},"end":{"line":242,"column":78}}],"line":242},"67":{"loc":{"start":{"line":244,"column":8},"end":{"line":244,"column":96}},"type":"if","locations":[{"start":{"line":244,"column":8},"end":{"line":244,"column":96}},{"start":{"line":244,"column":8},"end":{"line":244,"column":96}}],"line":244},"68":{"loc":{"start":{"line":244,"column":12},"end":{"line":244,"column":52}},"type":"binary-expr","locations":[{"start":{"line":244,"column":12},"end":{"line":244,"column":24}},{"start":{"line":244,"column":28},"end":{"line":244,"column":52}}],"line":244},"69":{"loc":{"start":{"line":245,"column":8},"end":{"line":245,"column":99}},"type":"if","locations":[{"start":{"line":245,"column":8},"end":{"line":245,"column":99}},{"start":{"line":245,"column":8},"end":{"line":245,"column":99}}],"line":245},"70":{"loc":{"start":{"line":245,"column":12},"end":{"line":245,"column":54}},"type":"binary-expr","locations":[{"start":{"line":245,"column":12},"end":{"line":245,"column":25}},{"start":{"line":245,"column":29},"end":{"line":245,"column":54}}],"line":245},"71":{"loc":{"start":{"line":246,"column":8},"end":{"line":246,"column":99}},"type":"if","locations":[{"start":{"line":246,"column":8},"end":{"line":246,"column":99}},{"start":{"line":246,"column":8},"end":{"line":246,"column":99}}],"line":246},"72":{"loc":{"start":{"line":246,"column":12},"end":{"line":246,"column":54}},"type":"binary-expr","locations":[{"start":{"line":246,"column":12},"end":{"line":246,"column":25}},{"start":{"line":246,"column":29},"end":{"line":246,"column":54}}],"line":246},"73":{"loc":{"start":{"line":247,"column":8},"end":{"line":247,"column":102}},"type":"if","locations":[{"start":{"line":247,"column":8},"end":{"line":247,"column":102}},{"start":{"line":247,"column":8},"end":{"line":247,"column":102}}],"line":247},"74":{"loc":{"start":{"line":247,"column":12},"end":{"line":247,"column":56}},"type":"binary-expr","locations":[{"start":{"line":247,"column":12},"end":{"line":247,"column":26}},{"start":{"line":247,"column":30},"end":{"line":247,"column":56}}],"line":247},"75":{"loc":{"start":{"line":248,"column":8},"end":{"line":248,"column":144}},"type":"if","locations":[{"start":{"line":248,"column":8},"end":{"line":248,"column":144}},{"start":{"line":248,"column":8},"end":{"line":248,"column":144}}],"line":248},"76":{"loc":{"start":{"line":248,"column":12},"end":{"line":248,"column":93}},"type":"binary-expr","locations":[{"start":{"line":248,"column":12},"end":{"line":248,"column":31}},{"start":{"line":248,"column":35},"end":{"line":248,"column":58}},{"start":{"line":248,"column":62},"end":{"line":248,"column":93}}],"line":248},"77":{"loc":{"start":{"line":249,"column":8},"end":{"line":249,"column":96}},"type":"if","locations":[{"start":{"line":249,"column":8},"end":{"line":249,"column":96}},{"start":{"line":249,"column":8},"end":{"line":249,"column":96}}],"line":249},"78":{"loc":{"start":{"line":249,"column":12},"end":{"line":249,"column":52}},"type":"binary-expr","locations":[{"start":{"line":249,"column":12},"end":{"line":249,"column":24}},{"start":{"line":249,"column":28},"end":{"line":249,"column":52}}],"line":249},"79":{"loc":{"start":{"line":251,"column":8},"end":{"line":251,"column":126}},"type":"if","locations":[{"start":{"line":251,"column":8},"end":{"line":251,"column":126}},{"start":{"line":251,"column":8},"end":{"line":251,"column":126}}],"line":251},"80":{"loc":{"start":{"line":251,"column":12},"end":{"line":251,"column":79}},"type":"binary-expr","locations":[{"start":{"line":251,"column":12},"end":{"line":251,"column":26}},{"start":{"line":251,"column":30},"end":{"line":251,"column":48}},{"start":{"line":251,"column":52},"end":{"line":251,"column":79}}],"line":251},"81":{"loc":{"start":{"line":252,"column":8},"end":{"line":252,"column":134}},"type":"if","locations":[{"start":{"line":252,"column":8},"end":{"line":252,"column":134}},{"start":{"line":252,"column":8},"end":{"line":252,"column":134}}],"line":252},"82":{"loc":{"start":{"line":252,"column":12},"end":{"line":252,"column":85}},"type":"binary-expr","locations":[{"start":{"line":252,"column":12},"end":{"line":252,"column":28}},{"start":{"line":252,"column":32},"end":{"line":252,"column":52}},{"start":{"line":252,"column":56},"end":{"line":252,"column":85}}],"line":252},"83":{"loc":{"start":{"line":253,"column":8},"end":{"line":253,"column":122}},"type":"if","locations":[{"start":{"line":253,"column":8},"end":{"line":253,"column":122}},{"start":{"line":253,"column":8},"end":{"line":253,"column":122}}],"line":253},"84":{"loc":{"start":{"line":253,"column":12},"end":{"line":253,"column":76}},"type":"binary-expr","locations":[{"start":{"line":253,"column":12},"end":{"line":253,"column":25}},{"start":{"line":253,"column":29},"end":{"line":253,"column":46}},{"start":{"line":253,"column":50},"end":{"line":253,"column":76}}],"line":253},"85":{"loc":{"start":{"line":255,"column":8},"end":{"line":255,"column":99}},"type":"if","locations":[{"start":{"line":255,"column":8},"end":{"line":255,"column":99}},{"start":{"line":255,"column":8},"end":{"line":255,"column":99}}],"line":255},"86":{"loc":{"start":{"line":255,"column":12},"end":{"line":255,"column":54}},"type":"binary-expr","locations":[{"start":{"line":255,"column":12},"end":{"line":255,"column":25}},{"start":{"line":255,"column":29},"end":{"line":255,"column":54}}],"line":255},"87":{"loc":{"start":{"line":256,"column":8},"end":{"line":256,"column":107}},"type":"if","locations":[{"start":{"line":256,"column":8},"end":{"line":256,"column":107}},{"start":{"line":256,"column":8},"end":{"line":256,"column":107}}],"line":256},"88":{"loc":{"start":{"line":256,"column":12},"end":{"line":256,"column":62}},"type":"binary-expr","locations":[{"start":{"line":256,"column":12},"end":{"line":256,"column":29}},{"start":{"line":256,"column":33},"end":{"line":256,"column":62}}],"line":256},"89":{"loc":{"start":{"line":258,"column":8},"end":{"line":258,"column":84}},"type":"if","locations":[{"start":{"line":258,"column":8},"end":{"line":258,"column":84}},{"start":{"line":258,"column":8},"end":{"line":258,"column":84}}],"line":258},"90":{"loc":{"start":{"line":258,"column":12},"end":{"line":258,"column":43}},"type":"binary-expr","locations":[{"start":{"line":258,"column":12},"end":{"line":258,"column":22}},{"start":{"line":258,"column":26},"end":{"line":258,"column":43}}],"line":258},"91":{"loc":{"start":{"line":259,"column":8},"end":{"line":259,"column":90}},"type":"if","locations":[{"start":{"line":259,"column":8},"end":{"line":259,"column":90}},{"start":{"line":259,"column":8},"end":{"line":259,"column":90}}],"line":259},"92":{"loc":{"start":{"line":259,"column":12},"end":{"line":259,"column":47}},"type":"binary-expr","locations":[{"start":{"line":259,"column":12},"end":{"line":259,"column":24}},{"start":{"line":259,"column":28},"end":{"line":259,"column":47}}],"line":259},"93":{"loc":{"start":{"line":260,"column":8},"end":{"line":260,"column":93}},"type":"if","locations":[{"start":{"line":260,"column":8},"end":{"line":260,"column":93}},{"start":{"line":260,"column":8},"end":{"line":260,"column":93}}],"line":260},"94":{"loc":{"start":{"line":260,"column":12},"end":{"line":260,"column":49}},"type":"binary-expr","locations":[{"start":{"line":260,"column":12},"end":{"line":260,"column":25}},{"start":{"line":260,"column":29},"end":{"line":260,"column":49}}],"line":260},"95":{"loc":{"start":{"line":261,"column":8},"end":{"line":261,"column":93}},"type":"if","locations":[{"start":{"line":261,"column":8},"end":{"line":261,"column":93}},{"start":{"line":261,"column":8},"end":{"line":261,"column":93}}],"line":261},"96":{"loc":{"start":{"line":261,"column":12},"end":{"line":261,"column":49}},"type":"binary-expr","locations":[{"start":{"line":261,"column":12},"end":{"line":261,"column":25}},{"start":{"line":261,"column":29},"end":{"line":261,"column":49}}],"line":261},"97":{"loc":{"start":{"line":262,"column":8},"end":{"line":262,"column":96}},"type":"if","locations":[{"start":{"line":262,"column":8},"end":{"line":262,"column":96}},{"start":{"line":262,"column":8},"end":{"line":262,"column":96}}],"line":262},"98":{"loc":{"start":{"line":262,"column":12},"end":{"line":262,"column":51}},"type":"binary-expr","locations":[{"start":{"line":262,"column":12},"end":{"line":262,"column":26}},{"start":{"line":262,"column":30},"end":{"line":262,"column":51}}],"line":262},"99":{"loc":{"start":{"line":263,"column":8},"end":{"line":263,"column":81}},"type":"if","locations":[{"start":{"line":263,"column":8},"end":{"line":263,"column":81}},{"start":{"line":263,"column":8},"end":{"line":263,"column":81}}],"line":263},"100":{"loc":{"start":{"line":263,"column":12},"end":{"line":263,"column":61}},"type":"binary-expr","locations":[{"start":{"line":263,"column":12},"end":{"line":263,"column":31}},{"start":{"line":263,"column":35},"end":{"line":263,"column":61}}],"line":263},"101":{"loc":{"start":{"line":264,"column":8},"end":{"line":264,"column":90}},"type":"if","locations":[{"start":{"line":264,"column":8},"end":{"line":264,"column":90}},{"start":{"line":264,"column":8},"end":{"line":264,"column":90}}],"line":264},"102":{"loc":{"start":{"line":264,"column":12},"end":{"line":264,"column":47}},"type":"binary-expr","locations":[{"start":{"line":264,"column":12},"end":{"line":264,"column":24}},{"start":{"line":264,"column":28},"end":{"line":264,"column":47}}],"line":264},"103":{"loc":{"start":{"line":277,"column":16},"end":{"line":277,"column":53}},"type":"if","locations":[{"start":{"line":277,"column":16},"end":{"line":277,"column":53}},{"start":{"line":277,"column":16},"end":{"line":277,"column":53}}],"line":277},"104":{"loc":{"start":{"line":295,"column":8},"end":{"line":295,"column":82}},"type":"if","locations":[{"start":{"line":295,"column":8},"end":{"line":295,"column":82}},{"start":{"line":295,"column":8},"end":{"line":295,"column":82}}],"line":295},"105":{"loc":{"start":{"line":306,"column":16},"end":{"line":306,"column":53}},"type":"if","locations":[{"start":{"line":306,"column":16},"end":{"line":306,"column":53}},{"start":{"line":306,"column":16},"end":{"line":306,"column":53}}],"line":306},"106":{"loc":{"start":{"line":353,"column":16},"end":{"line":353,"column":53}},"type":"if","locations":[{"start":{"line":353,"column":16},"end":{"line":353,"column":53}},{"start":{"line":353,"column":16},"end":{"line":353,"column":53}}],"line":353},"107":{"loc":{"start":{"line":373,"column":16},"end":{"line":373,"column":53}},"type":"if","locations":[{"start":{"line":373,"column":16},"end":{"line":373,"column":53}},{"start":{"line":373,"column":16},"end":{"line":373,"column":53}}],"line":373},"108":{"loc":{"start":{"line":398,"column":16},"end":{"line":398,"column":53}},"type":"if","locations":[{"start":{"line":398,"column":16},"end":{"line":398,"column":53}},{"start":{"line":398,"column":16},"end":{"line":398,"column":53}}],"line":398},"109":{"loc":{"start":{"line":428,"column":16},"end":{"line":428,"column":53}},"type":"if","locations":[{"start":{"line":428,"column":16},"end":{"line":428,"column":53}},{"start":{"line":428,"column":16},"end":{"line":428,"column":53}}],"line":428},"110":{"loc":{"start":{"line":453,"column":16},"end":{"line":453,"column":53}},"type":"if","locations":[{"start":{"line":453,"column":16},"end":{"line":453,"column":53}},{"start":{"line":453,"column":16},"end":{"line":453,"column":53}}],"line":453}},"s":{"0":1,"1":1,"2":0,"3":0,"4":37,"5":6,"6":31,"7":6,"8":25,"9":6,"10":19,"11":6,"12":13,"13":0,"14":13,"15":1,"16":12,"17":1,"18":11,"19":1,"20":10,"21":1,"22":9,"23":0,"24":9,"25":0,"26":9,"27":9,"28":9,"29":9,"30":0,"31":9,"32":167,"33":0,"34":167,"35":0,"36":167,"37":0,"38":167,"39":0,"40":167,"41":167,"42":167,"43":0,"44":167,"45":167,"46":167,"47":167,"48":167,"49":167,"50":0,"51":0,"52":0,"53":0,"54":0,"55":1,"56":1,"57":1,"58":0,"59":1,"60":48,"61":6,"62":42,"63":4,"64":38,"65":4,"66":34,"67":4,"68":30,"69":4,"70":26,"71":6,"72":20,"73":1,"74":19,"75":1,"76":18,"77":1,"78":17,"79":1,"80":16,"81":1,"82":15,"83":1,"84":14,"85":14,"86":14,"87":1,"88":13,"89":1,"90":0,"91":1,"92":0,"93":1,"94":1,"95":1,"96":0,"97":1,"98":10,"99":1,"100":10,"101":1,"102":10,"103":1,"104":10,"105":1,"106":10,"107":1,"108":10,"109":1,"110":10,"111":6,"112":4,"113":0,"114":4,"115":0,"116":4,"117":0,"118":4,"119":0,"120":4,"121":0,"122":4,"123":0,"124":4,"125":0,"126":4,"127":0,"128":4,"129":0,"130":4,"131":0,"132":4,"133":0,"134":4,"135":0,"136":4,"137":0,"138":4,"139":0,"140":4,"141":1,"142":3,"143":0,"144":3,"145":0,"146":3,"147":0,"148":3,"149":0,"150":3,"151":0,"152":3,"153":0,"154":3,"155":3,"156":3,"157":0,"158":3,"159":0,"160":3,"161":0,"162":3,"163":3,"164":3,"165":0,"166":3,"167":0,"168":0,"169":0,"170":0,"171":0,"172":0,"173":1,"174":1,"175":1,"176":0,"177":1,"178":1,"179":1,"180":1,"181":0,"182":1,"183":0,"184":1,"185":1,"186":1,"187":0,"188":1,"189":0,"190":1,"191":1,"192":1,"193":0,"194":1,"195":0,"196":1,"197":1,"198":1,"199":0,"200":1,"201":0,"202":1},"f":{"0":0,"1":0,"2":37,"3":9,"4":9,"5":167,"6":167,"7":167,"8":0,"9":1,"10":1,"11":1,"12":48,"13":14,"14":14,"15":1,"16":1,"17":1,"18":10,"19":3,"20":3,"21":0,"22":3,"23":3,"24":3,"25":0,"26":0,"27":0,"28":0,"29":1,"30":1,"31":1,"32":1,"33":1,"34":1,"35":0,"36":1,"37":1,"38":1,"39":0,"40":1,"41":1,"42":1,"43":0,"44":1,"45":1,"46":1,"47":0},"b":{"0":[1,1],"1":[1,1],"2":[6,31],"3":[6,25],"4":[6,19],"5":[6,13],"6":[0,13],"7":[1,12],"8":[1,11],"9":[1,10],"10":[1,9],"11":[0,9],"12":[0,9],"13":[0,9],"14":[0,167],"15":[0,167],"16":[0,167],"17":[0,167],"18":[0,167],"19":[0,1],"20":[6,42],"21":[4,38],"22":[42,36],"23":[4,34],"24":[38,32],"25":[4,30],"26":[34,29],"27":[4,26],"28":[30,24],"29":[6,20],"30":[1,19],"31":[1,18],"32":[19,13],"33":[1,17],"34":[18,12],"35":[1,16],"36":[17,12],"37":[1,15],"38":[16,10],"39":[1,14],"40":[1,13],"41":[0,1],"42":[0,1],"43":[0,1],"44":[1,9],"45":[10,1],"46":[1,9],"47":[10,1],"48":[1,9],"49":[10,1],"50":[1,9],"51":[10,1],"52":[1,0],"53":[1,9],"54":[10,1],"55":[1,0],"56":[1,9],"57":[10,1],"58":[1,0],"59":[6,4],"60":[10,4,4],"61":[0,4],"62":[4,1,1],"63":[0,4],"64":[4,1,1],"65":[0,4],"66":[4,1,1],"67":[0,4],"68":[4,2],"69":[0,4],"70":[4,3],"71":[0,4],"72":[4,2],"73":[0,4],"74":[4,1],"75":[0,4],"76":[4,1,1],"77":[0,4],"78":[4,1],"79":[0,4],"80":[4,1,1],"81":[0,4],"82":[4,1,1],"83":[0,4],"84":[4,1,1],"85":[0,4],"86":[4,3],"87":[0,4],"88":[4,3],"89":[1,3],"90":[4,4],"91":[0,3],"92":[3,1],"93":[0,3],"94":[3,2],"95":[0,3],"96":[3,2],"97":[0,3],"98":[3,1],"99":[0,3],"100":[3,1],"101":[0,3],"102":[3,1],"103":[0,3],"104":[0,3],"105":[0,3],"106":[0,1],"107":[0,1],"108":[0,1],"109":[0,1],"110":[0,1]},"_coverageSchema":"43e27e138ebf9cfc5966b082cf9a028302ed4184","hash":"0a2ab9ba4de289af3f3401a76025e6fd11579561","contentHash":"fc45882a9e7b718b9da0245c69c29b57"}}