{"C:\\Users\\sergi\\bootcamp\\collab\\skylab-bootcamp-201809\\staff\\sergio-luz\\langchange-web\\langchange-api\\logic\\index.spec.js":{"path":"C:\\Users\\sergi\\bootcamp\\collab\\skylab-bootcamp-201809\\staff\\sergio-luz\\langchange-web\\langchange-api\\logic\\index.spec.js","statementMap":{"0":{"start":{"line":1,"column":0},"end":{"line":1,"column":26}},"1":{"start":{"line":2,"column":0},"end":{"line":2,"column":12}},"2":{"start":{"line":5,"column":19},"end":{"line":5,"column":34}},"3":{"start":{"line":6,"column":81},"end":{"line":6,"column":102}},"4":{"start":{"line":7,"column":14},"end":{"line":7,"column":33}},"5":{"start":{"line":8,"column":69},"end":{"line":8,"column":89}},"6":{"start":{"line":12,"column":26},"end":{"line":12,"column":69}},"7":{"start":{"line":13,"column":27},"end":{"line":13,"column":33}},"8":{"start":{"line":14,"column":13},"end":{"line":14,"column":17}},"9":{"start":{"line":15,"column":44},"end":{"line":15,"column":51}},"10":{"start":{"line":20,"column":18},"end":{"line":20,"column":24}},"11":{"start":{"line":21,"column":15},"end":{"line":21,"column":21}},"12":{"start":{"line":22,"column":18},"end":{"line":22,"column":24}},"13":{"start":{"line":23,"column":17},"end":{"line":23,"column":23}},"14":{"start":{"line":24,"column":21},"end":{"line":24,"column":27}},"15":{"start":{"line":25,"column":20},"end":{"line":25,"column":26}},"16":{"start":{"line":26,"column":16},"end":{"line":26,"column":22}},"17":{"start":{"line":27,"column":21},"end":{"line":27,"column":27}},"18":{"start":{"line":29,"column":22},"end":{"line":29,"column":28}},"19":{"start":{"line":30,"column":22},"end":{"line":30,"column":28}},"20":{"start":{"line":31,"column":28},"end":{"line":31,"column":34}},"21":{"start":{"line":32,"column":29},"end":{"line":32,"column":35}},"22":{"start":{"line":37,"column":18},"end":{"line":37,"column":50}},"23":{"start":{"line":41,"column":0},"end":{"line":2097,"column":2}},"24":{"start":{"line":46,"column":4},"end":{"line":70,"column":5}},"25":{"start":{"line":47,"column":8},"end":{"line":69,"column":14}},"26":{"start":{"line":50,"column":16},"end":{"line":50,"column":91}},"27":{"start":{"line":52,"column":16},"end":{"line":65,"column":22}},"28":{"start":{"line":53,"column":33},"end":{"line":53,"column":42}},"29":{"start":{"line":55,"column":24},"end":{"line":55,"column":60}},"30":{"start":{"line":57,"column":24},"end":{"line":57,"column":87}},"31":{"start":{"line":60,"column":24},"end":{"line":60,"column":73}},"32":{"start":{"line":61,"column":24},"end":{"line":61,"column":74}},"33":{"start":{"line":62,"column":24},"end":{"line":62,"column":78}},"34":{"start":{"line":63,"column":24},"end":{"line":63,"column":76}},"35":{"start":{"line":64,"column":24},"end":{"line":64,"column":81}},"36":{"start":{"line":68,"column":16},"end":{"line":68,"column":90}},"37":{"start":{"line":75,"column":4},"end":{"line":82,"column":6}},"38":{"start":{"line":77,"column":8},"end":{"line":77,"column":57}},"39":{"start":{"line":78,"column":8},"end":{"line":78,"column":58}},"40":{"start":{"line":79,"column":8},"end":{"line":79,"column":62}},"41":{"start":{"line":80,"column":8},"end":{"line":80,"column":60}},"42":{"start":{"line":81,"column":8},"end":{"line":81,"column":65}},"43":{"start":{"line":88,"column":4},"end":{"line":1656,"column":6}},"44":{"start":{"line":91,"column":8},"end":{"line":277,"column":10}},"45":{"start":{"line":94,"column":12},"end":{"line":100,"column":14}},"46":{"start":{"line":95,"column":16},"end":{"line":95,"column":46}},"47":{"start":{"line":96,"column":16},"end":{"line":96,"column":54}},"48":{"start":{"line":97,"column":16},"end":{"line":97,"column":54}},"49":{"start":{"line":98,"column":16},"end":{"line":98,"column":58}},"50":{"start":{"line":99,"column":16},"end":{"line":99,"column":46}},"51":{"start":{"line":102,"column":12},"end":{"line":119,"column":14}},"52":{"start":{"line":104,"column":28},"end":{"line":104,"column":91}},"53":{"start":{"line":106,"column":16},"end":{"line":106,"column":43}},"54":{"start":{"line":108,"column":31},"end":{"line":108,"column":69}},"55":{"start":{"line":110,"column":16},"end":{"line":110,"column":49}},"56":{"start":{"line":112,"column":31},"end":{"line":112,"column":37}},"57":{"start":{"line":114,"column":16},"end":{"line":114,"column":60}},"58":{"start":{"line":115,"column":16},"end":{"line":115,"column":51}},"59":{"start":{"line":116,"column":16},"end":{"line":116,"column":50}},"60":{"start":{"line":117,"column":16},"end":{"line":117,"column":56}},"61":{"start":{"line":118,"column":16},"end":{"line":118,"column":56}},"62":{"start":{"line":122,"column":12},"end":{"line":124,"column":14}},"63":{"start":{"line":123,"column":16},"end":{"line":123,"column":141}},"64":{"start":{"line":123,"column":29},"end":{"line":123,"column":91}},"65":{"start":{"line":126,"column":12},"end":{"line":128,"column":14}},"66":{"start":{"line":127,"column":16},"end":{"line":127,"column":131}},"67":{"start":{"line":127,"column":29},"end":{"line":127,"column":86}},"68":{"start":{"line":130,"column":12},"end":{"line":132,"column":14}},"69":{"start":{"line":131,"column":16},"end":{"line":131,"column":145}},"70":{"start":{"line":131,"column":29},"end":{"line":131,"column":97}},"71":{"start":{"line":134,"column":12},"end":{"line":136,"column":14}},"72":{"start":{"line":135,"column":16},"end":{"line":135,"column":129}},"73":{"start":{"line":135,"column":29},"end":{"line":135,"column":85}},"74":{"start":{"line":138,"column":12},"end":{"line":140,"column":14}},"75":{"start":{"line":139,"column":16},"end":{"line":139,"column":131}},"76":{"start":{"line":139,"column":29},"end":{"line":139,"column":86}},"77":{"start":{"line":142,"column":12},"end":{"line":144,"column":14}},"78":{"start":{"line":143,"column":16},"end":{"line":143,"column":150}},"79":{"start":{"line":143,"column":29},"end":{"line":143,"column":99}},"80":{"start":{"line":146,"column":12},"end":{"line":148,"column":14}},"81":{"start":{"line":147,"column":16},"end":{"line":147,"column":149}},"82":{"start":{"line":147,"column":29},"end":{"line":147,"column":93}},"83":{"start":{"line":151,"column":12},"end":{"line":153,"column":14}},"84":{"start":{"line":152,"column":16},"end":{"line":152,"column":137}},"85":{"start":{"line":152,"column":29},"end":{"line":152,"column":87}},"86":{"start":{"line":155,"column":12},"end":{"line":157,"column":14}},"87":{"start":{"line":156,"column":16},"end":{"line":156,"column":127}},"88":{"start":{"line":156,"column":29},"end":{"line":156,"column":82}},"89":{"start":{"line":159,"column":12},"end":{"line":161,"column":14}},"90":{"start":{"line":160,"column":16},"end":{"line":160,"column":145}},"91":{"start":{"line":160,"column":29},"end":{"line":160,"column":93}},"92":{"start":{"line":163,"column":12},"end":{"line":165,"column":14}},"93":{"start":{"line":164,"column":16},"end":{"line":164,"column":125}},"94":{"start":{"line":164,"column":29},"end":{"line":164,"column":81}},"95":{"start":{"line":167,"column":12},"end":{"line":169,"column":14}},"96":{"start":{"line":168,"column":16},"end":{"line":168,"column":127}},"97":{"start":{"line":168,"column":29},"end":{"line":168,"column":82}},"98":{"start":{"line":171,"column":12},"end":{"line":173,"column":14}},"99":{"start":{"line":172,"column":16},"end":{"line":172,"column":146}},"100":{"start":{"line":172,"column":29},"end":{"line":172,"column":95}},"101":{"start":{"line":175,"column":12},"end":{"line":177,"column":14}},"102":{"start":{"line":176,"column":16},"end":{"line":176,"column":145}},"103":{"start":{"line":176,"column":29},"end":{"line":176,"column":89}},"104":{"start":{"line":180,"column":12},"end":{"line":182,"column":14}},"105":{"start":{"line":181,"column":16},"end":{"line":181,"column":137}},"106":{"start":{"line":181,"column":29},"end":{"line":181,"column":87}},"107":{"start":{"line":184,"column":12},"end":{"line":186,"column":14}},"108":{"start":{"line":185,"column":16},"end":{"line":185,"column":127}},"109":{"start":{"line":185,"column":29},"end":{"line":185,"column":82}},"110":{"start":{"line":188,"column":12},"end":{"line":190,"column":14}},"111":{"start":{"line":189,"column":16},"end":{"line":189,"column":145}},"112":{"start":{"line":189,"column":29},"end":{"line":189,"column":93}},"113":{"start":{"line":192,"column":12},"end":{"line":194,"column":14}},"114":{"start":{"line":193,"column":16},"end":{"line":193,"column":125}},"115":{"start":{"line":193,"column":29},"end":{"line":193,"column":81}},"116":{"start":{"line":196,"column":12},"end":{"line":198,"column":14}},"117":{"start":{"line":197,"column":16},"end":{"line":197,"column":127}},"118":{"start":{"line":197,"column":29},"end":{"line":197,"column":82}},"119":{"start":{"line":200,"column":12},"end":{"line":202,"column":14}},"120":{"start":{"line":201,"column":16},"end":{"line":201,"column":146}},"121":{"start":{"line":201,"column":29},"end":{"line":201,"column":95}},"122":{"start":{"line":204,"column":12},"end":{"line":206,"column":14}},"123":{"start":{"line":205,"column":16},"end":{"line":205,"column":145}},"124":{"start":{"line":205,"column":29},"end":{"line":205,"column":89}},"125":{"start":{"line":209,"column":12},"end":{"line":211,"column":14}},"126":{"start":{"line":210,"column":16},"end":{"line":210,"column":140}},"127":{"start":{"line":210,"column":29},"end":{"line":210,"column":90}},"128":{"start":{"line":213,"column":12},"end":{"line":215,"column":14}},"129":{"start":{"line":214,"column":16},"end":{"line":214,"column":130}},"130":{"start":{"line":214,"column":29},"end":{"line":214,"column":85}},"131":{"start":{"line":217,"column":12},"end":{"line":219,"column":14}},"132":{"start":{"line":218,"column":16},"end":{"line":218,"column":145}},"133":{"start":{"line":218,"column":29},"end":{"line":218,"column":96}},"134":{"start":{"line":221,"column":12},"end":{"line":223,"column":14}},"135":{"start":{"line":222,"column":16},"end":{"line":222,"column":128}},"136":{"start":{"line":222,"column":29},"end":{"line":222,"column":84}},"137":{"start":{"line":225,"column":12},"end":{"line":227,"column":14}},"138":{"start":{"line":226,"column":16},"end":{"line":226,"column":130}},"139":{"start":{"line":226,"column":29},"end":{"line":226,"column":85}},"140":{"start":{"line":229,"column":12},"end":{"line":231,"column":14}},"141":{"start":{"line":230,"column":16},"end":{"line":230,"column":149}},"142":{"start":{"line":230,"column":29},"end":{"line":230,"column":98}},"143":{"start":{"line":233,"column":12},"end":{"line":235,"column":14}},"144":{"start":{"line":234,"column":16},"end":{"line":234,"column":148}},"145":{"start":{"line":234,"column":29},"end":{"line":234,"column":92}},"146":{"start":{"line":237,"column":12},"end":{"line":239,"column":14}},"147":{"start":{"line":238,"column":16},"end":{"line":238,"column":140}},"148":{"start":{"line":238,"column":29},"end":{"line":238,"column":90}},"149":{"start":{"line":241,"column":12},"end":{"line":243,"column":14}},"150":{"start":{"line":242,"column":16},"end":{"line":242,"column":130}},"151":{"start":{"line":242,"column":29},"end":{"line":242,"column":85}},"152":{"start":{"line":245,"column":12},"end":{"line":247,"column":14}},"153":{"start":{"line":246,"column":16},"end":{"line":246,"column":144}},"154":{"start":{"line":246,"column":29},"end":{"line":246,"column":96}},"155":{"start":{"line":249,"column":12},"end":{"line":251,"column":14}},"156":{"start":{"line":250,"column":16},"end":{"line":250,"column":128}},"157":{"start":{"line":250,"column":29},"end":{"line":250,"column":84}},"158":{"start":{"line":253,"column":12},"end":{"line":255,"column":14}},"159":{"start":{"line":254,"column":16},"end":{"line":254,"column":130}},"160":{"start":{"line":254,"column":29},"end":{"line":254,"column":85}},"161":{"start":{"line":257,"column":12},"end":{"line":259,"column":14}},"162":{"start":{"line":258,"column":16},"end":{"line":258,"column":149}},"163":{"start":{"line":258,"column":29},"end":{"line":258,"column":98}},"164":{"start":{"line":261,"column":12},"end":{"line":263,"column":14}},"165":{"start":{"line":262,"column":16},"end":{"line":262,"column":148}},"166":{"start":{"line":262,"column":29},"end":{"line":262,"column":92}},"167":{"start":{"line":265,"column":12},"end":{"line":267,"column":14}},"168":{"start":{"line":266,"column":16},"end":{"line":266,"column":136}},"169":{"start":{"line":266,"column":29},"end":{"line":266,"column":89}},"170":{"start":{"line":269,"column":12},"end":{"line":273,"column":14}},"171":{"start":{"line":270,"column":16},"end":{"line":270,"column":71}},"172":{"start":{"line":272,"column":16},"end":{"line":272,"column":148}},"173":{"start":{"line":272,"column":29},"end":{"line":272,"column":86}},"174":{"start":{"line":279,"column":8},"end":{"line":364,"column":10}},"175":{"start":{"line":282,"column":12},"end":{"line":288,"column":14}},"176":{"start":{"line":283,"column":16},"end":{"line":285,"column":18}},"177":{"start":{"line":287,"column":16},"end":{"line":287,"column":51}},"178":{"start":{"line":290,"column":12},"end":{"line":305,"column":14}},"179":{"start":{"line":291,"column":47},"end":{"line":291,"column":51}},"180":{"start":{"line":293,"column":27},"end":{"line":293,"column":75}},"181":{"start":{"line":295,"column":16},"end":{"line":295,"column":35}},"182":{"start":{"line":296,"column":16},"end":{"line":296,"column":44}},"183":{"start":{"line":298,"column":30},"end":{"line":298,"column":68}},"184":{"start":{"line":301,"column":32},"end":{"line":301,"column":37}},"185":{"start":{"line":303,"column":16},"end":{"line":303,"column":49}},"186":{"start":{"line":304,"column":16},"end":{"line":304,"column":45}},"187":{"start":{"line":307,"column":12},"end":{"line":309,"column":14}},"188":{"start":{"line":308,"column":16},"end":{"line":308,"column":127}},"189":{"start":{"line":308,"column":29},"end":{"line":308,"column":126}},"190":{"start":{"line":311,"column":12},"end":{"line":313,"column":14}},"191":{"start":{"line":312,"column":16},"end":{"line":312,"column":117}},"192":{"start":{"line":312,"column":29},"end":{"line":312,"column":116}},"193":{"start":{"line":315,"column":12},"end":{"line":317,"column":14}},"194":{"start":{"line":316,"column":16},"end":{"line":316,"column":126}},"195":{"start":{"line":316,"column":29},"end":{"line":316,"column":125}},"196":{"start":{"line":319,"column":12},"end":{"line":321,"column":14}},"197":{"start":{"line":320,"column":16},"end":{"line":320,"column":115}},"198":{"start":{"line":320,"column":29},"end":{"line":320,"column":114}},"199":{"start":{"line":323,"column":12},"end":{"line":325,"column":14}},"200":{"start":{"line":324,"column":16},"end":{"line":324,"column":117}},"201":{"start":{"line":324,"column":29},"end":{"line":324,"column":116}},"202":{"start":{"line":327,"column":12},"end":{"line":329,"column":14}},"203":{"start":{"line":328,"column":16},"end":{"line":328,"column":136}},"204":{"start":{"line":328,"column":29},"end":{"line":328,"column":135}},"205":{"start":{"line":331,"column":12},"end":{"line":333,"column":14}},"206":{"start":{"line":332,"column":16},"end":{"line":332,"column":135}},"207":{"start":{"line":332,"column":29},"end":{"line":332,"column":134}},"208":{"start":{"line":336,"column":12},"end":{"line":338,"column":14}},"209":{"start":{"line":337,"column":16},"end":{"line":337,"column":127}},"210":{"start":{"line":337,"column":29},"end":{"line":337,"column":126}},"211":{"start":{"line":340,"column":12},"end":{"line":342,"column":14}},"212":{"start":{"line":341,"column":16},"end":{"line":341,"column":117}},"213":{"start":{"line":341,"column":29},"end":{"line":341,"column":116}},"214":{"start":{"line":344,"column":12},"end":{"line":346,"column":14}},"215":{"start":{"line":345,"column":16},"end":{"line":345,"column":126}},"216":{"start":{"line":345,"column":29},"end":{"line":345,"column":125}},"217":{"start":{"line":348,"column":12},"end":{"line":350,"column":14}},"218":{"start":{"line":349,"column":16},"end":{"line":349,"column":115}},"219":{"start":{"line":349,"column":29},"end":{"line":349,"column":114}},"220":{"start":{"line":352,"column":12},"end":{"line":354,"column":14}},"221":{"start":{"line":353,"column":16},"end":{"line":353,"column":117}},"222":{"start":{"line":353,"column":29},"end":{"line":353,"column":116}},"223":{"start":{"line":356,"column":12},"end":{"line":358,"column":14}},"224":{"start":{"line":357,"column":16},"end":{"line":357,"column":136}},"225":{"start":{"line":357,"column":29},"end":{"line":357,"column":135}},"226":{"start":{"line":360,"column":12},"end":{"line":362,"column":14}},"227":{"start":{"line":361,"column":16},"end":{"line":361,"column":135}},"228":{"start":{"line":361,"column":29},"end":{"line":361,"column":134}},"229":{"start":{"line":366,"column":8},"end":{"line":418,"column":10}},"230":{"start":{"line":369,"column":12},"end":{"line":373,"column":14}},"231":{"start":{"line":370,"column":16},"end":{"line":370,"column":109}},"232":{"start":{"line":372,"column":16},"end":{"line":372,"column":51}},"233":{"start":{"line":375,"column":12},"end":{"line":389,"column":14}},"234":{"start":{"line":377,"column":16},"end":{"line":377,"column":68}},"235":{"start":{"line":379,"column":16},"end":{"line":379,"column":56}},"236":{"start":{"line":381,"column":64},"end":{"line":381,"column":69}},"237":{"start":{"line":383,"column":16},"end":{"line":383,"column":35}},"238":{"start":{"line":384,"column":16},"end":{"line":384,"column":44}},"239":{"start":{"line":385,"column":16},"end":{"line":385,"column":48}},"240":{"start":{"line":386,"column":16},"end":{"line":386,"column":56}},"241":{"start":{"line":387,"column":16},"end":{"line":387,"column":53}},"242":{"start":{"line":388,"column":16},"end":{"line":388,"column":48}},"243":{"start":{"line":391,"column":12},"end":{"line":393,"column":14}},"244":{"start":{"line":392,"column":16},"end":{"line":392,"column":112}},"245":{"start":{"line":392,"column":29},"end":{"line":392,"column":111}},"246":{"start":{"line":395,"column":12},"end":{"line":397,"column":14}},"247":{"start":{"line":396,"column":16},"end":{"line":396,"column":102}},"248":{"start":{"line":396,"column":29},"end":{"line":396,"column":101}},"249":{"start":{"line":399,"column":12},"end":{"line":401,"column":14}},"250":{"start":{"line":400,"column":16},"end":{"line":400,"column":111}},"251":{"start":{"line":400,"column":29},"end":{"line":400,"column":110}},"252":{"start":{"line":403,"column":12},"end":{"line":405,"column":14}},"253":{"start":{"line":404,"column":16},"end":{"line":404,"column":100}},"254":{"start":{"line":404,"column":29},"end":{"line":404,"column":99}},"255":{"start":{"line":407,"column":12},"end":{"line":409,"column":14}},"256":{"start":{"line":408,"column":16},"end":{"line":408,"column":102}},"257":{"start":{"line":408,"column":29},"end":{"line":408,"column":101}},"258":{"start":{"line":411,"column":12},"end":{"line":413,"column":14}},"259":{"start":{"line":412,"column":16},"end":{"line":412,"column":121}},"260":{"start":{"line":412,"column":29},"end":{"line":412,"column":120}},"261":{"start":{"line":415,"column":12},"end":{"line":417,"column":14}},"262":{"start":{"line":416,"column":16},"end":{"line":416,"column":120}},"263":{"start":{"line":416,"column":29},"end":{"line":416,"column":119}},"264":{"start":{"line":420,"column":8},"end":{"line":837,"column":10}},"265":{"start":{"line":423,"column":12},"end":{"line":427,"column":14}},"266":{"start":{"line":424,"column":16},"end":{"line":424,"column":132}},"267":{"start":{"line":426,"column":16},"end":{"line":426,"column":51}},"268":{"start":{"line":429,"column":12},"end":{"line":449,"column":14}},"269":{"start":{"line":430,"column":62},"end":{"line":430,"column":66}},"270":{"start":{"line":432,"column":32},"end":{"line":432,"column":58}},"271":{"start":{"line":433,"column":33},"end":{"line":433,"column":60}},"272":{"start":{"line":434,"column":36},"end":{"line":434,"column":66}},"273":{"start":{"line":435,"column":36},"end":{"line":435,"column":66}},"274":{"start":{"line":437,"column":16},"end":{"line":437,"column":108}},"275":{"start":{"line":439,"column":30},"end":{"line":439,"column":68}},"276":{"start":{"line":441,"column":30},"end":{"line":441,"column":38}},"277":{"start":{"line":443,"column":16},"end":{"line":443,"column":56}},"278":{"start":{"line":445,"column":16},"end":{"line":445,"column":52}},"279":{"start":{"line":446,"column":16},"end":{"line":446,"column":54}},"280":{"start":{"line":447,"column":16},"end":{"line":447,"column":60}},"281":{"start":{"line":448,"column":16},"end":{"line":448,"column":60}},"282":{"start":{"line":451,"column":12},"end":{"line":468,"column":14}},"283":{"start":{"line":452,"column":64},"end":{"line":452,"column":68}},"284":{"start":{"line":454,"column":32},"end":{"line":454,"column":58}},"285":{"start":{"line":456,"column":16},"end":{"line":467,"column":22}},"286":{"start":{"line":457,"column":32},"end":{"line":457,"column":64}},"287":{"start":{"line":459,"column":38},"end":{"line":459,"column":46}},"288":{"start":{"line":461,"column":24},"end":{"line":461,"column":53}},"289":{"start":{"line":463,"column":24},"end":{"line":463,"column":60}},"290":{"start":{"line":464,"column":24},"end":{"line":464,"column":59}},"291":{"start":{"line":465,"column":24},"end":{"line":465,"column":65}},"292":{"start":{"line":466,"column":24},"end":{"line":466,"column":65}},"293":{"start":{"line":470,"column":12},"end":{"line":487,"column":14}},"294":{"start":{"line":471,"column":64},"end":{"line":471,"column":68}},"295":{"start":{"line":473,"column":33},"end":{"line":473,"column":60}},"296":{"start":{"line":475,"column":16},"end":{"line":486,"column":22}},"297":{"start":{"line":476,"column":32},"end":{"line":476,"column":64}},"298":{"start":{"line":478,"column":39},"end":{"line":478,"column":47}},"299":{"start":{"line":480,"column":24},"end":{"line":480,"column":54}},"300":{"start":{"line":482,"column":24},"end":{"line":482,"column":58}},"301":{"start":{"line":483,"column":24},"end":{"line":483,"column":63}},"302":{"start":{"line":484,"column":24},"end":{"line":484,"column":66}},"303":{"start":{"line":485,"column":24},"end":{"line":485,"column":66}},"304":{"start":{"line":489,"column":12},"end":{"line":506,"column":14}},"305":{"start":{"line":490,"column":64},"end":{"line":490,"column":68}},"306":{"start":{"line":492,"column":36},"end":{"line":492,"column":66}},"307":{"start":{"line":494,"column":16},"end":{"line":505,"column":22}},"308":{"start":{"line":495,"column":32},"end":{"line":495,"column":64}},"309":{"start":{"line":497,"column":39},"end":{"line":497,"column":47}},"310":{"start":{"line":499,"column":24},"end":{"line":499,"column":54}},"311":{"start":{"line":501,"column":24},"end":{"line":501,"column":58}},"312":{"start":{"line":502,"column":24},"end":{"line":502,"column":60}},"313":{"start":{"line":503,"column":24},"end":{"line":503,"column":69}},"314":{"start":{"line":504,"column":24},"end":{"line":504,"column":66}},"315":{"start":{"line":508,"column":12},"end":{"line":525,"column":14}},"316":{"start":{"line":509,"column":64},"end":{"line":509,"column":68}},"317":{"start":{"line":511,"column":36},"end":{"line":511,"column":66}},"318":{"start":{"line":513,"column":16},"end":{"line":524,"column":22}},"319":{"start":{"line":514,"column":32},"end":{"line":514,"column":64}},"320":{"start":{"line":516,"column":39},"end":{"line":516,"column":47}},"321":{"start":{"line":518,"column":24},"end":{"line":518,"column":54}},"322":{"start":{"line":520,"column":24},"end":{"line":520,"column":58}},"323":{"start":{"line":521,"column":24},"end":{"line":521,"column":60}},"324":{"start":{"line":522,"column":24},"end":{"line":522,"column":66}},"325":{"start":{"line":523,"column":24},"end":{"line":523,"column":69}},"326":{"start":{"line":529,"column":12},"end":{"line":533,"column":14}},"327":{"start":{"line":530,"column":64},"end":{"line":530,"column":68}},"328":{"start":{"line":532,"column":16},"end":{"line":532,"column":149}},"329":{"start":{"line":532,"column":29},"end":{"line":532,"column":99}},"330":{"start":{"line":535,"column":12},"end":{"line":539,"column":14}},"331":{"start":{"line":536,"column":64},"end":{"line":536,"column":68}},"332":{"start":{"line":538,"column":16},"end":{"line":538,"column":139}},"333":{"start":{"line":538,"column":29},"end":{"line":538,"column":94}},"334":{"start":{"line":541,"column":12},"end":{"line":545,"column":14}},"335":{"start":{"line":542,"column":64},"end":{"line":542,"column":68}},"336":{"start":{"line":544,"column":16},"end":{"line":544,"column":147}},"337":{"start":{"line":544,"column":29},"end":{"line":544,"column":101}},"338":{"start":{"line":547,"column":12},"end":{"line":551,"column":14}},"339":{"start":{"line":548,"column":64},"end":{"line":548,"column":68}},"340":{"start":{"line":550,"column":16},"end":{"line":550,"column":137}},"341":{"start":{"line":550,"column":29},"end":{"line":550,"column":93}},"342":{"start":{"line":553,"column":12},"end":{"line":557,"column":14}},"343":{"start":{"line":554,"column":64},"end":{"line":554,"column":68}},"344":{"start":{"line":556,"column":16},"end":{"line":556,"column":139}},"345":{"start":{"line":556,"column":29},"end":{"line":556,"column":94}},"346":{"start":{"line":559,"column":12},"end":{"line":563,"column":14}},"347":{"start":{"line":560,"column":64},"end":{"line":560,"column":68}},"348":{"start":{"line":562,"column":16},"end":{"line":562,"column":154}},"349":{"start":{"line":562,"column":29},"end":{"line":562,"column":103}},"350":{"start":{"line":565,"column":12},"end":{"line":569,"column":14}},"351":{"start":{"line":566,"column":64},"end":{"line":566,"column":68}},"352":{"start":{"line":568,"column":16},"end":{"line":568,"column":157}},"353":{"start":{"line":568,"column":29},"end":{"line":568,"column":101}},"354":{"start":{"line":573,"column":12},"end":{"line":579,"column":14}},"355":{"start":{"line":574,"column":64},"end":{"line":574,"column":68}},"356":{"start":{"line":576,"column":16},"end":{"line":577,"column":56}},"357":{"start":{"line":577,"column":32},"end":{"line":577,"column":55}},"358":{"start":{"line":581,"column":12},"end":{"line":586,"column":14}},"359":{"start":{"line":582,"column":64},"end":{"line":582,"column":68}},"360":{"start":{"line":584,"column":16},"end":{"line":585,"column":56}},"361":{"start":{"line":585,"column":32},"end":{"line":585,"column":55}},"362":{"start":{"line":588,"column":12},"end":{"line":592,"column":14}},"363":{"start":{"line":589,"column":64},"end":{"line":589,"column":68}},"364":{"start":{"line":591,"column":16},"end":{"line":591,"column":160}},"365":{"start":{"line":591,"column":29},"end":{"line":591,"column":112}},"366":{"start":{"line":594,"column":12},"end":{"line":598,"column":14}},"367":{"start":{"line":595,"column":64},"end":{"line":595,"column":68}},"368":{"start":{"line":597,"column":16},"end":{"line":597,"column":148}},"369":{"start":{"line":597,"column":29},"end":{"line":597,"column":103}},"370":{"start":{"line":600,"column":12},"end":{"line":604,"column":14}},"371":{"start":{"line":601,"column":64},"end":{"line":601,"column":68}},"372":{"start":{"line":603,"column":16},"end":{"line":603,"column":146}},"373":{"start":{"line":603,"column":29},"end":{"line":603,"column":102}},"374":{"start":{"line":606,"column":12},"end":{"line":610,"column":14}},"375":{"start":{"line":607,"column":64},"end":{"line":607,"column":68}},"376":{"start":{"line":609,"column":16},"end":{"line":609,"column":157}},"377":{"start":{"line":609,"column":29},"end":{"line":609,"column":109}},"378":{"start":{"line":612,"column":12},"end":{"line":616,"column":14}},"379":{"start":{"line":613,"column":64},"end":{"line":613,"column":68}},"380":{"start":{"line":615,"column":16},"end":{"line":615,"column":166}},"381":{"start":{"line":615,"column":29},"end":{"line":615,"column":110}},"382":{"start":{"line":620,"column":12},"end":{"line":626,"column":14}},"383":{"start":{"line":621,"column":64},"end":{"line":621,"column":68}},"384":{"start":{"line":623,"column":16},"end":{"line":624,"column":56}},"385":{"start":{"line":624,"column":32},"end":{"line":624,"column":55}},"386":{"start":{"line":628,"column":12},"end":{"line":633,"column":14}},"387":{"start":{"line":629,"column":64},"end":{"line":629,"column":68}},"388":{"start":{"line":631,"column":16},"end":{"line":632,"column":56}},"389":{"start":{"line":632,"column":32},"end":{"line":632,"column":55}},"390":{"start":{"line":635,"column":12},"end":{"line":639,"column":14}},"391":{"start":{"line":636,"column":64},"end":{"line":636,"column":68}},"392":{"start":{"line":638,"column":16},"end":{"line":638,"column":160}},"393":{"start":{"line":638,"column":29},"end":{"line":638,"column":108}},"394":{"start":{"line":641,"column":12},"end":{"line":645,"column":14}},"395":{"start":{"line":642,"column":64},"end":{"line":642,"column":68}},"396":{"start":{"line":644,"column":16},"end":{"line":644,"column":144}},"397":{"start":{"line":644,"column":29},"end":{"line":644,"column":99}},"398":{"start":{"line":647,"column":12},"end":{"line":651,"column":14}},"399":{"start":{"line":648,"column":64},"end":{"line":648,"column":68}},"400":{"start":{"line":650,"column":16},"end":{"line":650,"column":142}},"401":{"start":{"line":650,"column":29},"end":{"line":650,"column":98}},"402":{"start":{"line":653,"column":12},"end":{"line":657,"column":14}},"403":{"start":{"line":654,"column":64},"end":{"line":654,"column":68}},"404":{"start":{"line":656,"column":16},"end":{"line":656,"column":153}},"405":{"start":{"line":656,"column":29},"end":{"line":656,"column":105}},"406":{"start":{"line":659,"column":12},"end":{"line":663,"column":14}},"407":{"start":{"line":660,"column":64},"end":{"line":660,"column":68}},"408":{"start":{"line":662,"column":16},"end":{"line":662,"column":162}},"409":{"start":{"line":662,"column":29},"end":{"line":662,"column":106}},"410":{"start":{"line":667,"column":12},"end":{"line":673,"column":14}},"411":{"start":{"line":668,"column":64},"end":{"line":668,"column":68}},"412":{"start":{"line":670,"column":16},"end":{"line":671,"column":56}},"413":{"start":{"line":671,"column":32},"end":{"line":671,"column":55}},"414":{"start":{"line":675,"column":12},"end":{"line":680,"column":14}},"415":{"start":{"line":676,"column":64},"end":{"line":676,"column":68}},"416":{"start":{"line":678,"column":16},"end":{"line":679,"column":56}},"417":{"start":{"line":679,"column":32},"end":{"line":679,"column":55}},"418":{"start":{"line":682,"column":12},"end":{"line":686,"column":14}},"419":{"start":{"line":683,"column":64},"end":{"line":683,"column":68}},"420":{"start":{"line":685,"column":16},"end":{"line":685,"column":160}},"421":{"start":{"line":685,"column":29},"end":{"line":685,"column":111}},"422":{"start":{"line":688,"column":12},"end":{"line":692,"column":14}},"423":{"start":{"line":689,"column":64},"end":{"line":689,"column":68}},"424":{"start":{"line":691,"column":16},"end":{"line":691,"column":147}},"425":{"start":{"line":691,"column":29},"end":{"line":691,"column":102}},"426":{"start":{"line":694,"column":12},"end":{"line":698,"column":14}},"427":{"start":{"line":695,"column":64},"end":{"line":695,"column":68}},"428":{"start":{"line":697,"column":16},"end":{"line":697,"column":145}},"429":{"start":{"line":697,"column":29},"end":{"line":697,"column":101}},"430":{"start":{"line":700,"column":12},"end":{"line":704,"column":14}},"431":{"start":{"line":701,"column":64},"end":{"line":701,"column":68}},"432":{"start":{"line":703,"column":16},"end":{"line":703,"column":156}},"433":{"start":{"line":703,"column":29},"end":{"line":703,"column":108}},"434":{"start":{"line":706,"column":12},"end":{"line":710,"column":14}},"435":{"start":{"line":707,"column":64},"end":{"line":707,"column":68}},"436":{"start":{"line":709,"column":16},"end":{"line":709,"column":165}},"437":{"start":{"line":709,"column":29},"end":{"line":709,"column":109}},"438":{"start":{"line":714,"column":12},"end":{"line":720,"column":14}},"439":{"start":{"line":715,"column":64},"end":{"line":715,"column":68}},"440":{"start":{"line":717,"column":16},"end":{"line":718,"column":56}},"441":{"start":{"line":718,"column":32},"end":{"line":718,"column":55}},"442":{"start":{"line":722,"column":12},"end":{"line":727,"column":14}},"443":{"start":{"line":723,"column":64},"end":{"line":723,"column":68}},"444":{"start":{"line":725,"column":16},"end":{"line":726,"column":56}},"445":{"start":{"line":726,"column":32},"end":{"line":726,"column":55}},"446":{"start":{"line":729,"column":12},"end":{"line":733,"column":14}},"447":{"start":{"line":730,"column":64},"end":{"line":730,"column":68}},"448":{"start":{"line":732,"column":16},"end":{"line":732,"column":163}},"449":{"start":{"line":732,"column":29},"end":{"line":732,"column":108}},"450":{"start":{"line":735,"column":12},"end":{"line":739,"column":14}},"451":{"start":{"line":736,"column":64},"end":{"line":736,"column":68}},"452":{"start":{"line":738,"column":16},"end":{"line":738,"column":144}},"453":{"start":{"line":738,"column":29},"end":{"line":738,"column":99}},"454":{"start":{"line":741,"column":12},"end":{"line":745,"column":14}},"455":{"start":{"line":742,"column":64},"end":{"line":742,"column":68}},"456":{"start":{"line":744,"column":16},"end":{"line":744,"column":142}},"457":{"start":{"line":744,"column":29},"end":{"line":744,"column":98}},"458":{"start":{"line":747,"column":12},"end":{"line":751,"column":14}},"459":{"start":{"line":748,"column":64},"end":{"line":748,"column":68}},"460":{"start":{"line":750,"column":16},"end":{"line":750,"column":153}},"461":{"start":{"line":750,"column":29},"end":{"line":750,"column":105}},"462":{"start":{"line":753,"column":12},"end":{"line":757,"column":14}},"463":{"start":{"line":754,"column":64},"end":{"line":754,"column":68}},"464":{"start":{"line":756,"column":16},"end":{"line":756,"column":162}},"465":{"start":{"line":756,"column":29},"end":{"line":756,"column":106}},"466":{"start":{"line":761,"column":12},"end":{"line":765,"column":14}},"467":{"start":{"line":762,"column":64},"end":{"line":762,"column":68}},"468":{"start":{"line":764,"column":16},"end":{"line":764,"column":154}},"469":{"start":{"line":764,"column":29},"end":{"line":764,"column":104}},"470":{"start":{"line":767,"column":12},"end":{"line":771,"column":14}},"471":{"start":{"line":768,"column":64},"end":{"line":768,"column":68}},"472":{"start":{"line":770,"column":16},"end":{"line":770,"column":144}},"473":{"start":{"line":770,"column":29},"end":{"line":770,"column":99}},"474":{"start":{"line":773,"column":12},"end":{"line":777,"column":14}},"475":{"start":{"line":774,"column":64},"end":{"line":774,"column":68}},"476":{"start":{"line":776,"column":16},"end":{"line":776,"column":158}},"477":{"start":{"line":776,"column":29},"end":{"line":776,"column":106}},"478":{"start":{"line":779,"column":12},"end":{"line":783,"column":14}},"479":{"start":{"line":780,"column":64},"end":{"line":780,"column":68}},"480":{"start":{"line":782,"column":16},"end":{"line":782,"column":142}},"481":{"start":{"line":782,"column":29},"end":{"line":782,"column":98}},"482":{"start":{"line":785,"column":12},"end":{"line":789,"column":14}},"483":{"start":{"line":786,"column":64},"end":{"line":786,"column":68}},"484":{"start":{"line":788,"column":16},"end":{"line":788,"column":144}},"485":{"start":{"line":788,"column":29},"end":{"line":788,"column":99}},"486":{"start":{"line":791,"column":12},"end":{"line":795,"column":14}},"487":{"start":{"line":792,"column":64},"end":{"line":792,"column":68}},"488":{"start":{"line":794,"column":16},"end":{"line":794,"column":159}},"489":{"start":{"line":794,"column":29},"end":{"line":794,"column":108}},"490":{"start":{"line":797,"column":12},"end":{"line":801,"column":14}},"491":{"start":{"line":798,"column":64},"end":{"line":798,"column":68}},"492":{"start":{"line":800,"column":16},"end":{"line":800,"column":162}},"493":{"start":{"line":800,"column":29},"end":{"line":800,"column":106}},"494":{"start":{"line":805,"column":12},"end":{"line":836,"column":14}},"495":{"start":{"line":808,"column":16},"end":{"line":813,"column":18}},"496":{"start":{"line":810,"column":20},"end":{"line":810,"column":107}},"497":{"start":{"line":812,"column":20},"end":{"line":812,"column":56}},"498":{"start":{"line":815,"column":16},"end":{"line":835,"column":18}},"499":{"start":{"line":816,"column":68},"end":{"line":816,"column":73}},"500":{"start":{"line":818,"column":40},"end":{"line":818,"column":44}},"501":{"start":{"line":820,"column":20},"end":{"line":834,"column":26}},"502":{"start":{"line":821,"column":36},"end":{"line":821,"column":60}},"503":{"start":{"line":823,"column":28},"end":{"line":823,"column":76}},"504":{"start":{"line":825,"column":28},"end":{"line":825,"column":72}},"505":{"start":{"line":828,"column":28},"end":{"line":828,"column":58}},"506":{"start":{"line":830,"column":28},"end":{"line":830,"column":62}},"507":{"start":{"line":831,"column":28},"end":{"line":831,"column":64}},"508":{"start":{"line":832,"column":28},"end":{"line":832,"column":70}},"509":{"start":{"line":833,"column":28},"end":{"line":833,"column":70}},"510":{"start":{"line":839,"column":8},"end":{"line":913,"column":10}},"511":{"start":{"line":842,"column":12},"end":{"line":850,"column":14}},"512":{"start":{"line":843,"column":16},"end":{"line":843,"column":214}},"513":{"start":{"line":845,"column":16},"end":{"line":845,"column":51}},"514":{"start":{"line":847,"column":16},"end":{"line":847,"column":97}},"515":{"start":{"line":849,"column":16},"end":{"line":849,"column":101}},"516":{"start":{"line":852,"column":12},"end":{"line":884,"column":14}},"517":{"start":{"line":854,"column":16},"end":{"line":854,"column":71}},"518":{"start":{"line":855,"column":16},"end":{"line":855,"column":93}},"519":{"start":{"line":856,"column":16},"end":{"line":856,"column":101}},"520":{"start":{"line":858,"column":16},"end":{"line":858,"column":38}},"521":{"start":{"line":859,"column":16},"end":{"line":859,"column":56}},"522":{"start":{"line":862,"column":16},"end":{"line":862,"column":50}},"523":{"start":{"line":864,"column":16},"end":{"line":864,"column":54}},"524":{"start":{"line":865,"column":16},"end":{"line":865,"column":56}},"525":{"start":{"line":866,"column":16},"end":{"line":866,"column":62}},"526":{"start":{"line":868,"column":16},"end":{"line":868,"column":56}},"527":{"start":{"line":869,"column":16},"end":{"line":869,"column":52}},"528":{"start":{"line":870,"column":16},"end":{"line":870,"column":58}},"529":{"start":{"line":871,"column":16},"end":{"line":871,"column":58}},"530":{"start":{"line":872,"column":16},"end":{"line":872,"column":58}},"531":{"start":{"line":873,"column":16},"end":{"line":873,"column":58}},"532":{"start":{"line":874,"column":16},"end":{"line":874,"column":68}},"533":{"start":{"line":875,"column":16},"end":{"line":875,"column":62}},"534":{"start":{"line":876,"column":16},"end":{"line":876,"column":56}},"535":{"start":{"line":877,"column":16},"end":{"line":877,"column":54}},"536":{"start":{"line":879,"column":16},"end":{"line":879,"column":47}},"537":{"start":{"line":880,"column":16},"end":{"line":880,"column":70}},"538":{"start":{"line":882,"column":16},"end":{"line":882,"column":51}},"539":{"start":{"line":883,"column":16},"end":{"line":883,"column":78}},"540":{"start":{"line":886,"column":12},"end":{"line":888,"column":14}},"541":{"start":{"line":887,"column":16},"end":{"line":887,"column":111}},"542":{"start":{"line":887,"column":29},"end":{"line":887,"column":110}},"543":{"start":{"line":890,"column":12},"end":{"line":892,"column":14}},"544":{"start":{"line":891,"column":16},"end":{"line":891,"column":101}},"545":{"start":{"line":891,"column":29},"end":{"line":891,"column":100}},"546":{"start":{"line":894,"column":12},"end":{"line":896,"column":14}},"547":{"start":{"line":895,"column":16},"end":{"line":895,"column":110}},"548":{"start":{"line":895,"column":29},"end":{"line":895,"column":109}},"549":{"start":{"line":898,"column":12},"end":{"line":900,"column":14}},"550":{"start":{"line":899,"column":16},"end":{"line":899,"column":99}},"551":{"start":{"line":899,"column":29},"end":{"line":899,"column":98}},"552":{"start":{"line":902,"column":12},"end":{"line":904,"column":14}},"553":{"start":{"line":903,"column":16},"end":{"line":903,"column":101}},"554":{"start":{"line":903,"column":29},"end":{"line":903,"column":100}},"555":{"start":{"line":906,"column":12},"end":{"line":908,"column":14}},"556":{"start":{"line":907,"column":16},"end":{"line":907,"column":120}},"557":{"start":{"line":907,"column":29},"end":{"line":907,"column":119}},"558":{"start":{"line":910,"column":12},"end":{"line":912,"column":14}},"559":{"start":{"line":911,"column":16},"end":{"line":911,"column":119}},"560":{"start":{"line":911,"column":29},"end":{"line":911,"column":118}},"561":{"start":{"line":915,"column":8},"end":{"line":1339,"column":10}},"562":{"start":{"line":918,"column":12},"end":{"line":922,"column":14}},"563":{"start":{"line":919,"column":16},"end":{"line":919,"column":214}},"564":{"start":{"line":921,"column":16},"end":{"line":921,"column":51}},"565":{"start":{"line":924,"column":12},"end":{"line":982,"column":14}},"566":{"start":{"line":925,"column":99},"end":{"line":925,"column":103}},"567":{"start":{"line":927,"column":16},"end":{"line":927,"column":59}},"568":{"start":{"line":928,"column":16},"end":{"line":928,"column":52}},"569":{"start":{"line":929,"column":16},"end":{"line":929,"column":59}},"570":{"start":{"line":930,"column":16},"end":{"line":930,"column":55}},"571":{"start":{"line":931,"column":16},"end":{"line":931,"column":61}},"572":{"start":{"line":932,"column":16},"end":{"line":932,"column":58}},"573":{"start":{"line":933,"column":16},"end":{"line":933,"column":58}},"574":{"start":{"line":934,"column":16},"end":{"line":934,"column":32}},"575":{"start":{"line":935,"column":16},"end":{"line":935,"column":71}},"576":{"start":{"line":936,"column":16},"end":{"line":936,"column":34}},"577":{"start":{"line":937,"column":16},"end":{"line":937,"column":31}},"578":{"start":{"line":938,"column":16},"end":{"line":938,"column":57}},"579":{"start":{"line":941,"column":16},"end":{"line":941,"column":53}},"580":{"start":{"line":942,"column":16},"end":{"line":942,"column":78}},"581":{"start":{"line":944,"column":16},"end":{"line":944,"column":210}},"582":{"start":{"line":946,"column":30},"end":{"line":946,"column":79}},"583":{"start":{"line":948,"column":31},"end":{"line":948,"column":94}},"584":{"start":{"line":950,"column":32},"end":{"line":950,"column":99}},"585":{"start":{"line":952,"column":16},"end":{"line":952,"column":48}},"586":{"start":{"line":953,"column":30},"end":{"line":953,"column":38}},"587":{"start":{"line":955,"column":16},"end":{"line":955,"column":56}},"588":{"start":{"line":957,"column":16},"end":{"line":957,"column":52}},"589":{"start":{"line":958,"column":16},"end":{"line":958,"column":54}},"590":{"start":{"line":959,"column":16},"end":{"line":959,"column":57}},"591":{"start":{"line":960,"column":16},"end":{"line":960,"column":57}},"592":{"start":{"line":962,"column":16},"end":{"line":962,"column":54}},"593":{"start":{"line":963,"column":16},"end":{"line":963,"column":50}},"594":{"start":{"line":964,"column":16},"end":{"line":964,"column":56}},"595":{"start":{"line":965,"column":16},"end":{"line":965,"column":56}},"596":{"start":{"line":966,"column":16},"end":{"line":966,"column":56}},"597":{"start":{"line":967,"column":16},"end":{"line":967,"column":56}},"598":{"start":{"line":968,"column":16},"end":{"line":968,"column":66}},"599":{"start":{"line":969,"column":16},"end":{"line":969,"column":60}},"600":{"start":{"line":970,"column":16},"end":{"line":970,"column":54}},"601":{"start":{"line":971,"column":16},"end":{"line":971,"column":52}},"602":{"start":{"line":973,"column":16},"end":{"line":976,"column":18}},"603":{"start":{"line":974,"column":20},"end":{"line":974,"column":57}},"604":{"start":{"line":975,"column":20},"end":{"line":975,"column":72}},"605":{"start":{"line":978,"column":16},"end":{"line":981,"column":18}},"606":{"start":{"line":979,"column":20},"end":{"line":979,"column":58}},"607":{"start":{"line":980,"column":20},"end":{"line":980,"column":76}},"608":{"start":{"line":984,"column":12},"end":{"line":1027,"column":14}},"609":{"start":{"line":985,"column":155},"end":{"line":985,"column":159}},"610":{"start":{"line":987,"column":16},"end":{"line":987,"column":59}},"611":{"start":{"line":989,"column":16},"end":{"line":989,"column":24}},"612":{"start":{"line":990,"column":16},"end":{"line":990,"column":157}},"613":{"start":{"line":992,"column":30},"end":{"line":992,"column":68}},"614":{"start":{"line":994,"column":30},"end":{"line":994,"column":38}},"615":{"start":{"line":996,"column":16},"end":{"line":996,"column":56}},"616":{"start":{"line":998,"column":16},"end":{"line":998,"column":49}},"617":{"start":{"line":999,"column":16},"end":{"line":999,"column":54}},"618":{"start":{"line":1000,"column":16},"end":{"line":1000,"column":57}},"619":{"start":{"line":1001,"column":16},"end":{"line":1001,"column":57}},"620":{"start":{"line":1003,"column":16},"end":{"line":1003,"column":51}},"621":{"start":{"line":1004,"column":16},"end":{"line":1004,"column":47}},"622":{"start":{"line":1005,"column":16},"end":{"line":1005,"column":53}},"623":{"start":{"line":1006,"column":16},"end":{"line":1006,"column":53}},"624":{"start":{"line":1007,"column":16},"end":{"line":1007,"column":53}},"625":{"start":{"line":1008,"column":16},"end":{"line":1008,"column":53}},"626":{"start":{"line":1009,"column":16},"end":{"line":1009,"column":63}},"627":{"start":{"line":1010,"column":16},"end":{"line":1010,"column":57}},"628":{"start":{"line":1011,"column":16},"end":{"line":1011,"column":51}},"629":{"start":{"line":1012,"column":16},"end":{"line":1012,"column":49}},"630":{"start":{"line":1014,"column":31},"end":{"line":1014,"column":94}},"631":{"start":{"line":1016,"column":16},"end":{"line":1019,"column":18}},"632":{"start":{"line":1017,"column":20},"end":{"line":1017,"column":57}},"633":{"start":{"line":1018,"column":20},"end":{"line":1018,"column":72}},"634":{"start":{"line":1021,"column":32},"end":{"line":1021,"column":99}},"635":{"start":{"line":1023,"column":16},"end":{"line":1026,"column":18}},"636":{"start":{"line":1024,"column":20},"end":{"line":1024,"column":58}},"637":{"start":{"line":1025,"column":20},"end":{"line":1025,"column":76}},"638":{"start":{"line":1029,"column":12},"end":{"line":1072,"column":14}},"639":{"start":{"line":1030,"column":155},"end":{"line":1030,"column":159}},"640":{"start":{"line":1032,"column":16},"end":{"line":1032,"column":59}},"641":{"start":{"line":1034,"column":16},"end":{"line":1034,"column":157}},"642":{"start":{"line":1036,"column":30},"end":{"line":1036,"column":68}},"643":{"start":{"line":1038,"column":30},"end":{"line":1038,"column":38}},"644":{"start":{"line":1040,"column":16},"end":{"line":1040,"column":56}},"645":{"start":{"line":1042,"column":16},"end":{"line":1042,"column":49}},"646":{"start":{"line":1043,"column":16},"end":{"line":1043,"column":57}},"647":{"start":{"line":1044,"column":16},"end":{"line":1044,"column":51}},"648":{"start":{"line":1045,"column":16},"end":{"line":1045,"column":57}},"649":{"start":{"line":1047,"column":16},"end":{"line":1047,"column":54}},"650":{"start":{"line":1049,"column":16},"end":{"line":1049,"column":47}},"651":{"start":{"line":1050,"column":16},"end":{"line":1050,"column":53}},"652":{"start":{"line":1051,"column":16},"end":{"line":1051,"column":53}},"653":{"start":{"line":1052,"column":16},"end":{"line":1052,"column":53}},"654":{"start":{"line":1053,"column":16},"end":{"line":1053,"column":53}},"655":{"start":{"line":1054,"column":16},"end":{"line":1054,"column":63}},"656":{"start":{"line":1055,"column":16},"end":{"line":1055,"column":57}},"657":{"start":{"line":1056,"column":16},"end":{"line":1056,"column":51}},"658":{"start":{"line":1057,"column":16},"end":{"line":1057,"column":49}},"659":{"start":{"line":1059,"column":31},"end":{"line":1059,"column":94}},"660":{"start":{"line":1061,"column":16},"end":{"line":1064,"column":18}},"661":{"start":{"line":1062,"column":20},"end":{"line":1062,"column":57}},"662":{"start":{"line":1063,"column":20},"end":{"line":1063,"column":72}},"663":{"start":{"line":1066,"column":32},"end":{"line":1066,"column":99}},"664":{"start":{"line":1068,"column":16},"end":{"line":1071,"column":18}},"665":{"start":{"line":1069,"column":20},"end":{"line":1069,"column":58}},"666":{"start":{"line":1070,"column":20},"end":{"line":1070,"column":76}},"667":{"start":{"line":1076,"column":12},"end":{"line":1080,"column":14}},"668":{"start":{"line":1077,"column":64},"end":{"line":1077,"column":68}},"669":{"start":{"line":1079,"column":16},"end":{"line":1079,"column":122}},"670":{"start":{"line":1079,"column":29},"end":{"line":1079,"column":72}},"671":{"start":{"line":1082,"column":12},"end":{"line":1086,"column":14}},"672":{"start":{"line":1083,"column":64},"end":{"line":1083,"column":68}},"673":{"start":{"line":1085,"column":16},"end":{"line":1085,"column":112}},"674":{"start":{"line":1085,"column":29},"end":{"line":1085,"column":67}},"675":{"start":{"line":1088,"column":12},"end":{"line":1092,"column":14}},"676":{"start":{"line":1089,"column":64},"end":{"line":1089,"column":68}},"677":{"start":{"line":1091,"column":16},"end":{"line":1091,"column":124}},"678":{"start":{"line":1091,"column":29},"end":{"line":1091,"column":78}},"679":{"start":{"line":1094,"column":12},"end":{"line":1098,"column":14}},"680":{"start":{"line":1095,"column":64},"end":{"line":1095,"column":68}},"681":{"start":{"line":1097,"column":16},"end":{"line":1097,"column":110}},"682":{"start":{"line":1097,"column":29},"end":{"line":1097,"column":66}},"683":{"start":{"line":1100,"column":12},"end":{"line":1104,"column":14}},"684":{"start":{"line":1101,"column":64},"end":{"line":1101,"column":68}},"685":{"start":{"line":1103,"column":16},"end":{"line":1103,"column":112}},"686":{"start":{"line":1103,"column":29},"end":{"line":1103,"column":67}},"687":{"start":{"line":1106,"column":12},"end":{"line":1110,"column":14}},"688":{"start":{"line":1107,"column":64},"end":{"line":1107,"column":68}},"689":{"start":{"line":1109,"column":16},"end":{"line":1109,"column":127}},"690":{"start":{"line":1109,"column":29},"end":{"line":1109,"column":76}},"691":{"start":{"line":1112,"column":12},"end":{"line":1116,"column":14}},"692":{"start":{"line":1113,"column":64},"end":{"line":1113,"column":68}},"693":{"start":{"line":1115,"column":16},"end":{"line":1115,"column":130}},"694":{"start":{"line":1115,"column":29},"end":{"line":1115,"column":74}},"695":{"start":{"line":1130,"column":12},"end":{"line":1134,"column":14}},"696":{"start":{"line":1131,"column":64},"end":{"line":1131,"column":68}},"697":{"start":{"line":1133,"column":16},"end":{"line":1133,"column":128}},"698":{"start":{"line":1133,"column":29},"end":{"line":1133,"column":80}},"699":{"start":{"line":1136,"column":12},"end":{"line":1140,"column":14}},"700":{"start":{"line":1137,"column":64},"end":{"line":1137,"column":68}},"701":{"start":{"line":1139,"column":16},"end":{"line":1139,"column":112}},"702":{"start":{"line":1139,"column":29},"end":{"line":1139,"column":68}},"703":{"start":{"line":1142,"column":12},"end":{"line":1146,"column":14}},"704":{"start":{"line":1143,"column":64},"end":{"line":1143,"column":68}},"705":{"start":{"line":1145,"column":16},"end":{"line":1145,"column":114}},"706":{"start":{"line":1145,"column":29},"end":{"line":1145,"column":69}},"707":{"start":{"line":1148,"column":12},"end":{"line":1152,"column":14}},"708":{"start":{"line":1149,"column":64},"end":{"line":1149,"column":68}},"709":{"start":{"line":1151,"column":16},"end":{"line":1151,"column":129}},"710":{"start":{"line":1151,"column":29},"end":{"line":1151,"column":78}},"711":{"start":{"line":1154,"column":12},"end":{"line":1158,"column":14}},"712":{"start":{"line":1155,"column":64},"end":{"line":1155,"column":68}},"713":{"start":{"line":1157,"column":16},"end":{"line":1157,"column":132}},"714":{"start":{"line":1157,"column":29},"end":{"line":1157,"column":76}},"715":{"start":{"line":1160,"column":12},"end":{"line":1164,"column":14}},"716":{"start":{"line":1161,"column":64},"end":{"line":1161,"column":68}},"717":{"start":{"line":1163,"column":16},"end":{"line":1163,"column":135}},"718":{"start":{"line":1163,"column":29},"end":{"line":1163,"column":86}},"719":{"start":{"line":1166,"column":12},"end":{"line":1170,"column":14}},"720":{"start":{"line":1167,"column":64},"end":{"line":1167,"column":68}},"721":{"start":{"line":1169,"column":16},"end":{"line":1169,"column":118}},"722":{"start":{"line":1169,"column":29},"end":{"line":1169,"column":74}},"723":{"start":{"line":1172,"column":12},"end":{"line":1176,"column":14}},"724":{"start":{"line":1173,"column":64},"end":{"line":1173,"column":68}},"725":{"start":{"line":1175,"column":16},"end":{"line":1175,"column":120}},"726":{"start":{"line":1175,"column":29},"end":{"line":1175,"column":75}},"727":{"start":{"line":1178,"column":12},"end":{"line":1182,"column":14}},"728":{"start":{"line":1179,"column":64},"end":{"line":1179,"column":68}},"729":{"start":{"line":1181,"column":16},"end":{"line":1181,"column":135}},"730":{"start":{"line":1181,"column":29},"end":{"line":1181,"column":84}},"731":{"start":{"line":1184,"column":12},"end":{"line":1188,"column":14}},"732":{"start":{"line":1185,"column":64},"end":{"line":1185,"column":68}},"733":{"start":{"line":1187,"column":16},"end":{"line":1187,"column":138}},"734":{"start":{"line":1187,"column":29},"end":{"line":1187,"column":82}},"735":{"start":{"line":1190,"column":12},"end":{"line":1194,"column":14}},"736":{"start":{"line":1191,"column":64},"end":{"line":1191,"column":68}},"737":{"start":{"line":1193,"column":16},"end":{"line":1193,"column":141}},"738":{"start":{"line":1193,"column":29},"end":{"line":1193,"column":92}},"739":{"start":{"line":1196,"column":12},"end":{"line":1200,"column":14}},"740":{"start":{"line":1197,"column":64},"end":{"line":1197,"column":68}},"741":{"start":{"line":1199,"column":16},"end":{"line":1199,"column":124}},"742":{"start":{"line":1199,"column":29},"end":{"line":1199,"column":80}},"743":{"start":{"line":1202,"column":12},"end":{"line":1206,"column":14}},"744":{"start":{"line":1203,"column":64},"end":{"line":1203,"column":68}},"745":{"start":{"line":1205,"column":16},"end":{"line":1205,"column":126}},"746":{"start":{"line":1205,"column":29},"end":{"line":1205,"column":81}},"747":{"start":{"line":1208,"column":12},"end":{"line":1212,"column":14}},"748":{"start":{"line":1209,"column":64},"end":{"line":1209,"column":68}},"749":{"start":{"line":1211,"column":16},"end":{"line":1211,"column":141}},"750":{"start":{"line":1211,"column":29},"end":{"line":1211,"column":90}},"751":{"start":{"line":1214,"column":12},"end":{"line":1218,"column":14}},"752":{"start":{"line":1215,"column":64},"end":{"line":1215,"column":68}},"753":{"start":{"line":1217,"column":16},"end":{"line":1217,"column":144}},"754":{"start":{"line":1217,"column":29},"end":{"line":1217,"column":88}},"755":{"start":{"line":1220,"column":12},"end":{"line":1224,"column":14}},"756":{"start":{"line":1221,"column":64},"end":{"line":1221,"column":68}},"757":{"start":{"line":1223,"column":16},"end":{"line":1223,"column":139}},"758":{"start":{"line":1223,"column":29},"end":{"line":1223,"column":98}},"759":{"start":{"line":1226,"column":12},"end":{"line":1230,"column":14}},"760":{"start":{"line":1227,"column":64},"end":{"line":1227,"column":68}},"761":{"start":{"line":1229,"column":16},"end":{"line":1229,"column":132}},"762":{"start":{"line":1229,"column":29},"end":{"line":1229,"column":88}},"763":{"start":{"line":1232,"column":12},"end":{"line":1236,"column":14}},"764":{"start":{"line":1233,"column":64},"end":{"line":1233,"column":68}},"765":{"start":{"line":1235,"column":16},"end":{"line":1235,"column":132}},"766":{"start":{"line":1235,"column":29},"end":{"line":1235,"column":87}},"767":{"start":{"line":1238,"column":12},"end":{"line":1242,"column":14}},"768":{"start":{"line":1239,"column":64},"end":{"line":1239,"column":68}},"769":{"start":{"line":1241,"column":16},"end":{"line":1241,"column":147}},"770":{"start":{"line":1241,"column":29},"end":{"line":1241,"column":96}},"771":{"start":{"line":1244,"column":12},"end":{"line":1248,"column":14}},"772":{"start":{"line":1245,"column":64},"end":{"line":1245,"column":68}},"773":{"start":{"line":1247,"column":16},"end":{"line":1247,"column":150}},"774":{"start":{"line":1247,"column":29},"end":{"line":1247,"column":94}},"775":{"start":{"line":1250,"column":12},"end":{"line":1254,"column":14}},"776":{"start":{"line":1251,"column":64},"end":{"line":1251,"column":68}},"777":{"start":{"line":1253,"column":16},"end":{"line":1253,"column":154}},"778":{"start":{"line":1253,"column":29},"end":{"line":1253,"column":104}},"779":{"start":{"line":1256,"column":12},"end":{"line":1260,"column":14}},"780":{"start":{"line":1257,"column":64},"end":{"line":1257,"column":68}},"781":{"start":{"line":1259,"column":16},"end":{"line":1259,"column":136}},"782":{"start":{"line":1259,"column":29},"end":{"line":1259,"column":92}},"783":{"start":{"line":1262,"column":12},"end":{"line":1266,"column":14}},"784":{"start":{"line":1263,"column":64},"end":{"line":1263,"column":68}},"785":{"start":{"line":1265,"column":16},"end":{"line":1265,"column":138}},"786":{"start":{"line":1265,"column":29},"end":{"line":1265,"column":93}},"787":{"start":{"line":1268,"column":12},"end":{"line":1272,"column":14}},"788":{"start":{"line":1269,"column":64},"end":{"line":1269,"column":68}},"789":{"start":{"line":1271,"column":16},"end":{"line":1271,"column":153}},"790":{"start":{"line":1271,"column":29},"end":{"line":1271,"column":102}},"791":{"start":{"line":1274,"column":12},"end":{"line":1278,"column":14}},"792":{"start":{"line":1275,"column":64},"end":{"line":1275,"column":68}},"793":{"start":{"line":1277,"column":16},"end":{"line":1277,"column":156}},"794":{"start":{"line":1277,"column":29},"end":{"line":1277,"column":100}},"795":{"start":{"line":1280,"column":12},"end":{"line":1284,"column":14}},"796":{"start":{"line":1281,"column":64},"end":{"line":1281,"column":68}},"797":{"start":{"line":1283,"column":16},"end":{"line":1283,"column":151}},"798":{"start":{"line":1283,"column":29},"end":{"line":1283,"column":110}},"799":{"start":{"line":1286,"column":12},"end":{"line":1290,"column":14}},"800":{"start":{"line":1287,"column":64},"end":{"line":1287,"column":68}},"801":{"start":{"line":1289,"column":16},"end":{"line":1289,"column":144}},"802":{"start":{"line":1289,"column":29},"end":{"line":1289,"column":100}},"803":{"start":{"line":1292,"column":12},"end":{"line":1296,"column":14}},"804":{"start":{"line":1293,"column":64},"end":{"line":1293,"column":68}},"805":{"start":{"line":1295,"column":16},"end":{"line":1295,"column":144}},"806":{"start":{"line":1295,"column":29},"end":{"line":1295,"column":99}},"807":{"start":{"line":1298,"column":12},"end":{"line":1302,"column":14}},"808":{"start":{"line":1299,"column":64},"end":{"line":1299,"column":68}},"809":{"start":{"line":1301,"column":16},"end":{"line":1301,"column":159}},"810":{"start":{"line":1301,"column":29},"end":{"line":1301,"column":108}},"811":{"start":{"line":1304,"column":12},"end":{"line":1308,"column":14}},"812":{"start":{"line":1305,"column":64},"end":{"line":1305,"column":68}},"813":{"start":{"line":1307,"column":16},"end":{"line":1307,"column":162}},"814":{"start":{"line":1307,"column":29},"end":{"line":1307,"column":106}},"815":{"start":{"line":1310,"column":12},"end":{"line":1314,"column":14}},"816":{"start":{"line":1311,"column":64},"end":{"line":1311,"column":68}},"817":{"start":{"line":1313,"column":16},"end":{"line":1313,"column":157}},"818":{"start":{"line":1313,"column":29},"end":{"line":1313,"column":116}},"819":{"start":{"line":1316,"column":12},"end":{"line":1320,"column":14}},"820":{"start":{"line":1317,"column":64},"end":{"line":1317,"column":68}},"821":{"start":{"line":1319,"column":16},"end":{"line":1319,"column":150}},"822":{"start":{"line":1319,"column":29},"end":{"line":1319,"column":106}},"823":{"start":{"line":1322,"column":12},"end":{"line":1326,"column":14}},"824":{"start":{"line":1323,"column":64},"end":{"line":1323,"column":68}},"825":{"start":{"line":1325,"column":16},"end":{"line":1325,"column":150}},"826":{"start":{"line":1325,"column":29},"end":{"line":1325,"column":105}},"827":{"start":{"line":1328,"column":12},"end":{"line":1332,"column":14}},"828":{"start":{"line":1329,"column":64},"end":{"line":1329,"column":68}},"829":{"start":{"line":1331,"column":16},"end":{"line":1331,"column":165}},"830":{"start":{"line":1331,"column":29},"end":{"line":1331,"column":114}},"831":{"start":{"line":1334,"column":12},"end":{"line":1338,"column":14}},"832":{"start":{"line":1335,"column":64},"end":{"line":1335,"column":68}},"833":{"start":{"line":1337,"column":16},"end":{"line":1337,"column":168}},"834":{"start":{"line":1337,"column":29},"end":{"line":1337,"column":112}},"835":{"start":{"line":1341,"column":8},"end":{"line":1579,"column":10}},"836":{"start":{"line":1344,"column":12},"end":{"line":1356,"column":14}},"837":{"start":{"line":1345,"column":16},"end":{"line":1345,"column":215}},"838":{"start":{"line":1347,"column":16},"end":{"line":1347,"column":52}},"839":{"start":{"line":1349,"column":16},"end":{"line":1349,"column":230}},"840":{"start":{"line":1351,"column":16},"end":{"line":1351,"column":52}},"841":{"start":{"line":1353,"column":16},"end":{"line":1353,"column":216}},"842":{"start":{"line":1355,"column":16},"end":{"line":1355,"column":52}},"843":{"start":{"line":1358,"column":12},"end":{"line":1382,"column":14}},"844":{"start":{"line":1359,"column":30},"end":{"line":1359,"column":44}},"845":{"start":{"line":1361,"column":32},"end":{"line":1361,"column":78}},"846":{"start":{"line":1362,"column":31},"end":{"line":1362,"column":41}},"847":{"start":{"line":1364,"column":16},"end":{"line":1364,"column":39}},"848":{"start":{"line":1366,"column":28},"end":{"line":1366,"column":74}},"849":{"start":{"line":1368,"column":30},"end":{"line":1368,"column":53}},"850":{"start":{"line":1370,"column":29},"end":{"line":1370,"column":37}},"851":{"start":{"line":1372,"column":16},"end":{"line":1372,"column":57}},"852":{"start":{"line":1373,"column":16},"end":{"line":1373,"column":66}},"853":{"start":{"line":1374,"column":16},"end":{"line":1374,"column":54}},"854":{"start":{"line":1375,"column":16},"end":{"line":1375,"column":56}},"855":{"start":{"line":1376,"column":16},"end":{"line":1376,"column":62}},"856":{"start":{"line":1377,"column":16},"end":{"line":1377,"column":72}},"857":{"start":{"line":1379,"column":16},"end":{"line":1379,"column":89}},"858":{"start":{"line":1380,"column":16},"end":{"line":1380,"column":93}},"859":{"start":{"line":1384,"column":12},"end":{"line":1438,"column":14}},"860":{"start":{"line":1385,"column":16},"end":{"line":1385,"column":98}},"861":{"start":{"line":1387,"column":16},"end":{"line":1387,"column":98}},"862":{"start":{"line":1388,"column":16},"end":{"line":1388,"column":102}},"863":{"start":{"line":1389,"column":16},"end":{"line":1389,"column":102}},"864":{"start":{"line":1390,"column":31},"end":{"line":1390,"column":51}},"865":{"start":{"line":1391,"column":33},"end":{"line":1391,"column":55}},"866":{"start":{"line":1392,"column":30},"end":{"line":1392,"column":90}},"867":{"start":{"line":1393,"column":33},"end":{"line":1393,"column":37}},"868":{"start":{"line":1396,"column":32},"end":{"line":1396,"column":78}},"869":{"start":{"line":1398,"column":31},"end":{"line":1398,"column":41}},"870":{"start":{"line":1400,"column":16},"end":{"line":1400,"column":39}},"871":{"start":{"line":1402,"column":28},"end":{"line":1419,"column":17}},"872":{"start":{"line":1421,"column":30},"end":{"line":1421,"column":53}},"873":{"start":{"line":1423,"column":29},"end":{"line":1423,"column":37}},"874":{"start":{"line":1425,"column":16},"end":{"line":1425,"column":57}},"875":{"start":{"line":1426,"column":16},"end":{"line":1426,"column":66}},"876":{"start":{"line":1428,"column":16},"end":{"line":1428,"column":54}},"877":{"start":{"line":1429,"column":16},"end":{"line":1429,"column":56}},"878":{"start":{"line":1430,"column":16},"end":{"line":1430,"column":62}},"879":{"start":{"line":1431,"column":16},"end":{"line":1431,"column":72}},"880":{"start":{"line":1433,"column":16},"end":{"line":1433,"column":84}},"881":{"start":{"line":1434,"column":16},"end":{"line":1434,"column":102}},"882":{"start":{"line":1436,"column":16},"end":{"line":1436,"column":92}},"883":{"start":{"line":1437,"column":16},"end":{"line":1437,"column":110}},"884":{"start":{"line":1440,"column":12},"end":{"line":1506,"column":14}},"885":{"start":{"line":1443,"column":16},"end":{"line":1443,"column":98}},"886":{"start":{"line":1445,"column":16},"end":{"line":1445,"column":98}},"887":{"start":{"line":1446,"column":16},"end":{"line":1446,"column":102}},"888":{"start":{"line":1447,"column":16},"end":{"line":1447,"column":102}},"889":{"start":{"line":1449,"column":31},"end":{"line":1449,"column":51}},"890":{"start":{"line":1450,"column":33},"end":{"line":1450,"column":55}},"891":{"start":{"line":1452,"column":30},"end":{"line":1452,"column":136}},"892":{"start":{"line":1453,"column":33},"end":{"line":1453,"column":37}},"893":{"start":{"line":1455,"column":32},"end":{"line":1455,"column":78}},"894":{"start":{"line":1457,"column":31},"end":{"line":1457,"column":41}},"895":{"start":{"line":1459,"column":16},"end":{"line":1459,"column":39}},"896":{"start":{"line":1461,"column":28},"end":{"line":1484,"column":17}},"897":{"start":{"line":1486,"column":30},"end":{"line":1486,"column":53}},"898":{"start":{"line":1488,"column":29},"end":{"line":1488,"column":37}},"899":{"start":{"line":1490,"column":16},"end":{"line":1490,"column":57}},"900":{"start":{"line":1491,"column":16},"end":{"line":1491,"column":66}},"901":{"start":{"line":1493,"column":16},"end":{"line":1493,"column":54}},"902":{"start":{"line":1494,"column":16},"end":{"line":1494,"column":56}},"903":{"start":{"line":1495,"column":16},"end":{"line":1495,"column":62}},"904":{"start":{"line":1496,"column":16},"end":{"line":1496,"column":72}},"905":{"start":{"line":1497,"column":16},"end":{"line":1497,"column":24}},"906":{"start":{"line":1498,"column":16},"end":{"line":1498,"column":62}},"907":{"start":{"line":1500,"column":16},"end":{"line":1500,"column":84}},"908":{"start":{"line":1501,"column":16},"end":{"line":1501,"column":102}},"909":{"start":{"line":1503,"column":16},"end":{"line":1503,"column":92}},"910":{"start":{"line":1504,"column":16},"end":{"line":1504,"column":110}},"911":{"start":{"line":1509,"column":12},"end":{"line":1512,"column":14}},"912":{"start":{"line":1511,"column":16},"end":{"line":1511,"column":123}},"913":{"start":{"line":1511,"column":29},"end":{"line":1511,"column":122}},"914":{"start":{"line":1514,"column":12},"end":{"line":1517,"column":14}},"915":{"start":{"line":1516,"column":16},"end":{"line":1516,"column":113}},"916":{"start":{"line":1516,"column":29},"end":{"line":1516,"column":112}},"917":{"start":{"line":1519,"column":12},"end":{"line":1522,"column":14}},"918":{"start":{"line":1521,"column":16},"end":{"line":1521,"column":126}},"919":{"start":{"line":1521,"column":29},"end":{"line":1521,"column":125}},"920":{"start":{"line":1524,"column":12},"end":{"line":1527,"column":14}},"921":{"start":{"line":1526,"column":16},"end":{"line":1526,"column":111}},"922":{"start":{"line":1526,"column":29},"end":{"line":1526,"column":110}},"923":{"start":{"line":1529,"column":12},"end":{"line":1532,"column":14}},"924":{"start":{"line":1531,"column":16},"end":{"line":1531,"column":113}},"925":{"start":{"line":1531,"column":29},"end":{"line":1531,"column":112}},"926":{"start":{"line":1534,"column":12},"end":{"line":1537,"column":14}},"927":{"start":{"line":1536,"column":16},"end":{"line":1536,"column":128}},"928":{"start":{"line":1536,"column":29},"end":{"line":1536,"column":127}},"929":{"start":{"line":1539,"column":12},"end":{"line":1542,"column":14}},"930":{"start":{"line":1541,"column":16},"end":{"line":1541,"column":130}},"931":{"start":{"line":1541,"column":29},"end":{"line":1541,"column":129}},"932":{"start":{"line":1544,"column":12},"end":{"line":1547,"column":14}},"933":{"start":{"line":1545,"column":30},"end":{"line":1545,"column":44}},"934":{"start":{"line":1546,"column":16},"end":{"line":1546,"column":109}},"935":{"start":{"line":1546,"column":29},"end":{"line":1546,"column":108}},"936":{"start":{"line":1549,"column":12},"end":{"line":1552,"column":14}},"937":{"start":{"line":1550,"column":30},"end":{"line":1550,"column":44}},"938":{"start":{"line":1551,"column":16},"end":{"line":1551,"column":99}},"939":{"start":{"line":1551,"column":29},"end":{"line":1551,"column":98}},"940":{"start":{"line":1554,"column":12},"end":{"line":1557,"column":14}},"941":{"start":{"line":1555,"column":30},"end":{"line":1555,"column":44}},"942":{"start":{"line":1556,"column":16},"end":{"line":1556,"column":109}},"943":{"start":{"line":1556,"column":29},"end":{"line":1556,"column":108}},"944":{"start":{"line":1559,"column":12},"end":{"line":1562,"column":14}},"945":{"start":{"line":1560,"column":30},"end":{"line":1560,"column":44}},"946":{"start":{"line":1561,"column":16},"end":{"line":1561,"column":97}},"947":{"start":{"line":1561,"column":29},"end":{"line":1561,"column":96}},"948":{"start":{"line":1564,"column":12},"end":{"line":1567,"column":14}},"949":{"start":{"line":1565,"column":30},"end":{"line":1565,"column":44}},"950":{"start":{"line":1566,"column":16},"end":{"line":1566,"column":99}},"951":{"start":{"line":1566,"column":29},"end":{"line":1566,"column":98}},"952":{"start":{"line":1569,"column":12},"end":{"line":1572,"column":14}},"953":{"start":{"line":1570,"column":30},"end":{"line":1570,"column":44}},"954":{"start":{"line":1571,"column":16},"end":{"line":1571,"column":114}},"955":{"start":{"line":1571,"column":29},"end":{"line":1571,"column":113}},"956":{"start":{"line":1574,"column":12},"end":{"line":1577,"column":14}},"957":{"start":{"line":1575,"column":30},"end":{"line":1575,"column":44}},"958":{"start":{"line":1576,"column":16},"end":{"line":1576,"column":117}},"959":{"start":{"line":1576,"column":29},"end":{"line":1576,"column":116}},"960":{"start":{"line":1581,"column":8},"end":{"line":1654,"column":10}},"961":{"start":{"line":1584,"column":12},"end":{"line":1606,"column":14}},"962":{"start":{"line":1585,"column":16},"end":{"line":1585,"column":214}},"963":{"start":{"line":1587,"column":16},"end":{"line":1587,"column":51}},"964":{"start":{"line":1589,"column":16},"end":{"line":1589,"column":216}},"965":{"start":{"line":1591,"column":16},"end":{"line":1591,"column":52}},"966":{"start":{"line":1593,"column":16},"end":{"line":1593,"column":46}},"967":{"start":{"line":1595,"column":16},"end":{"line":1597,"column":18}},"968":{"start":{"line":1599,"column":16},"end":{"line":1599,"column":54}},"969":{"start":{"line":1601,"column":16},"end":{"line":1601,"column":104}},"970":{"start":{"line":1603,"column":16},"end":{"line":1603,"column":97}},"971":{"start":{"line":1604,"column":16},"end":{"line":1604,"column":101}},"972":{"start":{"line":1608,"column":12},"end":{"line":1625,"column":14}},"973":{"start":{"line":1610,"column":16},"end":{"line":1610,"column":61}},"974":{"start":{"line":1612,"column":30},"end":{"line":1612,"column":89}},"975":{"start":{"line":1613,"column":16},"end":{"line":1613,"column":42}},"976":{"start":{"line":1615,"column":31},"end":{"line":1615,"column":81}},"977":{"start":{"line":1616,"column":35},"end":{"line":1616,"column":89}},"978":{"start":{"line":1618,"column":38},"end":{"line":1618,"column":95}},"979":{"start":{"line":1619,"column":33},"end":{"line":1619,"column":85}},"980":{"start":{"line":1621,"column":16},"end":{"line":1621,"column":52}},"981":{"start":{"line":1622,"column":16},"end":{"line":1622,"column":56}},"982":{"start":{"line":1623,"column":16},"end":{"line":1623,"column":59}},"983":{"start":{"line":1624,"column":16},"end":{"line":1624,"column":54}},"984":{"start":{"line":1627,"column":12},"end":{"line":1629,"column":14}},"985":{"start":{"line":1628,"column":16},"end":{"line":1628,"column":109}},"986":{"start":{"line":1628,"column":29},"end":{"line":1628,"column":108}},"987":{"start":{"line":1631,"column":12},"end":{"line":1633,"column":14}},"988":{"start":{"line":1632,"column":16},"end":{"line":1632,"column":99}},"989":{"start":{"line":1632,"column":29},"end":{"line":1632,"column":98}},"990":{"start":{"line":1635,"column":12},"end":{"line":1637,"column":14}},"991":{"start":{"line":1636,"column":16},"end":{"line":1636,"column":108}},"992":{"start":{"line":1636,"column":29},"end":{"line":1636,"column":107}},"993":{"start":{"line":1639,"column":12},"end":{"line":1641,"column":14}},"994":{"start":{"line":1640,"column":16},"end":{"line":1640,"column":97}},"995":{"start":{"line":1640,"column":29},"end":{"line":1640,"column":96}},"996":{"start":{"line":1643,"column":12},"end":{"line":1645,"column":14}},"997":{"start":{"line":1644,"column":16},"end":{"line":1644,"column":99}},"998":{"start":{"line":1644,"column":29},"end":{"line":1644,"column":98}},"999":{"start":{"line":1647,"column":12},"end":{"line":1649,"column":14}},"1000":{"start":{"line":1648,"column":16},"end":{"line":1648,"column":118}},"1001":{"start":{"line":1648,"column":29},"end":{"line":1648,"column":117}},"1002":{"start":{"line":1651,"column":12},"end":{"line":1653,"column":14}},"1003":{"start":{"line":1652,"column":16},"end":{"line":1652,"column":117}},"1004":{"start":{"line":1652,"column":29},"end":{"line":1652,"column":116}},"1005":{"start":{"line":1658,"column":4},"end":{"line":2094,"column":6}},"1006":{"start":{"line":1660,"column":8},"end":{"line":1790,"column":10}},"1007":{"start":{"line":1663,"column":12},"end":{"line":1679,"column":14}},"1008":{"start":{"line":1665,"column":16},"end":{"line":1667,"column":18}},"1009":{"start":{"line":1669,"column":16},"end":{"line":1669,"column":51}},"1010":{"start":{"line":1671,"column":16},"end":{"line":1673,"column":18}},"1011":{"start":{"line":1675,"column":16},"end":{"line":1675,"column":52}},"1012":{"start":{"line":1677,"column":16},"end":{"line":1677,"column":46}},"1013":{"start":{"line":1681,"column":12},"end":{"line":1704,"column":14}},"1014":{"start":{"line":1682,"column":29},"end":{"line":1682,"column":39}},"1015":{"start":{"line":1684,"column":16},"end":{"line":1684,"column":103}},"1016":{"start":{"line":1686,"column":33},"end":{"line":1686,"column":74}},"1017":{"start":{"line":1688,"column":16},"end":{"line":1688,"column":54}},"1018":{"start":{"line":1689,"column":32},"end":{"line":1689,"column":43}},"1019":{"start":{"line":1690,"column":16},"end":{"line":1690,"column":58}},"1020":{"start":{"line":1692,"column":16},"end":{"line":1692,"column":62}},"1021":{"start":{"line":1693,"column":16},"end":{"line":1693,"column":62}},"1022":{"start":{"line":1694,"column":16},"end":{"line":1694,"column":54}},"1023":{"start":{"line":1695,"column":16},"end":{"line":1695,"column":81}},"1024":{"start":{"line":1697,"column":38},"end":{"line":1697,"column":84}},"1025":{"start":{"line":1698,"column":16},"end":{"line":1698,"column":59}},"1026":{"start":{"line":1700,"column":37},"end":{"line":1700,"column":53}},"1027":{"start":{"line":1701,"column":16},"end":{"line":1701,"column":63}},"1028":{"start":{"line":1702,"column":16},"end":{"line":1702,"column":66}},"1029":{"start":{"line":1703,"column":16},"end":{"line":1703,"column":67}},"1030":{"start":{"line":1706,"column":12},"end":{"line":1708,"column":14}},"1031":{"start":{"line":1707,"column":16},"end":{"line":1707,"column":107}},"1032":{"start":{"line":1707,"column":29},"end":{"line":1707,"column":106}},"1033":{"start":{"line":1710,"column":12},"end":{"line":1712,"column":14}},"1034":{"start":{"line":1711,"column":16},"end":{"line":1711,"column":97}},"1035":{"start":{"line":1711,"column":29},"end":{"line":1711,"column":96}},"1036":{"start":{"line":1714,"column":12},"end":{"line":1716,"column":14}},"1037":{"start":{"line":1715,"column":16},"end":{"line":1715,"column":106}},"1038":{"start":{"line":1715,"column":29},"end":{"line":1715,"column":105}},"1039":{"start":{"line":1718,"column":12},"end":{"line":1720,"column":14}},"1040":{"start":{"line":1719,"column":16},"end":{"line":1719,"column":95}},"1041":{"start":{"line":1719,"column":29},"end":{"line":1719,"column":94}},"1042":{"start":{"line":1722,"column":12},"end":{"line":1724,"column":14}},"1043":{"start":{"line":1723,"column":16},"end":{"line":1723,"column":97}},"1044":{"start":{"line":1723,"column":29},"end":{"line":1723,"column":96}},"1045":{"start":{"line":1726,"column":12},"end":{"line":1728,"column":14}},"1046":{"start":{"line":1727,"column":16},"end":{"line":1727,"column":116}},"1047":{"start":{"line":1727,"column":29},"end":{"line":1727,"column":115}},"1048":{"start":{"line":1730,"column":12},"end":{"line":1732,"column":14}},"1049":{"start":{"line":1731,"column":16},"end":{"line":1731,"column":115}},"1050":{"start":{"line":1731,"column":29},"end":{"line":1731,"column":114}},"1051":{"start":{"line":1734,"column":12},"end":{"line":1736,"column":14}},"1052":{"start":{"line":1735,"column":16},"end":{"line":1735,"column":127}},"1053":{"start":{"line":1735,"column":29},"end":{"line":1735,"column":126}},"1054":{"start":{"line":1738,"column":12},"end":{"line":1740,"column":14}},"1055":{"start":{"line":1739,"column":16},"end":{"line":1739,"column":117}},"1056":{"start":{"line":1739,"column":29},"end":{"line":1739,"column":116}},"1057":{"start":{"line":1742,"column":12},"end":{"line":1744,"column":14}},"1058":{"start":{"line":1743,"column":16},"end":{"line":1743,"column":126}},"1059":{"start":{"line":1743,"column":29},"end":{"line":1743,"column":125}},"1060":{"start":{"line":1746,"column":12},"end":{"line":1748,"column":14}},"1061":{"start":{"line":1747,"column":16},"end":{"line":1747,"column":115}},"1062":{"start":{"line":1747,"column":29},"end":{"line":1747,"column":114}},"1063":{"start":{"line":1750,"column":12},"end":{"line":1752,"column":14}},"1064":{"start":{"line":1751,"column":16},"end":{"line":1751,"column":117}},"1065":{"start":{"line":1751,"column":29},"end":{"line":1751,"column":116}},"1066":{"start":{"line":1754,"column":12},"end":{"line":1756,"column":14}},"1067":{"start":{"line":1755,"column":16},"end":{"line":1755,"column":136}},"1068":{"start":{"line":1755,"column":29},"end":{"line":1755,"column":135}},"1069":{"start":{"line":1758,"column":12},"end":{"line":1760,"column":14}},"1070":{"start":{"line":1759,"column":16},"end":{"line":1759,"column":135}},"1071":{"start":{"line":1759,"column":29},"end":{"line":1759,"column":134}},"1072":{"start":{"line":1762,"column":12},"end":{"line":1764,"column":14}},"1073":{"start":{"line":1763,"column":16},"end":{"line":1763,"column":148}},"1074":{"start":{"line":1763,"column":29},"end":{"line":1763,"column":147}},"1075":{"start":{"line":1766,"column":12},"end":{"line":1768,"column":14}},"1076":{"start":{"line":1767,"column":16},"end":{"line":1767,"column":138}},"1077":{"start":{"line":1767,"column":29},"end":{"line":1767,"column":137}},"1078":{"start":{"line":1770,"column":12},"end":{"line":1772,"column":14}},"1079":{"start":{"line":1771,"column":16},"end":{"line":1771,"column":147}},"1080":{"start":{"line":1771,"column":29},"end":{"line":1771,"column":146}},"1081":{"start":{"line":1774,"column":12},"end":{"line":1776,"column":14}},"1082":{"start":{"line":1775,"column":16},"end":{"line":1775,"column":136}},"1083":{"start":{"line":1775,"column":29},"end":{"line":1775,"column":135}},"1084":{"start":{"line":1778,"column":12},"end":{"line":1780,"column":14}},"1085":{"start":{"line":1779,"column":16},"end":{"line":1779,"column":138}},"1086":{"start":{"line":1779,"column":29},"end":{"line":1779,"column":137}},"1087":{"start":{"line":1782,"column":12},"end":{"line":1784,"column":14}},"1088":{"start":{"line":1783,"column":16},"end":{"line":1783,"column":157}},"1089":{"start":{"line":1783,"column":29},"end":{"line":1783,"column":156}},"1090":{"start":{"line":1786,"column":12},"end":{"line":1788,"column":14}},"1091":{"start":{"line":1787,"column":16},"end":{"line":1787,"
[...]
:498},"169":{"loc":{"start":{"line":499,"column":8},"end":{"line":499,"column":95}},"type":"if","locations":[{"start":{"line":499,"column":8},"end":{"line":499,"column":95}},{"start":{"line":499,"column":8},"end":{"line":499,"column":95}}],"line":499},"170":{"loc":{"start":{"line":499,"column":12},"end":{"line":499,"column":47}},"type":"binary-expr","locations":[{"start":{"line":499,"column":12},"end":{"line":499,"column":24}},{"start":{"line":499,"column":28},"end":{"line":499,"column":47}}],"line":499},"171":{"loc":{"start":{"line":509,"column":12},"end":{"line":509,"column":46}},"type":"if","locations":[{"start":{"line":509,"column":12},"end":{"line":509,"column":46}},{"start":{"line":509,"column":12},"end":{"line":509,"column":46}}],"line":509},"172":{"loc":{"start":{"line":528,"column":12},"end":{"line":528,"column":127}},"type":"cond-expr","locations":[{"start":{"line":528,"column":27},"end":{"line":528,"column":31}},{"start":{"line":528,"column":34},"end":{"line":528,"column":127}}],"line":528},"173":{"loc":{"start":{"line":541,"column":8},"end":{"line":541,"column":133}},"type":"if","locations":[{"start":{"line":541,"column":8},"end":{"line":541,"column":133}},{"start":{"line":541,"column":8},"end":{"line":541,"column":133}}],"line":541},"174":{"loc":{"start":{"line":541,"column":12},"end":{"line":541,"column":85}},"type":"binary-expr","locations":[{"start":{"line":541,"column":12},"end":{"line":541,"column":40}},{"start":{"line":541,"column":44},"end":{"line":541,"column":60}},{"start":{"line":541,"column":64},"end":{"line":541,"column":85}}],"line":541},"175":{"loc":{"start":{"line":542,"column":8},"end":{"line":542,"column":107}},"type":"if","locations":[{"start":{"line":542,"column":8},"end":{"line":542,"column":107}},{"start":{"line":542,"column":8},"end":{"line":542,"column":107}}],"line":542},"176":{"loc":{"start":{"line":542,"column":12},"end":{"line":542,"column":55}},"type":"binary-expr","locations":[{"start":{"line":542,"column":12},"end":{"line":542,"column":28}},{"start":{"line":542,"column":32},"end":{"line":542,"column":55}}],"line":542},"177":{"loc":{"start":{"line":544,"column":8},"end":{"line":544,"column":133}},"type":"if","locations":[{"start":{"line":544,"column":8},"end":{"line":544,"column":133}},{"start":{"line":544,"column":8},"end":{"line":544,"column":133}}],"line":544},"178":{"loc":{"start":{"line":544,"column":12},"end":{"line":544,"column":85}},"type":"binary-expr","locations":[{"start":{"line":544,"column":12},"end":{"line":544,"column":40}},{"start":{"line":544,"column":44},"end":{"line":544,"column":60}},{"start":{"line":544,"column":64},"end":{"line":544,"column":85}}],"line":544},"179":{"loc":{"start":{"line":545,"column":8},"end":{"line":545,"column":107}},"type":"if","locations":[{"start":{"line":545,"column":8},"end":{"line":545,"column":107}},{"start":{"line":545,"column":8},"end":{"line":545,"column":107}}],"line":545},"180":{"loc":{"start":{"line":545,"column":12},"end":{"line":545,"column":55}},"type":"binary-expr","locations":[{"start":{"line":545,"column":12},"end":{"line":545,"column":28}},{"start":{"line":545,"column":32},"end":{"line":545,"column":55}}],"line":545},"181":{"loc":{"start":{"line":568,"column":28},"end":{"line":568,"column":45}},"type":"cond-expr","locations":[{"start":{"line":568,"column":37},"end":{"line":568,"column":40}},{"start":{"line":568,"column":43},"end":{"line":568,"column":45}}],"line":568},"182":{"loc":{"start":{"line":582,"column":16},"end":{"line":585,"column":17}},"type":"if","locations":[{"start":{"line":582,"column":16},"end":{"line":585,"column":17}},{"start":{"line":582,"column":16},"end":{"line":585,"column":17}}],"line":582},"183":{"loc":{"start":{"line":582,"column":20},"end":{"line":582,"column":87}},"type":"binary-expr","locations":[{"start":{"line":582,"column":20},"end":{"line":582,"column":42}},{"start":{"line":582,"column":46},"end":{"line":582,"column":87}}],"line":582},"184":{"loc":{"start":{"line":606,"column":8},"end":{"line":606,"column":137}},"type":"if","locations":[{"start":{"line":606,"column":8},"end":{"line":606,"column":137}},{"start":{"line":606,"column":8},"end":{"line":606,"column":137}}],"line":606},"185":{"loc":{"start":{"line":606,"column":12},"end":{"line":606,"column":88}},"type":"binary-expr","locations":[{"start":{"line":606,"column":12},"end":{"line":606,"column":41}},{"start":{"line":606,"column":45},"end":{"line":606,"column":62}},{"start":{"line":606,"column":66},"end":{"line":606,"column":88}}],"line":606},"186":{"loc":{"start":{"line":607,"column":8},"end":{"line":607,"column":109}},"type":"if","locations":[{"start":{"line":607,"column":8},"end":{"line":607,"column":109}},{"start":{"line":607,"column":8},"end":{"line":607,"column":109}}],"line":607},"187":{"loc":{"start":{"line":607,"column":12},"end":{"line":607,"column":57}},"type":"binary-expr","locations":[{"start":{"line":607,"column":12},"end":{"line":607,"column":29}},{"start":{"line":607,"column":33},"end":{"line":607,"column":57}}],"line":607},"188":{"loc":{"start":{"line":634,"column":16},"end":{"line":638,"column":17}},"type":"if","locations":[{"start":{"line":634,"column":16},"end":{"line":638,"column":17}},{"start":{"line":634,"column":16},"end":{"line":638,"column":17}}],"line":634},"189":{"loc":{"start":{"line":654,"column":8},"end":{"line":654,"column":137}},"type":"if","locations":[{"start":{"line":654,"column":8},"end":{"line":654,"column":137}},{"start":{"line":654,"column":8},"end":{"line":654,"column":137}}],"line":654},"190":{"loc":{"start":{"line":654,"column":12},"end":{"line":654,"column":88}},"type":"binary-expr","locations":[{"start":{"line":654,"column":12},"end":{"line":654,"column":41}},{"start":{"line":654,"column":45},"end":{"line":654,"column":62}},{"start":{"line":654,"column":66},"end":{"line":654,"column":88}}],"line":654},"191":{"loc":{"start":{"line":655,"column":8},"end":{"line":655,"column":109}},"type":"if","locations":[{"start":{"line":655,"column":8},"end":{"line":655,"column":109}},{"start":{"line":655,"column":8},"end":{"line":655,"column":109}}],"line":655},"192":{"loc":{"start":{"line":655,"column":12},"end":{"line":655,"column":57}},"type":"binary-expr","locations":[{"start":{"line":655,"column":12},"end":{"line":655,"column":29}},{"start":{"line":655,"column":33},"end":{"line":655,"column":57}}],"line":655},"193":{"loc":{"start":{"line":657,"column":8},"end":{"line":657,"column":137}},"type":"if","locations":[{"start":{"line":657,"column":8},"end":{"line":657,"column":137}},{"start":{"line":657,"column":8},"end":{"line":657,"column":137}}],"line":657},"194":{"loc":{"start":{"line":657,"column":12},"end":{"line":657,"column":88}},"type":"binary-expr","locations":[{"start":{"line":657,"column":12},"end":{"line":657,"column":41}},{"start":{"line":657,"column":45},"end":{"line":657,"column":62}},{"start":{"line":657,"column":66},"end":{"line":657,"column":88}}],"line":657},"195":{"loc":{"start":{"line":658,"column":8},"end":{"line":658,"column":110}},"type":"if","locations":[{"start":{"line":658,"column":8},"end":{"line":658,"column":110}},{"start":{"line":658,"column":8},"end":{"line":658,"column":110}}],"line":658},"196":{"loc":{"start":{"line":658,"column":12},"end":{"line":658,"column":57}},"type":"binary-expr","locations":[{"start":{"line":658,"column":12},"end":{"line":658,"column":29}},{"start":{"line":658,"column":33},"end":{"line":658,"column":57}}],"line":658},"197":{"loc":{"start":{"line":677,"column":12},"end":{"line":677,"column":57}},"type":"if","locations":[{"start":{"line":677,"column":12},"end":{"line":677,"column":57}},{"start":{"line":677,"column":12},"end":{"line":677,"column":57}}],"line":677}},"s":{"0":1,"1":1,"2":1,"3":1,"4":1,"5":1,"6":1,"7":37,"8":6,"9":31,"10":6,"11":25,"12":6,"13":19,"14":6,"15":13,"16":6,"17":7,"18":1,"19":6,"20":1,"21":5,"22":1,"23":4,"24":1,"25":3,"26":1,"27":2,"28":2,"29":1,"30":1,"31":1,"32":1,"33":0,"34":1,"35":1,"36":1,"37":0,"38":1,"39":0,"40":1,"41":0,"42":1,"43":0,"44":1,"45":1,"46":1,"47":0,"48":1,"49":1,"50":0,"51":1,"52":0,"53":1,"54":1,"55":1,"56":1,"57":0,"58":1,"59":1,"60":48,"61":6,"62":42,"63":4,"64":38,"65":4,"66":34,"67":4,"68":30,"69":4,"70":26,"71":6,"72":20,"73":1,"74":19,"75":1,"76":18,"77":1,"78":17,"79":1,"80":16,"81":1,"82":15,"83":1,"84":14,"85":14,"86":14,"87":0,"88":14,"89":0,"90":14,"91":9,"92":9,"93":1,"94":8,"95":8,"96":8,"97":8,"98":8,"99":5,"100":5,"101":5,"102":5,"103":1,"104":0,"105":1,"106":0,"107":1,"108":1,"109":1,"110":0,"111":1,"112":1,"113":1,"114":1,"115":1,"116":1,"117":1,"118":1,"119":1,"120":1,"121":1,"122":45,"123":6,"124":39,"125":1,"126":38,"127":5,"128":33,"129":5,"130":28,"131":5,"132":23,"133":4,"134":19,"135":4,"136":15,"137":4,"138":11,"139":4,"140":7,"141":0,"142":7,"143":0,"144":7,"145":0,"146":7,"147":0,"148":7,"149":0,"150":7,"151":0,"152":7,"153":0,"154":7,"155":1,"156":6,"157":1,"158":5,"159":1,"160":4,"161":1,"162":3,"163":0,"164":3,"165":0,"166":3,"167":0,"168":3,"169":0,"170":3,"171":3,"172":3,"173":0,"174":3,"175":3,"176":3,"177":3,"178":3,"179":3,"180":3,"181":3,"182":3,"183":3,"184":3,"185":3,"186":3,"187":6,"188":6,"189":18,"190":18,"191":0,"192":18,"193":3,"194":3,"195":3,"196":0,"197":3,"198":0,"199":3,"200":0,"201":3,"202":0,"203":3,"204":3,"205":3,"206":11,"207":11,"208":11,"209":11,"210":11,"211":11,"212":3,"213":3,"214":3,"215":3,"216":11,"217":3,"218":11,"219":2,"220":11,"221":2,"222":11,"223":1,"224":11,"225":0,"226":11,"227":0,"228":11,"229":1,"230":11,"231":1,"232":1,"233":0,"234":3,"235":3,"236":3,"237":1,"238":2,"239":1,"240":3,"241":1,"242":1,"243":1,"244":3,"245":0,"246":3,"247":2,"248":3,"249":2,"250":3,"251":3,"252":3,"253":2,"254":3,"255":3,"256":3,"257":3,"258":3,"259":1,"260":3,"261":1,"262":3,"263":3,"264":3,"265":0,"266":0,"267":0,"268":0,"269":0,"270":0,"271":0,"272":0,"273":0,"274":0,"275":0,"276":0,"277":1,"278":0,"279":1,"280":0,"281":1,"282":1,"283":1,"284":0,"285":1,"286":1,"287":1,"288":1,"289":1,"290":1,"291":1,"292":1,"293":0,"294":1,"295":0,"296":1,"297":0,"298":1,"299":0,"300":1,"301":0,"302":1,"303":0,"304":1,"305":1,"306":1,"307":1,"308":1,"309":1,"310":1,"311":1,"312":1,"313":0,"314":1,"315":0,"316":1,"317":0,"318":1,"319":0,"320":1,"321":1,"322":1,"323":10,"324":2,"325":2,"326":2,"327":2,"328":2,"329":2,"330":2,"331":1,"332":2,"333":1,"334":1,"335":2,"336":2,"337":2,"338":2,"339":1,"340":1,"341":0,"342":1,"343":0,"344":1,"345":1,"346":1,"347":1,"348":1,"349":1,"350":1,"351":0,"352":0,"353":0,"354":1,"355":1,"356":1,"357":1,"358":0,"359":1,"360":0,"361":1,"362":0,"363":1,"364":0,"365":1,"366":1,"367":1,"368":1,"369":1,"370":1,"371":1},"f":{"0":37,"1":1,"2":1,"3":1,"4":1,"5":1,"6":48,"7":14,"8":1,"9":1,"10":1,"11":1,"12":45,"13":3,"14":6,"15":3,"16":11,"17":11,"18":3,"19":2,"20":1,"21":0,"22":0,"23":0,"24":0,"25":1,"26":1,"27":1,"28":1,"29":1,"30":1,"31":2,"32":10,"33":1,"34":1,"35":1,"36":1},"b":{"0":[6,31],"1":[6,25],"2":[6,19],"3":[6,13],"4":[6,7],"5":[1,6],"6":[1,5],"7":[1,4],"8":[1,3],"9":[1,2],"10":[1,1],"11":[0,1],"12":[0,1],"13":[0,1],"14":[0,1],"15":[0,1],"16":[0,1],"17":[1,1],"18":[0,1],"19":[0,1],"20":[0,1],"21":[6,42],"22":[4,38],"23":[42,36],"24":[4,34],"25":[38,32],"26":[4,30],"27":[34,29],"28":[4,26],"29":[30,24],"30":[6,20],"31":[1,19],"32":[1,18],"33":[19,13],"34":[1,17],"35":[18,12],"36":[1,16],"37":[17,12],"38":[1,15],"39":[16,10],"40":[1,14],"41":[0,14],"42":[0,14],"43":[9,5],"44":[1,8],"45":[9,7],"46":[8,5],"47":[8,5],"48":[8,5],"49":[5,3],"50":[5,3],"51":[5,3],"52":[0,1],"53":[0,1],"54":[0,1],"55":[6,39],"56":[45,39,39],"57":[1,38],"58":[5,33],"59":[38,6,6,6],"60":[5,28],"61":[33,6,6],"62":[5,23],"63":[28,6,6],"64":[4,19],"65":[23,6],"66":[4,15],"67":[19,7],"68":[4,11],"69":[15,7,7],"70":[4,7],"71":[11,6,6],"72":[0,7],"73":[7,1,1],"74":[0,7],"75":[7,1],"76":[0,7],"77":[7,1,1],"78":[0,7],"79":[7,1,1],"80":[0,7],"81":[7,1,1],"82":[0,7],"83":[7,3],"84":[0,7],"85":[7,3],"86":[1,6],"87":[7,2],"88":[1,5],"89":[6,3],"90":[1,4],"91":[5,3],"92":[1,3],"93":[4,2],"94":[0,3],"95":[3,1],"96":[0,3],"97":[3,1],"98":[0,3],"99":[3,3],"100":[0,3],"101":[3,3],"102":[0,3],"103":[3,1],"104":[3,2],"105":[3,2],"106":[2,0],"107":[3,1],"108":[1,0],"109":[3,1],"110":[1,0],"111":[3,1],"112":[1,0],"113":[3,1],"114":[1,0],"115":[3,1],"116":[1,0],"117":[3,1],"118":[1,0],"119":[3,1],"120":[3,1],"121":[3,1],"122":[6,0],"123":[0,18],"124":[0,3],"125":[3,3,3],"126":[0,3],"127":[3,3],"128":[0,3],"129":[3,3,3],"130":[0,3],"131":[3,3],"132":[11,0],"133":[3,8],"134":[2,9],"135":[2,9],"136":[1,10],"137":[0,11],"138":[0,11],"139":[1,10],"140":[1,10],"141":[1,0],"142":[1,2],"143":[1,2],"144":[0,3],"145":[2,1],"146":[2,1],"147":[3,0],"148":[3,3],"149":[2,1],"150":[1,2],"151":[1,2],"152":[0,0],"153":[0,0],"154":[0,1],"155":[1,1,1],"156":[0,1],"157":[1,1],"158":[0,1],"159":[0,1],"160":[1,1,1],"161":[0,1],"162":[1,1],"163":[0,1],"164":[1,1,1],"165":[0,1],"166":[1,1],"167":[0,1],"168":[1,1,1],"169":[0,1],"170":[1,1],"171":[1,0],"172":[0,1],"173":[0,1],"174":[1,1,1],"175":[0,1],"176":[1,1],"177":[0,1],"178":[1,1,1],"179":[0,1],"180":[1,1],"181":[4,6],"182":[1,1],"183":[2,2],"184":[0,1],"185":[1,1,1],"186":[0,1],"187":[1,1],"188":[0,1],"189":[0,1],"190":[1,1,1],"191":[0,1],"192":[1,1],"193":[0,1],"194":[1,1,1],"195":[0,1],"196":[1,1],"197":[1,0]},"_coverageSchema":"43e27e138ebf9cfc5966b082cf9a028302ed4184","hash":"055f912ace9744ee6c1615a675991beea5f1e39e","contentHash":"372efc76795a5fe87e8b656483bbfb9c"},"C:\\Users\\sergi\\bootcamp\\collab\\skylab-bootcamp-201809\\staff\\sergio-luz\\langchange-web\\langchange-api\\errors\\index.js":{"path":"C:\\Users\\sergi\\bootcamp\\collab\\skylab-bootcamp-201809\\staff\\sergio-luz\\langchange-web\\langchange-api\\errors\\index.js","statementMap":{"0":{"start":{"line":1,"column":27},"end":{"line":1,"column":60}},"1":{"start":{"line":2,"column":18},"end":{"line":2,"column":41}},"2":{"start":{"line":3,"column":22},"end":{"line":3,"column":50}},"3":{"start":{"line":4,"column":19},"end":{"line":4,"column":43}},"4":{"start":{"line":6,"column":0},"end":{"line":11,"column":1}}},"fnMap":{},"branchMap":{},"s":{"0":1,"1":1,"2":1,"3":1,"4":1},"f":{},"b":{},"_coverageSchema":"43e27e138ebf9cfc5966b082cf9a028302ed4184","hash":"4ce9078cc76e05062550ec97d3e0df13bbc58acf","contentHash":"c3c8be456296e3c49e92025cdfe9f972"},"C:\\Users\\sergi\\bootcamp\\collab\\skylab-bootcamp-201809\\staff\\sergio-luz\\langchange-web\\langchange-api\\errors\\already-exists-error.js":{"path":"C:\\Users\\sergi\\bootcamp\\collab\\skylab-bootcamp-201809\\staff\\sergio-luz\\langchange-web\\langchange-api\\errors\\already-exists-error.js","statementMap":{"0":{"start":{"line":3,"column":8},"end":{"line":3,"column":15}},"1":{"start":{"line":5,"column":8},"end":{"line":5,"column":55}},"2":{"start":{"line":7,"column":8},"end":{"line":7,"column":40}},"3":{"start":{"line":8,"column":8},"end":{"line":8,"column":30}},"4":{"start":{"line":10,"column":8},"end":{"line":10,"column":37}},"5":{"start":{"line":10,"column":19},"end":{"line":10,"column":37}},"6":{"start":{"line":14,"column":0},"end":{"line":14,"column":35}}},"fnMap":{"0":{"name":"(anonymous_0)","decl":{"start":{"line":2,"column":4},"end":{"line":2,"column":5}},"loc":{"start":{"line":2,"column":32},"end":{"line":11,"column":5}},"line":2}},"branchMap":{"0":{"loc":{"start":{"line":10,"column":8},"end":{"line":10,"column":37}},"type":"if","locations":[{"start":{"line":10,"column":8},"end":{"line":10,"column":37}},{"start":{"line":10,"column":8},"end":{"line":10,"column":37}}],"line":10}},"s":{"0":1,"1":1,"2":1,"3":1,"4":1,"5":0,"6":1},"f":{"0":1},"b":{"0":[0,1]},"_coverageSchema":"43e27e138ebf9cfc5966b082cf9a028302ed4184","hash":"ba164e05d8b89649559ddb09e7061803aa125473","contentHash":"26b0e72702ce71efbe5d6746c500ec8e"},"C:\\Users\\sergi\\bootcamp\\collab\\skylab-bootcamp-201809\\staff\\sergio-luz\\langchange-web\\langchange-api\\errors\\auth-error.js":{"path":"C:\\Users\\sergi\\bootcamp\\collab\\skylab-bootcamp-201809\\staff\\sergio-luz\\langchange-web\\langchange-api\\errors\\auth-error.js","statementMap":{"0":{"start":{"line":3,"column":8},"end":{"line":3,"column":15}},"1":{"start":{"line":5,"column":8},"end":{"line":5,"column":55}},"2":{"start":{"line":7,"column":8},"end":{"line":7,"column":31}},"3":{"start":{"line":8,"column":8},"end":{"line":8,"column":30}},"4":{"start":{"line":10,"column":8},"end":{"line":10,"column":37}},"5":{"start":{"line":10,"column":19},"end":{"line":10,"column":37}},"6":{"start":{"line":14,"column":0},"end":{"line":14,"column":26}}},"fnMap":{"0":{"name":"(anonymous_0)","decl":{"start":{"line":2,"column":4},"end":{"line":2,"column":5}},"loc":{"start":{"line":2,"column":32},"end":{"line":11,"column":5}},"line":2}},"branchMap":{"0":{"loc":{"start":{"line":10,"column":8},"end":{"line":10,"column":37}},"type":"if","locations":[{"start":{"line":10,"column":8},"end":{"line":10,"column":37}},{"start":{"line":10,"column":8},"end":{"line":10,"column":37}}],"line":10}},"s":{"0":0,"1":0,"2":0,"3":0,"4":0,"5":0,"6":1},"f":{"0":0},"b":{"0":[0,0]},"_coverageSchema":"43e27e138ebf9cfc5966b082cf9a028302ed4184","hash":"74f3d312ef6e486be107dfd29170996d40ffe9ba","contentHash":"008540ad70fb55a90213348035e698fc"},"C:\\Users\\sergi\\bootcamp\\collab\\skylab-bootcamp-201809\\staff\\sergio-luz\\langchange-web\\langchange-api\\errors\\not-found-error.js":{"path":"C:\\Users\\sergi\\bootcamp\\collab\\skylab-bootcamp-201809\\staff\\sergio-luz\\langchange-web\\langchange-api\\errors\\not-found-error.js","statementMap":{"0":{"start":{"line":3,"column":8},"end":{"line":3,"column":15}},"1":{"start":{"line":5,"column":8},"end":{"line":5,"column":55}},"2":{"start":{"line":7,"column":8},"end":{"line":7,"column":35}},"3":{"start":{"line":8,"column":8},"end":{"line":8,"column":30}},"4":{"start":{"line":10,"column":8},"end":{"line":10,"column":37}},"5":{"start":{"line":10,"column":19},"end":{"line":10,"column":37}},"6":{"start":{"line":14,"column":0},"end":{"line":14,"column":30}}},"fnMap":{"0":{"name":"(anonymous_0)","decl":{"start":{"line":2,"column":4},"end":{"line":2,"column":5}},"loc":{"start":{"line":2,"column":32},"end":{"line":11,"column":5}},"line":2}},"branchMap":{"0":{"loc":{"start":{"line":10,"column":8},"end":{"line":10,"column":37}},"type":"if","locations":[{"start":{"line":10,"column":8},"end":{"line":10,"column":37}},{"start":{"line":10,"column":8},"end":{"line":10,"column":37}}],"line":10}},"s":{"0":0,"1":0,"2":0,"3":0,"4":0,"5":0,"6":1},"f":{"0":0},"b":{"0":[0,0]},"_coverageSchema":"43e27e138ebf9cfc5966b082cf9a028302ed4184","hash":"24d6c8f87c42315e53b744ae914426075a58e942","contentHash":"9b9652c226716a723b2d91da4ff6ddbd"},"C:\\Users\\sergi\\bootcamp\\collab\\skylab-bootcamp-201809\\staff\\sergio-luz\\langchange-web\\langchange-api\\errors\\value-error.js":{"path":"C:\\Users\\sergi\\bootcamp\\collab\\skylab-bootcamp-201809\\staff\\sergio-luz\\langchange-web\\langchange-api\\errors\\value-error.js","statementMap":{"0":{"start":{"line":3,"column":8},"end":{"line":3,"column":15}},"1":{"start":{"line":5,"column":8},"end":{"line":5,"column":55}},"2":{"start":{"line":7,"column":8},"end":{"line":7,"column":32}},"3":{"start":{"line":8,"column":8},"end":{"line":8,"column":30}},"4":{"start":{"line":10,"column":8},"end":{"line":10,"column":37}},"5":{"start":{"line":10,"column":19},"end":{"line":10,"column":37}},"6":{"start":{"line":14,"column":0},"end":{"line":14,"column":27}}},"fnMap":{"0":{"name":"(anonymous_0)","decl":{"start":{"line":2,"column":4},"end":{"line":2,"column":5}},"loc":{"start":{"line":2,"column":32},"end":{"line":11,"column":5}},"line":2}},"branchMap":{"0":{"loc":{"start":{"line":10,"column":8},"end":{"line":10,"column":37}},"type":"if","locations":[{"start":{"line":10,"column":8},"end":{"line":10,"column":37}},{"start":{"line":10,"column":8},"end":{"line":10,"column":37}}],"line":10}},"s":{"0":16,"1":16,"2":16,"3":16,"4":16,"5":0,"6":1},"f":{"0":16},"b":{"0":[0,16]},"_coverageSchema":"43e27e138ebf9cfc5966b082cf9a028302ed4184","hash":"74d95a234638a3c32fa0722101c510133737a065","contentHash":"5582661cb55c89580b62ad7d7b1e0595"}}