{"C:\\Users\\sergi\\bootcamp\\collab\\skylab-bootcamp-201809\\staff\\sergio-luz\\langchange-web\\langchange-api\\logic\\index.spec.js":{"path":"C:\\Users\\sergi\\bootcamp\\collab\\skylab-bootcamp-201809\\staff\\sergio-luz\\langchange-web\\langchange-api\\logic\\index.spec.js","statementMap":{"0":{"start":{"line":1,"column":0},"end":{"line":1,"column":26}},"1":{"start":{"line":2,"column":0},"end":{"line":2,"column":12}},"2":{"start":{"line":5,"column":19},"end":{"line":5,"column":34}},"3":{"start":{"line":6,"column":90},"end":{"line":6,"column":111}},"4":{"start":{"line":7,"column":14},"end":{"line":7,"column":33}},"5":{"start":{"line":8,"column":69},"end":{"line":8,"column":89}},"6":{"start":{"line":12,"column":26},"end":{"line":12,"column":69}},"7":{"start":{"line":13,"column":27},"end":{"line":13,"column":33}},"8":{"start":{"line":14,"column":13},"end":{"line":14,"column":17}},"9":{"start":{"line":15,"column":44},"end":{"line":15,"column":51}},"10":{"start":{"line":18,"column":13},"end":{"line":18,"column":18}},"11":{"start":{"line":20,"column":18},"end":{"line":20,"column":50}},"12":{"start":{"line":24,"column":0},"end":{"line":1819,"column":2}},"13":{"start":{"line":29,"column":4},"end":{"line":53,"column":5}},"14":{"start":{"line":30,"column":8},"end":{"line":52,"column":14}},"15":{"start":{"line":33,"column":16},"end":{"line":33,"column":91}},"16":{"start":{"line":35,"column":16},"end":{"line":48,"column":22}},"17":{"start":{"line":36,"column":33},"end":{"line":36,"column":42}},"18":{"start":{"line":38,"column":24},"end":{"line":38,"column":60}},"19":{"start":{"line":40,"column":24},"end":{"line":40,"column":87}},"20":{"start":{"line":43,"column":24},"end":{"line":43,"column":73}},"21":{"start":{"line":44,"column":24},"end":{"line":44,"column":74}},"22":{"start":{"line":45,"column":24},"end":{"line":45,"column":78}},"23":{"start":{"line":46,"column":24},"end":{"line":46,"column":76}},"24":{"start":{"line":47,"column":24},"end":{"line":47,"column":81}},"25":{"start":{"line":51,"column":16},"end":{"line":51,"column":90}},"26":{"start":{"line":58,"column":4},"end":{"line":65,"column":6}},"27":{"start":{"line":60,"column":8},"end":{"line":60,"column":57}},"28":{"start":{"line":61,"column":8},"end":{"line":61,"column":58}},"29":{"start":{"line":62,"column":8},"end":{"line":62,"column":62}},"30":{"start":{"line":63,"column":8},"end":{"line":63,"column":60}},"31":{"start":{"line":64,"column":8},"end":{"line":64,"column":65}},"32":{"start":{"line":71,"column":4},"end":{"line":1378,"column":6}},"33":{"start":{"line":74,"column":8},"end":{"line":220,"column":10}},"34":{"start":{"line":77,"column":12},"end":{"line":83,"column":14}},"35":{"start":{"line":78,"column":16},"end":{"line":78,"column":46}},"36":{"start":{"line":79,"column":16},"end":{"line":79,"column":54}},"37":{"start":{"line":80,"column":16},"end":{"line":80,"column":54}},"38":{"start":{"line":81,"column":16},"end":{"line":81,"column":58}},"39":{"start":{"line":82,"column":16},"end":{"line":82,"column":46}},"40":{"start":{"line":85,"column":12},"end":{"line":102,"column":14}},"41":{"start":{"line":87,"column":28},"end":{"line":87,"column":91}},"42":{"start":{"line":89,"column":16},"end":{"line":89,"column":43}},"43":{"start":{"line":91,"column":31},"end":{"line":91,"column":69}},"44":{"start":{"line":93,"column":16},"end":{"line":93,"column":49}},"45":{"start":{"line":95,"column":31},"end":{"line":95,"column":37}},"46":{"start":{"line":97,"column":16},"end":{"line":97,"column":60}},"47":{"start":{"line":98,"column":16},"end":{"line":98,"column":51}},"48":{"start":{"line":99,"column":16},"end":{"line":99,"column":50}},"49":{"start":{"line":100,"column":16},"end":{"line":100,"column":56}},"50":{"start":{"line":101,"column":16},"end":{"line":101,"column":56}},"51":{"start":{"line":105,"column":12},"end":{"line":107,"column":14}},"52":{"start":{"line":106,"column":16},"end":{"line":106,"column":141}},"53":{"start":{"line":106,"column":29},"end":{"line":106,"column":91}},"54":{"start":{"line":109,"column":12},"end":{"line":111,"column":14}},"55":{"start":{"line":110,"column":16},"end":{"line":110,"column":131}},"56":{"start":{"line":110,"column":29},"end":{"line":110,"column":86}},"57":{"start":{"line":113,"column":12},"end":{"line":115,"column":14}},"58":{"start":{"line":114,"column":16},"end":{"line":114,"column":145}},"59":{"start":{"line":114,"column":29},"end":{"line":114,"column":97}},"60":{"start":{"line":117,"column":12},"end":{"line":119,"column":14}},"61":{"start":{"line":118,"column":16},"end":{"line":118,"column":129}},"62":{"start":{"line":118,"column":29},"end":{"line":118,"column":85}},"63":{"start":{"line":121,"column":12},"end":{"line":123,"column":14}},"64":{"start":{"line":122,"column":16},"end":{"line":122,"column":131}},"65":{"start":{"line":122,"column":29},"end":{"line":122,"column":86}},"66":{"start":{"line":125,"column":12},"end":{"line":127,"column":14}},"67":{"start":{"line":126,"column":16},"end":{"line":126,"column":150}},"68":{"start":{"line":126,"column":29},"end":{"line":126,"column":99}},"69":{"start":{"line":129,"column":12},"end":{"line":131,"column":14}},"70":{"start":{"line":130,"column":16},"end":{"line":130,"column":149}},"71":{"start":{"line":130,"column":29},"end":{"line":130,"column":93}},"72":{"start":{"line":134,"column":12},"end":{"line":136,"column":14}},"73":{"start":{"line":135,"column":16},"end":{"line":135,"column":137}},"74":{"start":{"line":135,"column":29},"end":{"line":135,"column":87}},"75":{"start":{"line":138,"column":12},"end":{"line":140,"column":14}},"76":{"start":{"line":139,"column":16},"end":{"line":139,"column":127}},"77":{"start":{"line":139,"column":29},"end":{"line":139,"column":82}},"78":{"start":{"line":142,"column":12},"end":{"line":144,"column":14}},"79":{"start":{"line":143,"column":16},"end":{"line":143,"column":145}},"80":{"start":{"line":143,"column":29},"end":{"line":143,"column":93}},"81":{"start":{"line":146,"column":12},"end":{"line":148,"column":14}},"82":{"start":{"line":147,"column":16},"end":{"line":147,"column":125}},"83":{"start":{"line":147,"column":29},"end":{"line":147,"column":81}},"84":{"start":{"line":150,"column":12},"end":{"line":152,"column":14}},"85":{"start":{"line":151,"column":16},"end":{"line":151,"column":127}},"86":{"start":{"line":151,"column":29},"end":{"line":151,"column":82}},"87":{"start":{"line":154,"column":12},"end":{"line":156,"column":14}},"88":{"start":{"line":155,"column":16},"end":{"line":155,"column":146}},"89":{"start":{"line":155,"column":29},"end":{"line":155,"column":95}},"90":{"start":{"line":158,"column":12},"end":{"line":160,"column":14}},"91":{"start":{"line":159,"column":16},"end":{"line":159,"column":145}},"92":{"start":{"line":159,"column":29},"end":{"line":159,"column":89}},"93":{"start":{"line":163,"column":12},"end":{"line":165,"column":14}},"94":{"start":{"line":164,"column":16},"end":{"line":164,"column":137}},"95":{"start":{"line":164,"column":29},"end":{"line":164,"column":87}},"96":{"start":{"line":167,"column":12},"end":{"line":169,"column":14}},"97":{"start":{"line":168,"column":16},"end":{"line":168,"column":127}},"98":{"start":{"line":168,"column":29},"end":{"line":168,"column":82}},"99":{"start":{"line":171,"column":12},"end":{"line":173,"column":14}},"100":{"start":{"line":172,"column":16},"end":{"line":172,"column":145}},"101":{"start":{"line":172,"column":29},"end":{"line":172,"column":93}},"102":{"start":{"line":175,"column":12},"end":{"line":177,"column":14}},"103":{"start":{"line":176,"column":16},"end":{"line":176,"column":125}},"104":{"start":{"line":176,"column":29},"end":{"line":176,"column":81}},"105":{"start":{"line":179,"column":12},"end":{"line":181,"column":14}},"106":{"start":{"line":180,"column":16},"end":{"line":180,"column":127}},"107":{"start":{"line":180,"column":29},"end":{"line":180,"column":82}},"108":{"start":{"line":183,"column":12},"end":{"line":185,"column":14}},"109":{"start":{"line":184,"column":16},"end":{"line":184,"column":146}},"110":{"start":{"line":184,"column":29},"end":{"line":184,"column":95}},"111":{"start":{"line":187,"column":12},"end":{"line":189,"column":14}},"112":{"start":{"line":188,"column":16},"end":{"line":188,"column":145}},"113":{"start":{"line":188,"column":29},"end":{"line":188,"column":89}},"114":{"start":{"line":192,"column":12},"end":{"line":194,"column":14}},"115":{"start":{"line":193,"column":16},"end":{"line":193,"column":140}},"116":{"start":{"line":193,"column":29},"end":{"line":193,"column":90}},"117":{"start":{"line":196,"column":12},"end":{"line":198,"column":14}},"118":{"start":{"line":197,"column":16},"end":{"line":197,"column":130}},"119":{"start":{"line":197,"column":29},"end":{"line":197,"column":85}},"120":{"start":{"line":200,"column":12},"end":{"line":202,"column":14}},"121":{"start":{"line":201,"column":16},"end":{"line":201,"column":145}},"122":{"start":{"line":201,"column":29},"end":{"line":201,"column":96}},"123":{"start":{"line":204,"column":12},"end":{"line":206,"column":14}},"124":{"start":{"line":205,"column":16},"end":{"line":205,"column":128}},"125":{"start":{"line":205,"column":29},"end":{"line":205,"column":84}},"126":{"start":{"line":208,"column":12},"end":{"line":210,"column":14}},"127":{"start":{"line":209,"column":16},"end":{"line":209,"column":130}},"128":{"start":{"line":209,"column":29},"end":{"line":209,"column":85}},"129":{"start":{"line":212,"column":12},"end":{"line":214,"column":14}},"130":{"start":{"line":213,"column":16},"end":{"line":213,"column":149}},"131":{"start":{"line":213,"column":29},"end":{"line":213,"column":98}},"132":{"start":{"line":216,"column":12},"end":{"line":218,"column":14}},"133":{"start":{"line":217,"column":16},"end":{"line":217,"column":148}},"134":{"start":{"line":217,"column":29},"end":{"line":217,"column":92}},"135":{"start":{"line":222,"column":8},"end":{"line":307,"column":10}},"136":{"start":{"line":225,"column":12},"end":{"line":231,"column":14}},"137":{"start":{"line":226,"column":16},"end":{"line":228,"column":18}},"138":{"start":{"line":230,"column":16},"end":{"line":230,"column":51}},"139":{"start":{"line":233,"column":12},"end":{"line":248,"column":14}},"140":{"start":{"line":234,"column":47},"end":{"line":234,"column":51}},"141":{"start":{"line":236,"column":27},"end":{"line":236,"column":75}},"142":{"start":{"line":238,"column":16},"end":{"line":238,"column":35}},"143":{"start":{"line":239,"column":16},"end":{"line":239,"column":44}},"144":{"start":{"line":241,"column":30},"end":{"line":241,"column":68}},"145":{"start":{"line":244,"column":32},"end":{"line":244,"column":37}},"146":{"start":{"line":246,"column":16},"end":{"line":246,"column":49}},"147":{"start":{"line":247,"column":16},"end":{"line":247,"column":45}},"148":{"start":{"line":250,"column":12},"end":{"line":252,"column":14}},"149":{"start":{"line":251,"column":16},"end":{"line":251,"column":127}},"150":{"start":{"line":251,"column":29},"end":{"line":251,"column":126}},"151":{"start":{"line":254,"column":12},"end":{"line":256,"column":14}},"152":{"start":{"line":255,"column":16},"end":{"line":255,"column":117}},"153":{"start":{"line":255,"column":29},"end":{"line":255,"column":116}},"154":{"start":{"line":258,"column":12},"end":{"line":260,"column":14}},"155":{"start":{"line":259,"column":16},"end":{"line":259,"column":126}},"156":{"start":{"line":259,"column":29},"end":{"line":259,"column":125}},"157":{"start":{"line":262,"column":12},"end":{"line":264,"column":14}},"158":{"start":{"line":263,"column":16},"end":{"line":263,"column":115}},"159":{"start":{"line":263,"column":29},"end":{"line":263,"column":114}},"160":{"start":{"line":266,"column":12},"end":{"line":268,"column":14}},"161":{"start":{"line":267,"column":16},"end":{"line":267,"column":117}},"162":{"start":{"line":267,"column":29},"end":{"line":267,"column":116}},"163":{"start":{"line":270,"column":12},"end":{"line":272,"column":14}},"164":{"start":{"line":271,"column":16},"end":{"line":271,"column":136}},"165":{"start":{"line":271,"column":29},"end":{"line":271,"column":135}},"166":{"start":{"line":274,"column":12},"end":{"line":276,"column":14}},"167":{"start":{"line":275,"column":16},"end":{"line":275,"column":135}},"168":{"start":{"line":275,"column":29},"end":{"line":275,"column":134}},"169":{"start":{"line":279,"column":12},"end":{"line":281,"column":14}},"170":{"start":{"line":280,"column":16},"end":{"line":280,"column":127}},"171":{"start":{"line":280,"column":29},"end":{"line":280,"column":126}},"172":{"start":{"line":283,"column":12},"end":{"line":285,"column":14}},"173":{"start":{"line":284,"column":16},"end":{"line":284,"column":117}},"174":{"start":{"line":284,"column":29},"end":{"line":284,"column":116}},"175":{"start":{"line":287,"column":12},"end":{"line":289,"column":14}},"176":{"start":{"line":288,"column":16},"end":{"line":288,"column":126}},"177":{"start":{"line":288,"column":29},"end":{"line":288,"column":125}},"178":{"start":{"line":291,"column":12},"end":{"line":293,"column":14}},"179":{"start":{"line":292,"column":16},"end":{"line":292,"column":115}},"180":{"start":{"line":292,"column":29},"end":{"line":292,"column":114}},"181":{"start":{"line":295,"column":12},"end":{"line":297,"column":14}},"182":{"start":{"line":296,"column":16},"end":{"line":296,"column":117}},"183":{"start":{"line":296,"column":29},"end":{"line":296,"column":116}},"184":{"start":{"line":299,"column":12},"end":{"line":301,"column":14}},"185":{"start":{"line":300,"column":16},"end":{"line":300,"column":136}},"186":{"start":{"line":300,"column":29},"end":{"line":300,"column":135}},"187":{"start":{"line":303,"column":12},"end":{"line":305,"column":14}},"188":{"start":{"line":304,"column":16},"end":{"line":304,"column":135}},"189":{"start":{"line":304,"column":29},"end":{"line":304,"column":134}},"190":{"start":{"line":309,"column":8},"end":{"line":361,"column":10}},"191":{"start":{"line":312,"column":12},"end":{"line":316,"column":14}},"192":{"start":{"line":313,"column":16},"end":{"line":313,"column":109}},"193":{"start":{"line":315,"column":16},"end":{"line":315,"column":51}},"194":{"start":{"line":318,"column":12},"end":{"line":332,"column":14}},"195":{"start":{"line":320,"column":16},"end":{"line":320,"column":68}},"196":{"start":{"line":322,"column":16},"end":{"line":322,"column":56}},"197":{"start":{"line":324,"column":64},"end":{"line":324,"column":69}},"198":{"start":{"line":326,"column":16},"end":{"line":326,"column":35}},"199":{"start":{"line":327,"column":16},"end":{"line":327,"column":44}},"200":{"start":{"line":328,"column":16},"end":{"line":328,"column":48}},"201":{"start":{"line":329,"column":16},"end":{"line":329,"column":56}},"202":{"start":{"line":330,"column":16},"end":{"line":330,"column":53}},"203":{"start":{"line":331,"column":16},"end":{"line":331,"column":48}},"204":{"start":{"line":334,"column":12},"end":{"line":336,"column":14}},"205":{"start":{"line":335,"column":16},"end":{"line":335,"column":112}},"206":{"start":{"line":335,"column":29},"end":{"line":335,"column":111}},"207":{"start":{"line":338,"column":12},"end":{"line":340,"column":14}},"208":{"start":{"line":339,"column":16},"end":{"line":339,"column":102}},"209":{"start":{"line":339,"column":29},"end":{"line":339,"column":101}},"210":{"start":{"line":342,"column":12},"end":{"line":344,"column":14}},"211":{"start":{"line":343,"column":16},"end":{"line":343,"column":111}},"212":{"start":{"line":343,"column":29},"end":{"line":343,"column":110}},"213":{"start":{"line":346,"column":12},"end":{"line":348,"column":14}},"214":{"start":{"line":347,"column":16},"end":{"line":347,"column":100}},"215":{"start":{"line":347,"column":29},"end":{"line":347,"column":99}},"216":{"start":{"line":350,"column":12},"end":{"line":352,"column":14}},"217":{"start":{"line":351,"column":16},"end":{"line":351,"column":102}},"218":{"start":{"line":351,"column":29},"end":{"line":351,"column":101}},"219":{"start":{"line":354,"column":12},"end":{"line":356,"column":14}},"220":{"start":{"line":355,"column":16},"end":{"line":355,"column":121}},"221":{"start":{"line":355,"column":29},"end":{"line":355,"column":120}},"222":{"start":{"line":358,"column":12},"end":{"line":360,"column":14}},"223":{"start":{"line":359,"column":16},"end":{"line":359,"column":120}},"224":{"start":{"line":359,"column":29},"end":{"line":359,"column":119}},"225":{"start":{"line":363,"column":8},"end":{"line":780,"column":10}},"226":{"start":{"line":366,"column":12},"end":{"line":370,"column":14}},"227":{"start":{"line":367,"column":16},"end":{"line":367,"column":132}},"228":{"start":{"line":369,"column":16},"end":{"line":369,"column":51}},"229":{"start":{"line":372,"column":12},"end":{"line":392,"column":14}},"230":{"start":{"line":373,"column":62},"end":{"line":373,"column":66}},"231":{"start":{"line":375,"column":32},"end":{"line":375,"column":58}},"232":{"start":{"line":376,"column":33},"end":{"line":376,"column":60}},"233":{"start":{"line":377,"column":36},"end":{"line":377,"column":66}},"234":{"start":{"line":378,"column":36},"end":{"line":378,"column":66}},"235":{"start":{"line":380,"column":16},"end":{"line":380,"column":108}},"236":{"start":{"line":382,"column":30},"end":{"line":382,"column":68}},"237":{"start":{"line":384,"column":30},"end":{"line":384,"column":38}},"238":{"start":{"line":386,"column":16},"end":{"line":386,"column":56}},"239":{"start":{"line":388,"column":16},"end":{"line":388,"column":52}},"240":{"start":{"line":389,"column":16},"end":{"line":389,"column":54}},"241":{"start":{"line":390,"column":16},"end":{"line":390,"column":60}},"242":{"start":{"line":391,"column":16},"end":{"line":391,"column":60}},"243":{"start":{"line":394,"column":12},"end":{"line":411,"column":14}},"244":{"start":{"line":395,"column":64},"end":{"line":395,"column":68}},"245":{"start":{"line":397,"column":32},"end":{"line":397,"column":58}},"246":{"start":{"line":399,"column":16},"end":{"line":410,"column":22}},"247":{"start":{"line":400,"column":32},"end":{"line":400,"column":64}},"248":{"start":{"line":402,"column":38},"end":{"line":402,"column":46}},"249":{"start":{"line":404,"column":24},"end":{"line":404,"column":53}},"250":{"start":{"line":406,"column":24},"end":{"line":406,"column":60}},"251":{"start":{"line":407,"column":24},"end":{"line":407,"column":59}},"252":{"start":{"line":408,"column":24},"end":{"line":408,"column":65}},"253":{"start":{"line":409,"column":24},"end":{"line":409,"column":65}},"254":{"start":{"line":413,"column":12},"end":{"line":430,"column":14}},"255":{"start":{"line":414,"column":64},"end":{"line":414,"column":68}},"256":{"start":{"line":416,"column":33},"end":{"line":416,"column":60}},"257":{"start":{"line":418,"column":16},"end":{"line":429,"column":22}},"258":{"start":{"line":419,"column":32},"end":{"line":419,"column":64}},"259":{"start":{"line":421,"column":39},"end":{"line":421,"column":47}},"260":{"start":{"line":423,"column":24},"end":{"line":423,"column":54}},"261":{"start":{"line":425,"column":24},"end":{"line":425,"column":58}},"262":{"start":{"line":426,"column":24},"end":{"line":426,"column":63}},"263":{"start":{"line":427,"column":24},"end":{"line":427,"column":66}},"264":{"start":{"line":428,"column":24},"end":{"line":428,"column":66}},"265":{"start":{"line":432,"column":12},"end":{"line":449,"column":14}},"266":{"start":{"line":433,"column":64},"end":{"line":433,"column":68}},"267":{"start":{"line":435,"column":36},"end":{"line":435,"column":66}},"268":{"start":{"line":437,"column":16},"end":{"line":448,"column":22}},"269":{"start":{"line":438,"column":32},"end":{"line":438,"column":64}},"270":{"start":{"line":440,"column":39},"end":{"line":440,"column":47}},"271":{"start":{"line":442,"column":24},"end":{"line":442,"column":54}},"272":{"start":{"line":444,"column":24},"end":{"line":444,"column":58}},"273":{"start":{"line":445,"column":24},"end":{"line":445,"column":60}},"274":{"start":{"line":446,"column":24},"end":{"line":446,"column":69}},"275":{"start":{"line":447,"column":24},"end":{"line":447,"column":66}},"276":{"start":{"line":451,"column":12},"end":{"line":468,"column":14}},"277":{"start":{"line":452,"column":64},"end":{"line":452,"column":68}},"278":{"start":{"line":454,"column":36},"end":{"line":454,"column":66}},"279":{"start":{"line":456,"column":16},"end":{"line":467,"column":22}},"280":{"start":{"line":457,"column":32},"end":{"line":457,"column":64}},"281":{"start":{"line":459,"column":39},"end":{"line":459,"column":47}},"282":{"start":{"line":461,"column":24},"end":{"line":461,"column":54}},"283":{"start":{"line":463,"column":24},"end":{"line":463,"column":58}},"284":{"start":{"line":464,"column":24},"end":{"line":464,"column":60}},"285":{"start":{"line":465,"column":24},"end":{"line":465,"column":66}},"286":{"start":{"line":466,"column":24},"end":{"line":466,"column":69}},"287":{"start":{"line":472,"column":12},"end":{"line":476,"column":14}},"288":{"start":{"line":473,"column":64},"end":{"line":473,"column":68}},"289":{"start":{"line":475,"column":16},"end":{"line":475,"column":149}},"290":{"start":{"line":475,"column":29},"end":{"line":475,"column":99}},"291":{"start":{"line":478,"column":12},"end":{"line":482,"column":14}},"292":{"start":{"line":479,"column":64},"end":{"line":479,"column":68}},"293":{"start":{"line":481,"column":16},"end":{"line":481,"column":139}},"294":{"start":{"line":481,"column":29},"end":{"line":481,"column":94}},"295":{"start":{"line":484,"column":12},"end":{"line":488,"column":14}},"296":{"start":{"line":485,"column":64},"end":{"line":485,"column":68}},"297":{"start":{"line":487,"column":16},"end":{"line":487,"column":147}},"298":{"start":{"line":487,"column":29},"end":{"line":487,"column":101}},"299":{"start":{"line":490,"column":12},"end":{"line":494,"column":14}},"300":{"start":{"line":491,"column":64},"end":{"line":491,"column":68}},"301":{"start":{"line":493,"column":16},"end":{"line":493,"column":137}},"302":{"start":{"line":493,"column":29},"end":{"line":493,"column":93}},"303":{"start":{"line":496,"column":12},"end":{"line":500,"column":14}},"304":{"start":{"line":497,"column":64},"end":{"line":497,"column":68}},"305":{"start":{"line":499,"column":16},"end":{"line":499,"column":139}},"306":{"start":{"line":499,"column":29},"end":{"line":499,"column":94}},"307":{"start":{"line":502,"column":12},"end":{"line":506,"column":14}},"308":{"start":{"line":503,"column":64},"end":{"line":503,"column":68}},"309":{"start":{"line":505,"column":16},"end":{"line":505,"column":154}},"310":{"start":{"line":505,"column":29},"end":{"line":505,"column":103}},"311":{"start":{"line":508,"column":12},"end":{"line":512,"column":14}},"312":{"start":{"line":509,"column":64},"end":{"line":509,"column":68}},"313":{"start":{"line":511,"column":16},"end":{"line":511,"column":157}},"314":{"start":{"line":511,"column":29},"end":{"line":511,"column":101}},"315":{"start":{"line":516,"column":12},"end":{"line":522,"column":14}},"316":{"start":{"line":517,"column":64},"end":{"line":517,"column":68}},"317":{"start":{"line":519,"column":16},"end":{"line":520,"column":56}},"318":{"start":{"line":520,"column":32},"end":{"line":520,"column":55}},"319":{"start":{"line":524,"column":12},"end":{"line":529,"column":14}},"320":{"start":{"line":525,"column":64},"end":{"line":525,"column":68}},"321":{"start":{"line":527,"column":16},"end":{"line":528,"column":56}},"322":{"start":{"line":528,"column":32},"end":{"line":528,"column":55}},"323":{"start":{"line":531,"column":12},"end":{"line":535,"column":14}},"324":{"start":{"line":532,"column":64},"end":{"line":532,"column":68}},"325":{"start":{"line":534,"column":16},"end":{"line":534,"column":160}},"326":{"start":{"line":534,"column":29},"end":{"line":534,"column":112}},"327":{"start":{"line":537,"column":12},"end":{"line":541,"column":14}},"328":{"start":{"line":538,"column":64},"end":{"line":538,"column":68}},"329":{"start":{"line":540,"column":16},"end":{"line":540,"column":148}},"330":{"start":{"line":540,"column":29},"end":{"line":540,"column":103}},"331":{"start":{"line":543,"column":12},"end":{"line":547,"column":14}},"332":{"start":{"line":544,"column":64},"end":{"line":544,"column":68}},"333":{"start":{"line":546,"column":16},"end":{"line":546,"column":146}},"334":{"start":{"line":546,"column":29},"end":{"line":546,"column":102}},"335":{"start":{"line":549,"column":12},"end":{"line":553,"column":14}},"336":{"start":{"line":550,"column":64},"end":{"line":550,"column":68}},"337":{"start":{"line":552,"column":16},"end":{"line":552,"column":157}},"338":{"start":{"line":552,"column":29},"end":{"line":552,"column":109}},"339":{"start":{"line":555,"column":12},"end":{"line":559,"column":14}},"340":{"start":{"line":556,"column":64},"end":{"line":556,"column":68}},"341":{"start":{"line":558,"column":16},"end":{"line":558,"column":166}},"342":{"start":{"line":558,"column":29},"end":{"line":558,"column":110}},"343":{"start":{"line":563,"column":12},"end":{"line":569,"column":14}},"344":{"start":{"line":564,"column":64},"end":{"line":564,"column":68}},"345":{"start":{"line":566,"column":16},"end":{"line":567,"column":56}},"346":{"start":{"line":567,"column":32},"end":{"line":567,"column":55}},"347":{"start":{"line":571,"column":12},"end":{"line":576,"column":14}},"348":{"start":{"line":572,"column":64},"end":{"line":572,"column":68}},"349":{"start":{"line":574,"column":16},"end":{"line":575,"column":56}},"350":{"start":{"line":575,"column":32},"end":{"line":575,"column":55}},"351":{"start":{"line":578,"column":12},"end":{"line":582,"column":14}},"352":{"start":{"line":579,"column":64},"end":{"line":579,"column":68}},"353":{"start":{"line":581,"column":16},"end":{"line":581,"column":160}},"354":{"start":{"line":581,"column":29},"end":{"line":581,"column":108}},"355":{"start":{"line":584,"column":12},"end":{"line":588,"column":14}},"356":{"start":{"line":585,"column":64},"end":{"line":585,"column":68}},"357":{"start":{"line":587,"column":16},"end":{"line":587,"column":144}},"358":{"start":{"line":587,"column":29},"end":{"line":587,"column":99}},"359":{"start":{"line":590,"column":12},"end":{"line":594,"column":14}},"360":{"start":{"line":591,"column":64},"end":{"line":591,"column":68}},"361":{"start":{"line":593,"column":16},"end":{"line":593,"column":142}},"362":{"start":{"line":593,"column":29},"end":{"line":593,"column":98}},"363":{"start":{"line":596,"column":12},"end":{"line":600,"column":14}},"364":{"start":{"line":597,"column":64},"end":{"line":597,"column":68}},"365":{"start":{"line":599,"column":16},"end":{"line":599,"column":153}},"366":{"start":{"line":599,"column":29},"end":{"line":599,"column":105}},"367":{"start":{"line":602,"column":12},"end":{"line":606,"column":14}},"368":{"start":{"line":603,"column":64},"end":{"line":603,"column":68}},"369":{"start":{"line":605,"column":16},"end":{"line":605,"column":162}},"370":{"start":{"line":605,"column":29},"end":{"line":605,"column":106}},"371":{"start":{"line":610,"column":12},"end":{"line":616,"column":14}},"372":{"start":{"line":611,"column":64},"end":{"line":611,"column":68}},"373":{"start":{"line":613,"column":16},"end":{"line":614,"column":56}},"374":{"start":{"line":614,"column":32},"end":{"line":614,"column":55}},"375":{"start":{"line":618,"column":12},"end":{"line":623,"column":14}},"376":{"start":{"line":619,"column":64},"end":{"line":619,"column":68}},"377":{"start":{"line":621,"column":16},"end":{"line":622,"column":56}},"378":{"start":{"line":622,"column":32},"end":{"line":622,"column":55}},"379":{"start":{"line":625,"column":12},"end":{"line":629,"column":14}},"380":{"start":{"line":626,"column":64},"end":{"line":626,"column":68}},"381":{"start":{"line":628,"column":16},"end":{"line":628,"column":160}},"382":{"start":{"line":628,"column":29},"end":{"line":628,"column":111}},"383":{"start":{"line":631,"column":12},"end":{"line":635,"column":14}},"384":{"start":{"line":632,"column":64},"end":{"line":632,"column":68}},"385":{"start":{"line":634,"column":16},"end":{"line":634,"column":147}},"386":{"start":{"line":634,"column":29},"end":{"line":634,"column":102}},"387":{"start":{"line":637,"column":12},"end":{"line":641,"column":14}},"388":{"start":{"line":638,"column":64},"end":{"line":638,"column":68}},"389":{"start":{"line":640,"column":16},"end":{"line":640,"column":145}},"390":{"start":{"line":640,"column":29},"end":{"line":640,"column":101}},"391":{"start":{"line":643,"column":12},"end":{"line":647,"column":14}},"392":{"start":{"line":644,"column":64},"end":{"line":644,"column":68}},"393":{"start":{"line":646,"column":16},"end":{"line":646,"column":156}},"394":{"start":{"line":646,"column":29},"end":{"line":646,"column":108}},"395":{"start":{"line":649,"column":12},"end":{"line":653,"column":14}},"396":{"start":{"line":650,"column":64},"end":{"line":650,"column":68}},"397":{"start":{"line":652,"column":16},"end":{"line":652,"column":165}},"398":{"start":{"line":652,"column":29},"end":{"line":652,"column":109}},"399":{"start":{"line":657,"column":12},"end":{"line":663,"column":14}},"400":{"start":{"line":658,"column":64},"end":{"line":658,"column":68}},"401":{"start":{"line":660,"column":16},"end":{"line":661,"column":56}},"402":{"start":{"line":661,"column":32},"end":{"line":661,"column":55}},"403":{"start":{"line":665,"column":12},"end":{"line":670,"column":14}},"404":{"start":{"line":666,"column":64},"end":{"line":666,"column":68}},"405":{"start":{"line":668,"column":16},"end":{"line":669,"column":56}},"406":{"start":{"line":669,"column":32},"end":{"line":669,"column":55}},"407":{"start":{"line":672,"column":12},"end":{"line":676,"column":14}},"408":{"start":{"line":673,"column":64},"end":{"line":673,"column":68}},"409":{"start":{"line":675,"column":16},"end":{"line":675,"column":163}},"410":{"start":{"line":675,"column":29},"end":{"line":675,"column":108}},"411":{"start":{"line":678,"column":12},"end":{"line":682,"column":14}},"412":{"start":{"line":679,"column":64},"end":{"line":679,"column":68}},"413":{"start":{"line":681,"column":16},"end":{"line":681,"column":144}},"414":{"start":{"line":681,"column":29},"end":{"line":681,"column":99}},"415":{"start":{"line":684,"column":12},"end":{"line":688,"column":14}},"416":{"start":{"line":685,"column":64},"end":{"line":685,"column":68}},"417":{"start":{"line":687,"column":16},"end":{"line":687,"column":142}},"418":{"start":{"line":687,"column":29},"end":{"line":687,"column":98}},"419":{"start":{"line":690,"column":12},"end":{"line":694,"column":14}},"420":{"start":{"line":691,"column":64},"end":{"line":691,"column":68}},"421":{"start":{"line":693,"column":16},"end":{"line":693,"column":153}},"422":{"start":{"line":693,"column":29},"end":{"line":693,"column":105}},"423":{"start":{"line":696,"column":12},"end":{"line":700,"column":14}},"424":{"start":{"line":697,"column":64},"end":{"line":697,"column":68}},"425":{"start":{"line":699,"column":16},"end":{"line":699,"column":162}},"426":{"start":{"line":699,"column":29},"end":{"line":699,"column":106}},"427":{"start":{"line":704,"column":12},"end":{"line":708,"column":14}},"428":{"start":{"line":705,"column":64},"end":{"line":705,"column":68}},"429":{"start":{"line":707,"column":16},"end":{"line":707,"column":154}},"430":{"start":{"line":707,"column":29},"end":{"line":707,"column":104}},"431":{"start":{"line":710,"column":12},"end":{"line":714,"column":14}},"432":{"start":{"line":711,"column":64},"end":{"line":711,"column":68}},"433":{"start":{"line":713,"column":16},"end":{"line":713,"column":144}},"434":{"start":{"line":713,"column":29},"end":{"line":713,"column":99}},"435":{"start":{"line":716,"column":12},"end":{"line":720,"column":14}},"436":{"start":{"line":717,"column":64},"end":{"line":717,"column":68}},"437":{"start":{"line":719,"column":16},"end":{"line":719,"column":158}},"438":{"start":{"line":719,"column":29},"end":{"line":719,"column":106}},"439":{"start":{"line":722,"column":12},"end":{"line":726,"column":14}},"440":{"start":{"line":723,"column":64},"end":{"line":723,"column":68}},"441":{"start":{"line":725,"column":16},"end":{"line":725,"column":142}},"442":{"start":{"line":725,"column":29},"end":{"line":725,"column":98}},"443":{"start":{"line":728,"column":12},"end":{"line":732,"column":14}},"444":{"start":{"line":729,"column":64},"end":{"line":729,"column":68}},"445":{"start":{"line":731,"column":16},"end":{"line":731,"column":144}},"446":{"start":{"line":731,"column":29},"end":{"line":731,"column":99}},"447":{"start":{"line":734,"column":12},"end":{"line":738,"column":14}},"448":{"start":{"line":735,"column":64},"end":{"line":735,"column":68}},"449":{"start":{"line":737,"column":16},"end":{"line":737,"column":159}},"450":{"start":{"line":737,"column":29},"end":{"line":737,"column":108}},"451":{"start":{"line":740,"column":12},"end":{"line":744,"column":14}},"452":{"start":{"line":741,"column":64},"end":{"line":741,"column":68}},"453":{"start":{"line":743,"column":16},"end":{"line":743,"column":162}},"454":{"start":{"line":743,"column":29},"end":{"line":743,"column":106}},"455":{"start":{"line":748,"column":12},"end":{"line":779,"column":14}},"456":{"start":{"line":751,"column":16},"end":{"line":756,"column":18}},"457":{"start":{"line":753,"column":20},"end":{"line":753,"column":107}},"458":{"start":{"line":755,"column":20},"end":{"line":755,"column":56}},"459":{"start":{"line":758,"column":16},"end":{"line":778,"column":18}},"460":{"start":{"line":759,"column":68},"end":{"line":759,"column":73}},"461":{"start":{"line":761,"column":40},"end":{"line":761,"column":44}},"462":{"start":{"line":763,"column":20},"end":{"line":777,"column":26}},"463":{"start":{"line":764,"column":36},"end":{"line":764,"column":60}},"464":{"start":{"line":766,"column":28},"end":{"line":766,"column":76}},"465":{"start":{"line":768,"column":28},"end":{"line":768,"column":72}},"466":{"start":{"line":771,"column":28},"end":{"line":771,"column":58}},"467":{"start":{"line":773,"column":28},"end":{"line":773,"column":62}},"468":{"start":{"line":774,"column":28},"end":{"line":774,"column":64}},"469":{"start":{"line":775,"column":28},"end":{"line":775,"column":70}},"470":{"start":{"line":776,"column":28},"end":{"line":776,"column":70}},"471":{"start":{"line":782,"column":8},"end":{"line":856,"column":10}},"472":{"start":{"line":785,"column":12},"end":{"line":793,"column":14}},"473":{"start":{"line":786,"column":16},"end":{"line":786,"column":214}},"474":{"start":{"line":788,"column":16},"end":{"line":788,"column":51}},"475":{"start":{"line":790,"column":16},"end":{"line":790,"column":97}},"476":{"start":{"line":792,"column":16},"end":{"line":792,"column":101}},"477":{"start":{"line":795,"column":12},"end":{"line":827,"column":14}},"478":{"start":{"line":797,"column":16},"end":{"line":797,"column":71}},"479":{"start":{"line":798,"column":16},"end":{"line":798,"column":93}},"480":{"start":{"line":799,"column":16},"end":{"line":799,"column":101}},"481":{"start":{"line":801,"column":16},"end":{"line":801,"column":38}},"482":{"start":{"line":802,"column":16},"end":{"line":802,"column":56}},"483":{"start":{"line":805,"column":16},"end":{"line":805,"column":50}},"484":{"start":{"line":807,"column":16},"end":{"line":807,"column":54}},"485":{"start":{"line":808,"column":16},"end":{"line":808,"column":56}},"486":{"start":{"line":809,"column":16},"end":{"line":809,"column":62}},"487":{"start":{"line":811,"column":16},"end":{"line":811,"column":56}},"488":{"start":{"line":812,"column":16},"end":{"line":812,"column":52}},"489":{"start":{"line":813,"column":16},"end":{"line":813,"column":58}},"490":{"start":{"line":814,"column":16},"end":{"line":814,"column":58}},"491":{"start":{"line":815,"column":16},"end":{"line":815,"column":58}},"492":{"start":{"line":816,"column":16},"end":{"line":816,"column":58}},"493":{"start":{"line":817,"column":16},"end":{"line":817,"column":68}},"494":{"start":{"line":818,"column":16},"end":{"line":818,"column":62}},"495":{"start":{"line":819,"column":16},"end":{"line":819,"column":56}},"496":{"start":{"line":820,"column":16},"end":{"line":820,"column":54}},"497":{"start":{"line":822,"column":16},"end":{"line":822,"column":47}},"498":{"start":{"line":823,"column":16},"end":{"line":823,"column":70}},"499":{"start":{"line":825,"column":16},"end":{"line":825,"column":51}},"500":{"start":{"line":826,"column":16},"end":{"line":826,"column":78}},"501":{"start":{"line":829,"column":12},"end":{"line":831,"column":14}},"502":{"start":{"line":830,"column":16},"end":{"line":830,"column":111}},"503":{"start":{"line":830,"column":29},"end":{"line":830,"column":110}},"504":{"start":{"line":833,"column":12},"end":{"line":835,"column":14}},"505":{"start":{"line":834,"column":16},"end":{"line":834,"column":101}},"506":{"start":{"line":834,"column":29},"end":{"line":834,"column":100}},"507":{"start":{"line":837,"column":12},"end":{"line":839,"column":14}},"508":{"start":{"line":838,"column":16},"end":{"line":838,"column":110}},"509":{"start":{"line":838,"column":29},"end":{"line":838,"column":109}},"510":{"start":{"line":841,"column":12},"end":{"line":843,"column":14}},"511":{"start":{"line":842,"column":16},"end":{"line":842,"column":99}},"512":{"start":{"line":842,"column":29},"end":{"line":842,"column":98}},"513":{"start":{"line":845,"column":12},"end":{"line":847,"column":14}},"514":{"start":{"line":846,"column":16},"end":{"line":846,"column":101}},"515":{"start":{"line":846,"column":29},"end":{"line":846,"column":100}},"516":{"start":{"line":849,"column":12},"end":{"line":851,"column":14}},"517":{"start":{"line":850,"column":16},"end":{"line":850,"column":120}},"518":{"start":{"line":850,"column":29},"end":{"line":850,"column":119}},"519":{"start":{"line":853,"column":12},"end":{"line":855,"column":14}},"520":{"start":{"line":854,"column":16},"end":{"line":854,"column":119}},"521":{"start":{"line":854,"column":29},"end":{"line":854,"column":118}},"522":{"start":{"line":858,"column":8},"end":{"line":1061,"column":10}},"523":{"start":{"line":861,"column":12},"end":{"line":865,"column":14}},"524":{"start":{"line":862,"column":16},"end":{"line":862,"column":214}},"525":{"start":{"line":864,"column":16},"end":{"line":864,"column":51}},"526":{"start":{"line":867,"column":12},"end":{"line":925,"column":14}},"527":{"start":{"line":868,"column":99},"end":{"line":868,"column":103}},"528":{"start":{"line":870,"column":16},"end":{"line":870,"column":59}},"529":{"start":{"line":871,"column":16},"end":{"line":871,"column":52}},"530":{"start":{"line":872,"column":16},"end":{"line":872,"column":59}},"531":{"start":{"line":873,"column":16},"end":{"line":873,"column":55}},"532":{"start":{"line":874,"column":16},"end":{"line":874,"column":61}},"533":{"start":{"line":875,"column":16},"end":{"line":875,"column":58}},"534":{"start":{"line":876,"column":16},"end":{"line":876,"column":58}},"535":{"start":{"line":877,"column":16},"end":{"line":877,"column":32}},"536":{"start":{"line":878,"column":16},"end":{"line":878,"column":71}},"537":{"start":{"line":879,"column":16},"end":{"line":879,"column":34}},"538":{"start":{"line":880,"column":16},"end":{"line":880,"column":31}},"539":{"start":{"line":881,"column":16},"end":{"line":881,"column":57}},"540":{"start":{"line":884,"column":16},"end":{"line":884,"column":53}},"541":{"start":{"line":885,"column":16},"end":{"line":885,"column":78}},"542":{"start":{"line":887,"column":16},"end":{"line":887,"column":210}},"543":{"start":{"line":889,"column":30},"end":{"line":889,"column":79}},"544":{"start":{"line":891,"column":31},"end":{"line":891,"column":94}},"545":{"start":{"line":893,"column":32},"end":{"line":893,"column":99}},"546":{"start":{"line":895,"column":16},"end":{"line":895,"column":48}},"547":{"start":{"line":896,"column":30},"end":{"line":896,"column":38}},"548":{"start":{"line":898,"column":16},"end":{"line":898,"column":56}},"549":{"start":{"line":900,"column":16},"end":{"line":900,"column":52}},"550":{"start":{"line":901,"column":16},"end":{"line":901,"column":54}},"551":{"start":{"line":902,"column":16},"end":{"line":902,"column":57}},"552":{"start":{"line":903,"column":16},"end":{"line":903,"column":57}},"553":{"start":{"line":905,"column":16},"end":{"line":905,"column":54}},"554":{"start":{"line":906,"column":16},"end":{"line":906,"column":50}},"555":{"start":{"line":907,"column":16},"end":{"line":907,"column":56}},"556":{"start":{"line":908,"column":16},"end":{"line":908,"column":56}},"557":{"start":{"line":909,"column":16},"end":{"line":909,"column":56}},"558":{"start":{"line":910,"column":16},"end":{"line":910,"column":56}},"559":{"start":{"line":911,"column":16},"end":{"line":911,"column":66}},"560":{"start":{"line":912,"column":16},"end":{"line":912,"column":60}},"561":{"start":{"line":913,"column":16},"end":{"line":913,"column":54}},"562":{"start":{"line":914,"column":16},"end":{"line":914,"column":52}},"563":{"start":{"line":916,"column":16},"end":{"line":919,"column":18}},"564":{"start":{"line":917,"column":20},"end":{"line":917,"column":57}},"565":{"start":{"line":918,"column":20},"end":{"line":918,"column":72}},"566":{"start":{"line":921,"column":16},"end":{"line":924,"column":18}},"567":{"start":{"line":922,"column":20},"end":{"line":922,"column":58}},"568":{"start":{"line":923,"column":20},"end":{"line":923,"column":76}},"569":{"start":{"line":927,"column":12},"end":{"line":970,"column":14}},"570":{"start":{"line":928,"column":155},"end":{"line":928,"column":159}},"571":{"start":{"line":930,"column":16},"end":{"line":930,"column":59}},"572":{"start":{"line":932,"column":16},"end":{"line":932,"column":24}},"573":{"start":{"line":933,"column":16},"end":{"line":933,"column":157}},"574":{"start":{"line":935,"column":30},"end":{"line":935,"column":68}},"575":{"start":{"line":937,"column":30},"end":{"line":937,"column":38}},"576":{"start":{"line":939,"column":16},"end":{"line":939,"column":56}},"577":{"start":{"line":941,"column":16},"end":{"line":941,"column":49}},"578":{"start":{"line":942,"column":16},"end":{"line":942,"column":54}},"579":{"start":{"line":943,"column":16},"end":{"line":943,"column":57}},"580":{"start":{"line":944,"column":16},"end":{"line":944,"column":57}},"581":{"start":{"line":946,"column":16},"end":{"line":946,"column":51}},"582":{"start":{"line":947,"column":16},"end":{"line":947,"column":47}},"583":{"start":{"line":948,"column":16},"end":{"line":948,"column":53}},"584":{"start":{"line":949,"column":16},"end":{"line":949,"column":53}},"585":{"start":{"line":950,"column":16},"end":{"line":950,"column":53}},"586":{"start":{"line":951,"column":16},"end":{"line":951,"column":53}},"587":{"start":{"line":952,"column":16},"end":{"line":952,"column":63}},"588":{"start":{"line":953,"column":16},"end":{"line":953,"column":57}},"589":{"start":{"line":954,"column":16},"end":{"line":954,"column":51}},"590":{"start":{"line":955,"column":16},"end":{"line":955,"column":49}},"591":{"start":{"line":957,"column":31},"end":{"line":957,"column":94}},"592":{"start":{"line":959,"column":16},"end":{"line":962,"column":18}},"593":{"start":{"line":960,"column":20},"end":{"line":960,"column":57}},"594":{"start":{"line":961,"column":20},"end":{"line":961,"column":72}},"595":{"start":{"line":964,"column":32},"end":{"line":964,"column":99}},"596":{"start":{"line":966,"column":16},"end":{"line":969,"column":18}},"597":{"start":{"line":967,"column":20},"end":{"line":967,"column":58}},"598":{"start":{"line":968,"column":20},"end":{"line":968,"column":76}},"599":{"start":{"line":972,"column":12},"end":{"line":1015,"column":14}},"600":{"start":{"line":973,"column":155},"end":{"line":973,"column":159}},"601":{"start":{"line":975,"column":16},"end":{"line":975,"column":59}},"602":{"start":{"line":977,"column":16},"end":{"line":977,"column":157}},"603":{"start":{"line":979,"column":30},"end":{"line":979,"column":68}},"604":{"start":{"line":981,"column":30},"end":{"line":981,"column":38}},"605":{"start":{"line":983,"column":16},"end":{"line":983,"column":56}},"606":{"start":{"line":985,"column":16},"end":{"line":985,"column":49}},"607":{"start":{"line":986,"column":16},"end":{"line":986,"column":57}},"608":{"start":{"line":987,"column":16},"end":{"line":987,"column":51}},"609":{"start":{"line":988,"column":16},"end":{"line":988,"column":57}},"610":{"start":{"line":990,"column":16},"end":{"line":990,"column":54}},"611":{"start":{"line":992,"column":16},"end":{"line":992,"column":47}},"612":{"start":{"line":993,"column":16},"end":{"line":993,"column":53}},"613":{"start":{"line":994,"column":16},"end":{"line":994,"column":53}},"614":{"start":{"line":995,"column":16},"end":{"line":995,"column":53}},"615":{"start":{"line":996,"column":16},"end":{"line":996,"column":53}},"616":{"start":{"line":997,"column":16},"end":{"line":997,"column":63}},"617":{"start":{"line":998,"column":16},"end":{"line":998,"column":57}},"618":{"start":{"line":999,"column":16},"end":{"line":999,"column":51}},"619":{"start":{"line":1000,"column":16},"end":{"line":1000,"column":49}},"620":{"start":{"line":1002,"column":31},"end":{"line":1002,"column":94}},"621":{"start":{"line":1004,"column":16},"end":{"line":1007,"column":18}},"622":{"start":{"line":1005,"column":20},"end":{"line":1005,"column":57}},"623":{"start":{"line":1006,"column":20},"end":{"line":1006,"column":72}},"624":{"start":{"line":1009,"column":32},"end":{"line":1009,"column":99}},"625":{"start":{"line":1011,"column":16},"end":{"line":1014,"column":18}},"626":{"start":{"line":1012,"column":20},"end":{"line":1012,"column":58}},"627":{"start":{"line":1013,"column":20},"end":{"line":1013,"column":76}},"628":{"start":{"line":1019,"column":12},"end":{"line":1023,"column":14}},"629":{"start":{"line":1020,"column":64},"end":{"line":1020,"column":68}},"630":{"start":{"line":1022,"column":16},"end":{"line":1022,"column":122}},"631":{"start":{"line":1022,"column":29},"end":{"line":1022,"column":72}},"632":{"start":{"line":1025,"column":12},"end":{"line":1029,"column":14}},"633":{"start":{"line":1026,"column":64},"end":{"line":1026,"column":68}},"634":{"start":{"line":1028,"column":16},"end":{"line":1028,"column":112}},"635":{"start":{"line":1028,"column":29},"end":{"line":1028,"column":67}},"636":{"start":{"line":1031,"column":12},"end":{"line":1035,"column":14}},"637":{"start":{"line":1032,"column":64},"end":{"line":1032,"column":68}},"638":{"start":{"line":1034,"column":16},"end":{"line":1034,"column":124}},"639":{"start":{"line":1034,"column":29},"end":{"line":1034,"column":78}},"640":{"start":{"line":1037,"column":12},"end":{"line":1041,"column":14}},"641":{"start":{"line":1038,"column":64},"end":{"line":1038,"column":68}},"642":{"start":{"line":1040,"column":16},"end":{"line":1040,"column":110}},"643":{"start":{"line":1040,"column":29},"end":{"line":1040,"column":66}},"644":{"start":{"line":1043,"column":12},"end":{"line":1047,"column":14}},"645":{"start":{"line":1044,"column":64},"end":{"line":1044,"column":68}},"646":{"start":{"line":1046,"column":16},"end":{"line":1046,"column":112}},"647":{"start":{"line":1046,"column":29},"end":{"line":1046,"column":67}},"648":{"start":{"line":1049,"column":12},"end":{"line":1053,"column":14}},"649":{"start":{"line":1050,"column":64},"end":{"line":1050,"column":68}},"650":{"start":{"line":1052,"column":16},"end":{"line":1052,"column":127}},"651":{"start":{"line":1052,"column":29},"end":{"line":1052,"column":76}},"652":{"start":{"line":1055,"column":12},"end":{"line":1059,"column":14}},"653":{"start":{"line":1056,"column":64},"end":{"line":1056,"column":68}},"654":{"start":{"line":1058,"column":16},"end":{"line":1058,"column":130}},"655":{"start":{"line":1058,"column":29},"end":{"line":1058,"column":74}},"656":{"start":{"line":1063,"column":8},"end":{"line":1301,"column":10}},"657":{"start":{"line":1066,"column":12},"end":{"line":1078,"column":14}},"658":{"start":{"line":1067,"column":16},"end":{"line":1067,"column":215}},"659":{"start":{"line":1069,"column":16},"end":{"line":1069,"column":52}},"660":{"start":{"line":1071,"column":16},"end":{"line":1071,"column":229}},"661":{"start":{"line":1073,"column":16},"end":{"line":1073,"column":52}},"662":{"start":{"line":1075,"column":16},"end":{"line":1075,"column":216}},"663":{"start":{"line":1077,"column":16},"end":{"line":1077,"column":52}},"664":{"start":{"line":1080,"column":12},"end":{"line":1104,"column":14}},"665":{"start":{"line":1081,"column":30},"end":{"line":1081,"column":44}},"666":{"start":{"line":1083,"column":32},"end":{"line":1083,"column":78}},"667":{"start":{"line":1084,"column":31},"end":{"line":1084,"column":41}},"668":{"start":{"line":1086,"column":16},"end":{"line":1086,"column":39}},"669":{"start":{"line":1088,"column":28},"end":{"line":1088,"column":74}},"670":{"start":{"line":1090,"column":30},"end":{"line":1090,"column":53}},"671":{"start":{"line":1092,"column":29},"end":{"line":1092,"column":37}},"672":{"start":{"line":1094,"column":16},"end":{"line":1094,"column":57}},"673":{"start":{"line":1095,"column":16},"end":{"line":1095,"column":66}},"674":{"start":{"line":1096,"column":16},"end":{"line":1096,"column":54}},"675":{"start":{"line":1097,"column":16},"end":{"line":1097,"column":56}},"676":{"start":{"line":1098,"column":16},"end":{"line":1098,"column":62}},"677":{"start":{"line":1099,"column":16},"end":{"line":1099,"column":72}},"678":{"start":{"line":1101,"column":16},"end":{"line":1101,"column":89}},"679":{"start":{"line":1102,"column":16},"end":{"line":1102,"column":93}},"680":{"start":{"line":1106,"column":12},"end":{"line":1160,"column":14}},"681":{"start":{"line":1107,"column":16},"end":{"line":1107,"column":98}},"682":{"start":{"line":1109,"column":16},"end":{"line":1109,"column":98}},"683":{"start":{"line":1110,"column":16},"end":{"line":1110,"column":102}},"684":{"start":{"line":1111,"column":16},"end":{"line":1111,"column":102}},"685":{"start":{"line":1112,"column":31},"end":{"line":1112,"column":51}},"686":{"start":{"line":1113,"column":33},"end":{"line":1113,"column":55}},"687":{"start":{"line":1114,"column":30},"end":{"line":1114,"column":90}},"688":{"start":{"line":1115,"column":33},"end":{"line":1115,"column":37}},"689":{"start":{"line":1118,"column":32},"end":{"line":1118,"column":78}},"690":{"start":{"line":1120,"column":31},"end":{"line":1120,"column":41}},"691":{"start":{"line":1122,"column":16},"end":{"line":1122,"column":39}},"692":{"start":{"line":1124,"column":28},"end":{"line":1141,"column":17}},"693":{"start":{"line":1143,"column":30},"end":{"line":1143,"column":53}},"694":{"start":{"line":1145,"column":29},"end":{"line":1145,"column":37}},"695":{"start":{"line":1147,"column":16},"end":{"line":1147,"column":57}},"696":{"start":{"line":1148,"column":16},"end":{"line":1148,"column":66}},"697":{"start":{"line":1150,"column":16},"end":{"line":1150,"column":54}},"698":{"start":{"line":1151,"column":16},"end":{"line":1151,"column":56}},"699":{"start":{"line":1152,"column":16},"end":{"line":1152,"column":62}},"700":{"start":{"line":1153,"column":16},"end":{"line":1153,"column":72}},"701":{"start":{"line":1155,"column":16},"end":{"line":1155,"column":84}},"702":{"start":{"line":1156,"column":16},"end":{"line":1156,"column":102}},"703":{"start":{"line":1158,"column":16},"end":{"line":1158,"column":92}},"704":{"start":{"line":1159,"column":16},"end":{"line":1159,"column":110}},"705":{"start":{"line":1162,"column":12},"end":{"line":1228,"column":14}},"706":{"start":{"line":1165,"column":16},"end":{"line":1165,"column":98}},"707":{"start":{"line":1167,"column":16},"end":{"line":1167,"column":98}},"708":{"start":{"line":1168,"column":16},"end":{"line":1168,"column":102}},"709":{"start":{"line":1169,"column":16},"end":{"line":1169,"column":102}},"710":{"start":{"line":1171,"column":31},"end":{"line":1171,"column":51}},"711":{"start":{"line":1172,"column":33},"end":{"line":1172,"column":55}},"712":{"start":{"line":1174,"column":30},"end":{"line":1174,"column":136}},"713":{"start":{"line":1175,"column":33},"end":{"line":1175,"column":37}},"714":{"start":{"line":1177,"column":32},"end":{"line":1177,"column":78}},"715":{"start":{"line":1179,"column":31},"end":{"line":1179,"column":41}},"716":{"start":{"line":1181,"column":16},"end":{"line":1181,"column":39}},"717":{"start":{"line":1183,"column":28},"end":{"line":1206,"column":17}},"718":{"start":{"line":1208,"column":30},"end":{"line":1208,"column":53}},"719":{"start":{"line":1210,"column":29},"end":{"line":1210,"column":37}},"720":{"start":{"line":1212,"column":16},"end":{"line":1212,"column":57}},"721":{"start":{"line":1213,"column":16},"end":{"line":1213,"column":66}},"722":{"start":{"line":1215,"column":16},"end":{"line":1215,"column":54}},"723":{"start":{"line":1216,"column":16},"end":{"line":1216,"column":56}},"724":{"start":{"line":1217,"column":16},"end":{"line":1217,"column":62}},"725":{"start":{"line":1218,"column":16},"end":{"line":1218,"column":72}},"726":{"start":{"line":1219,"column":16},"end":{"line":1219,"column":24}},"727":{"start":{"line":1220,"column":16},"end":{"line":1220,"column":62}},"728":{"start":{"line":1222,"column":16},"end":{"line":1222,"column":84}},"729":{"start":{"line":1223,"column":16},"end":{"line":1223,"column":102}},"730":{"start":{"line":1225,"column":16},"end":{"line":1225,"column":92}},"731":{"start":{"line":1226,"column":16},"end":{"line":1226,"column":110}},"732":{"start":{"line":1231,"column":12},"end":{"line":1234,"column":14}},"733":{"start":{"line":1233,"column":16},"end":{"line":1233,"column":123}},"734":{"start":{"line":1233,"column":29},"end":{"line":1233,"column":122}},"735":{"start":{"line":1236,"column":12},"end":{"line":1239,"column":14}},"736":{"start":{"line":1238,"column":16},"end":{"line":1238,"column":113}},"737":{"start":{"line":1238,"column":29},"end":{"line":1238,"column":112}},"738":{"start":{"line":1241,"column":12},"end":{"line":1244,"column":14}},"739":{"start":{"line":1243,"column":16},"end":{"line":1243,"column":126}},"740":{"start":{"line":1243,"column":29},"end":{"line":1243,"column":125}},"741":{"start":{"line":1246,"column":12},"end":{"line":1249,"column":14}},"742":{"start":{"line":1248,"column":16},"end":{"line":1248,"column":111}},"743":{"start":{"line":1248,"column":29},"end":{"line":1248,"column":110}},"744":{"start":{"line":1251,"column":12},"end":{"line":1254,"column":14}},"745":{"start":{"line":1253,"column":16},"end":{"line":1253,"column":113}},"746":{"start":{"line":1253,"column":29},"end":{"line":1253,"column":112}},"747":{"start":{"line":1256,"column":12},"end":{"line":1259,"column":14}},"748":{"start":{"line":1258,"column":16},"end":{"line":1258,"column":128}},"749":{"start":{"line":1258,"column":29},"end":{"line":1258,"column":127}},"750":{"start":{"line":1261,"column":12},"end":{"line":1264,"column":14}},"751":{"start":{"line":1263,"column":16},"end":{"line":1263,"column":130}},"752":{"start":{"line":1263,"column":29},"end":{"line":1263,"column":129}},"753":{"start":{"line":1266,"column":12},"end":{"line":1269,"column":14}},"754":{"start":{"line":1267,"column":30},"end":{"line":1267,"column":44}},"755":{"start":{"line":1268,"column":16},"end":{"line":1268,"column":109}},"756":{"start":{"line":1268,"column":29},"end":{"line":1268,"column":108}},"757":{"start":{"line":1271,"column":12},"end":{"line":1274,"column":14}},"758":{"start":{"line":1272,"column":30},"end":{"line":1272,"column":44}},"759":{"start":{"line":1273,"column":16},"end":{"line":1273,"column":99}},"760":{"start":{"line":1273,"column":29},"end":{"line":1273,"column":98}},"761":{"start":{"line":1276,"column":12},"end":{"line":1279,"column":14}},"762":{"start":{"line":1277,"column":30},"end":{"line":1277,"column":44}},"763":{"start":{"line":1278,"column":16},"end":{"line":1278,"column":109}},"764":{"start":{"line":1278,"column":29},"end":{"line":1278,"column":108}},"765":{"start":{"line":1281,"column":12},"end":{"line":1284,"column":14}},"766":{"start":{"line":1282,"column":30},"end":{"line":1282,"column":44}},"767":{"start":{"line":1283,"column":16},"end":{"line":1283,"column":97}},"768":{"start":{"line":1283,"column":29},"end":{"line":1283,"column":96}},"769":{"start":{"line":1286,"column":12},"end":{"line":1289,"column":14}},"770":{"start":{"line":1287,"column":30},"end":{"line":1287,"column":44}},"771":{"start":{"line":1288,"column":16},"end":{"line":1288,"column":99}},"772":{"start":{"line":1288,"column":29},"end":{"line":1288,"column":98}},"773":{"start":{"line":1291,"column":12},"end":{"line":1294,"column":14}},"774":{"start":{"line":1292,"column":30},"end":{"line":1292,"column":44}},"775":{"start":{"line":1293,"column":16},"end":{"line":1293,"column":114}},"776":{"start":{"line":1293,"column":29},"end":{"line":1293,"column":113}},"777":{"start":{"line":1296,"column":12},"end":{"line":1299,"column":14}},"778":{"start":{"line":1297,"column":30},"end":{"line":1297,"column":44}},"779":{"start":{"line":1298,"column":16},"end":{"line":1298,"column":117}},"780":{"start":{"line":1298,"column":29},"end":{"line":1298,"column":116}},"781":{"start":{"line":1303,"column":8},"end":{"line":1376,"column":10}},"782":{"start":{"line":1306,"column":12},"end":{"line":1328,"column":14}},"783":{"start":{"line":1307,"column":16},"end":{"line":1307,"column":214}},"784":{"start":{"line":1309,"column":16},"end":{"line":1309,"column":51}},"785":{"start":{"line":1311,"column":16},"end":{"line":1311,"column":216}},"786":{"start":{"line":1313,"column":16},"end":{"line":1313,"column":52}},"787":{"start":{"line":1315,"column":16},"end":{"line":1315,"column":46}},"788":{"start":{"line":1317,"column":16},"end":{"line":1319,"column":18}},"789":{"start":{"line":1321,"column":16},"end":{"line":1321,"column":54}},"790":{"start":{"line":1323,"column":16},"end":{"line":1323,"column":104}},"791":{"start":{"line":1325,"column":16},"end":{"line":1325,"column":97}},"792":{"start":{"line":1326,"column":16},"end":{"line":1326,"column":101}},"793":{"start":{"line":1330,"column":12},"end":{"line":1347,"column":14}},"794":{"start":{"line":1332,"column":16},"end":{"line":1332,"column":61}},"795":{"start":{"line":1334,"column":30},"end":{"line":1334,"column":89}},"796":{"start":{"line":1335,"column":16},"end":{"line":1335,"column":42}},"797":{"start":{"line":1337,"column":31},"end":{"line":1337,"column":81}},"798":{"start":{"line":1338,"column":35},"end":{"line":1338,"column":89}},"799":{"start":{"line":1340,"column":38},"end":{"line":1340,"column":95}},"800":{"start":{"line":1341,"column":33},"end":{"line":1341,"column":85}},"801":{"start":{"line":1343,"column":16},"end":{"line":1343,"column":52}},"802":{"start":{"line":1344,"column":16},"end":{"line":1344,"column":56}},"803":{"start":{"line":1345,"column":16},"end":{"line":1345,"column":59}},"804":{"start":{"line":1346,"column":16},"end":{"line":1346,"column":54}},"805":{"start":{"line":1349,"column":12},"end":{"line":1351,"column":14}},"806":{"start":{"line":1350,"column":16},"end":{"line":1350,"column":109}},"807":{"start":{"line":1350,"column":29},"end":{"line":1350,"column":108}},"808":{"start":{"line":1353,"column":12},"end":{"line":1355,"column":14}},"809":{"start":{"line":1354,"column":16},"end":{"line":1354,"column":99}},"810":{"start":{"line":1354,"column":29},"end":{"line":1354,"column":98}},"811":{"start":{"line":1357,"column":12},"end":{"line":1359,"column":14}},"812":{"start":{"line":1358,"column":16},"end":{"line":1358,"column":108}},"813":{"start":{"line":1358,"column":29},"end":{"line":1358,"column":107}},"814":{"start":{"line":1361,"column":12},"end":{"line":1363,"column":14}},"815":{"start":{"line":1362,"column":16},"end":{"line":1362,"column":97}},"816":{"start":{"line":1362,"column":29},"end":{"line":1362,"column":96}},"817":{"start":{"line":1365,"column":12},"end":{"line":1367,"column":14}},"818":{"start":{"line":1366,"column":16},"end":{"line":1366,"column":99}},"819":{"start":{"line":1366,"column":29},"end":{"line":1366,"column":98}},"820":{"start":{"line":1369,"column":12},"end":{"line":1371,"column":14}},"821":{"start":{"line":1370,"column":16},"end":{"line":1370,"column":118}},"822":{"start":{"line":1370,"column":29},"end":{"line":1370,"column":117}},"823":{"start":{"line":1373,"column":12},"end":{"line":1375,"column":14}},"824":{"start":{"line":1374,"column":16},"end":{"line":1374,"column":117}},"825":{"start":{"line":1374,"column":29},"end":{"line":1374,"column":116}},"826":{"start":{"line":1380,"column":4},"end":{"line":1816,"column":6}},"827":{"start":{"line":1382,"column":8},"end":{"line":1512,"column":10}},"828":{"start":{"line":1385,"column":12},"end":{"line":1401,"column":14}},"829":{"start":{"line":1387,"column":16},"end":{"line":1389,"column":18}},"830":{"start":{"line":1391,"column":16},"end":{"line":1391,"column":51}},"831":{"start":{"line":1393,"column":16},"end":{"line":1395,"column":18}},"832":{"start":{"line":1397,"column":16},"end":{"line":1397,"column":52}},"833":{"start":{"line":1399,"column":16},"end":{"line":1399,"column":46}},"834":{"start":{"line":1403,"column":12},"end":{"line":1426,"column":14}},"835":{"start":{"line":1404,"column":29},"end":{"line":1404,"column":39}},"836":{"start":{"line":1406,"column":16},"end":{"line":1406,"column":103}},"837":{"start":{"line":1408,"column":33},"end":{"line":1408,"column":74}},"838":{"start":{"line":1410,"column":16},"end":{"line":1410,"column":54}},"839":{"start":{"line":1411,"column":32},"end":{"line":1411,"column":43}},"840":{"start":{"line":1412,"column":16},"end":{"line":1412,"column":58}},"841":{"start":{"line":1414,"column":16},"end":{"line":1414,"column":62}},"842":{"start":{"line":1415,"column":16},"end":{"line":1415,"column":62}},"843":{"start":{"line":1416,"column":16},"end":{"line":1416,"column":54}},"844":{"start":{"line":1417,"column":16},"end":{"line":1417,"column":81}},"845":{"start":{"line":1419,"column":38},"end":{"line":1419,"column":84}},"846":{"start":{"line":1420,"column":16},"end":{"line":1420,"column":59}},"847":{"start":{"line":1422,"column":37},"end":{"line":1422,"column":53}},"848":{"start":{"line":1423,"column":16},"end":{"line":1423,"column":63}},"849":{"start":{"line":1424,"column":16},"end":{"line":1424,"column":66}},"850":{"start":{"line":1425,"column":16},"end":{"line":1425,"column":67}},"851":{"start":{"line":1428,"column":12},"end":{"line":1430,"column":14}},"852":{"start":{"line":1429,"column":16},"end":{"line":1429,"column":107}},"853":{"start":{"line":1429,"column":29},"end":{"line":1429,"column":106}},"854":{"start":{"line":1432,"column":12},"end":{"line":1434,"column":14}},"855":{"start":{"line":1433,"column":16},"end":{"line":1433,"column":97}},"856":{"start":{"line":1433,"column":29},"end":{"line":1433,"column":96}},"857":{"start":{"line":1436,"column":12},"end":{"line":1438,"column":14}},"858":{"start":{"line":1437,"column":16},"end":{"line":1437,"column":106}},"859":{"start":{"line":1437,"column":29},"end":{"line":1437,"column":105}},"860":{"start":{"line":1440,"column":12},"end":{"line":1442,"column":14}},"861":{"start":{"line":1441,"column":16},"end":{"line":1441,"column":95}},"862":{"start":{"line":1441,"column":29},"end":{"line":1441,"column":94}},"863":{"start":{"line":1444,"column":12},"end":{"line":1446,"column":14}},"864":{"start":{"line":1445,"column":16},"end":{"line":1445,"column":97}},"865":{"start":{"line":1445,"column":29},"end":{"line":1445,"column":96}},"866":{"start":{"line":1448,"column":12},"end":{"line":1450,"column":14}},"867":{"start":{"line":1449,"column":16},"end":{"line":1449,"column":116}},"868":{"start":{"line":1449,"column":29},"end":{"line":1449,"column":115}},"869":{"start":{"line":1452,"column":12},"end":{"line":1454,"column":14}},"870":{"start":{"line":1453,"column":16},"end":{"line":1453,"column":115}},"871":{"start":{"line":1453,"column":29},"end":{"line":1453,"column":114}},"872":{"start":{"line":1456,"column":12},"end":{"line":1458,"column":14}},"873":{"start":{"line":1457,"column":16},"end":{"line":1457,"column":126}},"874":{"start":{"line":1457,"column":29},"end":{"line":1457,"column":125}},"875":{"start":{"line":1460,"column":12},"end":{"line":1462,"column":14}},"876":{"start":{"line":1461,"column":16},"end":{"line":1461,"column":116}},"877":{"start":{"line":1461,"column":29},"end":{"line":1461,"column":115}},"878":{"start":{"line":1464,"column":12},"end":{"line":1466,"column":14}},"879":{"start":{"line":1465,"column":16},"end":{"line":1465,"column":125}},"880":{"start":{"line":1465,"column":29},"end":{"line":1465,"column":124}},"881":{"start":{"line":1468,"column":12},"end":{"line":1470,"column":14}},"882":{"start":{"line":1469,"column":16},"end":{"line":1469,"column":114}},"883":{"start":{"line":1469,"column":29},"end":{"line":1469,"column":113}},"884":{"start":{"line":1472,"column":12},"end":{"line":1474,"column":14}},"885":{"start":{"line":1473,"column":16},"end":{"line":1473,"column":116}},"886":{"start":{"line":1473,"column":29},"end":{"line":1473,"column":115}},"887":{"start":{"line":1476,"column":12},"end":{"line":1478,"column":14}},"888":{"start":{"line":1477,"column":16},"end":{"line":1477,"column":135}},"889":{"start":{"line":1477,"column":29},"end":{"line":1477,"column":134}},"890":{"start":{"line":1480,"column":12},"end":{"line":1482,"column":14}},"891":{"start":{"line":1481,"column":16},"end":{"line":1481,"column":134}},"892":{"start":{"line":1481,"column":29},"end":{"line":1481,"column":133}},"893":{"start":{"line":1484,"column":12},"end":{"line":1486,"column":14}},"894":{"start":{"line":1485,"column":16},"end":{"line":1485,"column":146}},"895":{"start":{"line":1485,"column":29},"end":{"line":1485,"column":145}},"896":{"start":{"line":1488,"column":12},"end":{"line":1490,"column":14}},"897":{"start":{"line":1489,"column":16},"end":{"line":1489,"column":136}},"898":{"start":{"line":1489,"column":29},"end":{"line":1489,"column":135}},"899":{"start":{"line":1492,"column":12},"end":{"line":1494,"column":14}},"900":{"start":{"line":1493,"column":16},"end":{"line":1493,"column":145}},"901":{"start":{"line":1493,"column":29},"end":{"line":1493,"column":144}},"902":{"start":{"line":1496,"column":12},"end":{"line":1498,"column":14}},"903":{"start":{"line":1497,"column":16},"end":{"line":1497,"column":134}},"904":{"start":{"line":1497,"column":29},"end":{"line":1497,"column":133}},"905":{"start":{"line":1500,"column":12},"end":{"line":1502,"column":14}},"906":{"start":{"line":1501,"column":16},"end":{"line":1501,"column":136}},"907":{"start":{"line":1501,"column":29},"end":{"line":1501,"column":135}},"908":{"start":{"line":1504,"column":12},"end":{"line":1506,"column":14}},"909":{"start":{"line":1505,"column":16},"end":{"line":1505,"column":155}},"910":{"start":{"line":1505,"column":29},"end":{"line":1505,"column":154}},"911":{"start":{"line":1508,"column":12},"end":{"line":1510,"column":14}},"912":{"start":{"line":1509,"column":16},"end":{"line":1509,"column":154}},"913":{"start":{"line":1509,"column":29},"end":{"line":1509,"column":153}},"914":{"start":{"line":1514,"column":8},"end":{"line":1625,"column":10}},"915":{"start":{"line":1518,"column":12},"end":{"line":1551,"column":14}},"916":{"start":{"line":1520,"column":16},"end":{"line":1522,"column":18}},"917":{"start":{"line":1524,"column":16},"end":{"line":1524,"column":51}},"918":{"start":{"line":1526,"column":16},"end":{"line":1528,"column":18}},"919":{"start":{"line":1530,"column":16},"end":{"line":1530,"column":52}},"920":{"start":{"line":1532,"column":16},"end":{"line":1532,"column":46}},"921":{"start":{"line":1534,"column":16},"end":{"line":1536,"column":18}},"922":{"start":{"line":1538,"column":16},"end":{"line":1538,"column":33}},"923":{"start":{"line":1539,"column":16},"end":{"line":1539,"column":40}},"924":{"start":{"line":1541,"column":16},"end":{"line":1541,"column":54}},"925":{"start":{"line":1543,"column":16},"end":{"line":1545,"column":18}},"926":{"start":{"line":1547,"column":16},"end":{"line":1547,"column":33}},"927":{"start":{"line":1548,"column":16},"end":{"line":1548,"column":41}},"928":{"start":{"line":1550,"column":16},"end":{"line":1550,"column":55}},"929":{"start":{"line":1553,"column":12},"end":{"line":1567,"column":14}},"930":{"start":{"line":1555,"column":38},"end":{"line":1555,"column":100}},"931":{"start":{"line":1557,"column":16},"end":{"line":1557,"column":59}},"932":{"start":{"line":1558,"column":32},"end":{"line":1558,"column":48}},"933":{"start":{"line":1559,"column":33},"end":{"line":1559,"column":49}},"934":{"start":{"line":1561,"column":16},"end":{"line":1561,"column":62}},"935":{"start":{"line":1562,"column":16},"end":{"line":1562,"column":62}},"936":{"start":{"line":1563,"column":16},"end":{"line":1563,"column":54}},"937":{"start":{"line":1565,"column":16},"end":{"line":1565,"column":64}},"938":{"start":{"line":1566,"column":16},"end":{"line":1566,"column":62}},"939":{"start":{"line":1569,"column":12},"end":{"line":1571,"column":14}},"940":{"start":{"line":1570,"column":16},"end":{"line":1570,"column":105}},"941":{"start":{"line":1570,"column":29},"end":{"line":1570,"column":104}},"942":{"start":{"line":1573,"column":12},"end":{"line":1575,"column":14}},"943":{"start":{"line":1574,"column":16},"end":{"line":1574,"column":95}},"944":{"start":{"line":1574,"column":29},"end":{"line":1574,"column":94}},"945":{"start":{"line":1577,"column":12},"end":{"line":1579,"column":14}},"946":{"start":{"line":1578,"column":16},"end":{"line":1578,"column":104}},"947":{"start":{"line":1578,"column":29},"end":{"line":1578,"column":103}},"948":{"start":{"line":1581,"column":12},"end":{"line":1583,"column":14}},"949":{"start":{"line":1582,"column":16},"end":{"line":1582,"column":93}},"950":{"start":{"line":1582,"column":29},"end":{"line":1582,"column":92}},"951":{"start":{"line":1585,"column":12},"end":{"line":1587,"column":14}},"952":{"start":{"line":1586,"column":16},"end":{"line":1586,"column":95}},"953":{"start":{"line":1586,"column":29},"end":{"line":1586,"column":94}},"954":{"start":{"line":1589,"column":12},"end":{"line":1591,"column":14}},"955":{"start":{"line":1590,"column":16},"end":{"line":1590,"column":114}},"956":{"start":{"line":1590,"column":29},"end":{"line":1590,"column":113}},"957":{"start":{"line":1593,"column":12},"end":{"line":1595,"column":14}},"958":{"start":{"line":1594,"column":16},"end":{"line":1594,"column":113}},"959":{"start":{"line":1594,"column":29},"end":{"line":1594,"column":112}},"960":{"start":{"line":1597,"column":12},"end":{"line":1599,"column":14}},"961":{"start":{"line":1598,"column":16},"end":{"line":1598,"column":124}},"962":{"start":{"line":1598,"column":29},"end":{"line":1598,"column":123}},"963":{"start":{"line":1601,"column":12},"end":{"line":1603,"column":14}},"964":{"start":{"line":1602,"column":16},"end":{"line":1602,"column":114}},"965":{"start":{"line":1602,"column":29},"end":{"line":1602,"column":113}},"966":{"start":{"line":1605,"column":12},"end":{"line":1607,"column":14}},"967":{"start":{"line":1606,"column":16},"end":{"line":1606,"column":123}},"968":{"start":{"line":1606,"column":29},"end":{"line":1606,"column":122}},"969":{"start":{"line":1609,"column":12},"end":{"line":1611,"column":14}},"970":{"start":{"line":1610,"column":16},"end":{"line":1610,"column":112}},"971":{"start":{"line":1610,"column":29},"end":{"line":1610,"column":111}},"972":{"start":{"line":1613,"column":12},"end":{"line":1615,"column":14}},"973":{"start":{"line":1614,"column":16},"end":{"line":1614,"column":114}},"974":{"start":{"line":1614,"column":29},"end":{"line":1614,"column":113}},"975":{"start":{"line":1617,"column":12},"end":{"line":1619,"column":14}},"976":{"start":{"line":1618,"column":16},"end":{"line":1618,"column":133}},"977":{"start":{"line":1618,"column":29},"end":{"line":1618,"column":132}},"978":{"start":{"line":1621,"column":12},"end":{"line":1623,"column":14}},"979":{"start":{"line":1622,"column":16},"end":{"line":1622,"column":132}},"980":{"start":{"line":1622,"column":29},"end":{"line":1622,"column":131}},"981":{"start":{"line":1627,"column":8},"end":{"line":1719,"column":10}},"982":{"start":{"line":1630,"column":12},"end":{"line":1648,"column":14}},"983":{"start":{"line":1632,"column":16},"end":{"line":1634,"column":18}},"984":{"start":{"line":1636,"column":16},"end":{"line":1636,"column":51}},"985":{"start":{"line":1638,"column":16},"end":{"line":1640,"column":18}},"986":{"start":{"line":1642,"column":16},"end":{"line":1642,"column":52}},"987":{"start":{"line":1644,"column":16},"end":{"line":1644,"column":46}},"988":{"start":{"line":1646,"column":16},"end":{"line":1646,"column":104}},"989":{"start":{"line":1650,"column":12},"end":{"line":1661,"column":14}},"990":{"start":{"line":1652,"column":38},"end":{"line":1652,"column":108}},"991":{"start":{"line":1654,"column":16},"end":{"line":1654,"column":59}},"992":{"start":{"line":1655,"column":37},"end":{"line":1655,"column":53}},"993":{"start":{"line":1657,"column":16},"end":{"line":1657,"column":66}},"994":{"start":{"line":1658,"column":16},"end":{"line":1658,"column":64}},"995":{"start":{"line":1659,"column":16},"end":{"line":1659,"column":76}},"996":{"start":{"line":1663,"column":12},"end":{"line":1665,"column":14}},"997":{"start":{"line":1664,"column":16},"end":{"line":1664,"column":113}},"998":{"start":{"line":1664,"column":29},"end":{"line":1664,"column":112}},"999":{"start":{"line":1667,"column":12},"end":{"line":1669,"column":14}},"1000":{"start":{"line":1668,"column":16},"end":{"line":1668,"column":103}},"1001":{"start":{"line":1668,"column":29},"end":{"line":1668,"column":102}},"1002":{"start":{"line":1671,"column":12},"end":{"line":1673,"column":14}},"1003":{"start":{"line":1672,"column":16},"end":{"line":1672,"column":112}},"1004":{"start":{"line":1672,"column":29},"end":{"line":1672,"column":111}},"1005":{"start":{"line":1675,"column":12},"end":{"line":1677,"column":14}},"1006":{"start":{"line":1676,"column":16},"end":{"line":1676,"column":101}},"1007":{"start":{"line":1676,"column":29},"end":{"line":1676,"column":100}},"1008":{"start":{"line":1679,"column":12},"end":{"line":1681,"column":14}},"1009":{"start":{"line":1680,"column":16},"end":{"line":1680,"column":103}},"1010":{"start":{"line":1680,"column":29},"end":{"line":1680,"column":102}},"1011":{"start":{"line":1683,"column":12},"end":{"line":1685,"column":14}},"1012":{"start":{"line":1684,"column":16},"end":{"line":1684,"column":122}},"1013":{"start":{"line":1684,"column":29},"end":{"line":1684,"column":121}},"1014":{"start":{"line":1687,"column":12},"end":{"line":1689,"column":14}},"1015":{"start":{"line":1688,"column":16},"end":{"line":1688,"column":121}},"1016":{"start":{"line":1688,"column":29},"end":{"line":1688,"column":120}},"1017":{"start":{"line":1691,"column":12},"end":{"line":1693,"column":14}},"1018":{"start":{"line":1692,"column":16},"end":{"line":1692,"column":132}},"1019":{"start":{"line":1692,"column":29},"end":{"line":1692,"column":131}},"1020":{"start":{"line":1695,"column":12},"end":{"line":1697,"column":14}},"1021":{"start":{"line":1696,"column":16},"end":{"line":1696,"column":122}},"1022":{"start":{"line":1696,"column":29},"end":{"line":1696,"column":121}},"1023":{"start":{"line":1699,"column":12},"end":{"line":1701,"column":14}},"1024":{"start":{"line":1700,"column":16},"end":{"line":1700,"column":131}},"1025":{"start":{"line":1700,"column":29},"end":{"line":1700,"column":130}},"1026":{"start":{"line":1703,"column":12},"end":{"line":1705,"column":14}},"1027":{"start":{"line":1704,"column":16},"end":{"line":1704,"column":120}},"1028":{"start":{"line":1704,"column":29},"end":{"line":1704,"column":119}},"1029":{"start":{"line":1707,"column":12},"end":{"line":1709,"column":14}},"1030":{"start":{"line":1708,"column":16},"end":{"line":1708,"column":122}},"1031":{"start":{"line":1708,"column":29},"end":{"line":1708,"column":121}},"1032":{"start":{"line":1711,"column":12},"end":{"line":1713,"column":14}},"1033":{"start":{"line":1712,"column":16},"end":{"line":1712,"column":141}},"1034":{"start":{"line":1712,"column":29},"end":{"line":1712,"column":140}},"1035":{"start":{"line":1715,"column":12},"end":{"line":1717,"column":14}},"1036":{"start":{"line":1716,"column":16},"end":{"line":1716,"column":140}},"1037":{"start":{"line":1716,"column":29},"end":{"line":1716,"column":139}},"1038":{"start":{"line":1721,"column":8},"end":{"line":1814,"column":10}},"1039":{"start":{"line":1724,"column":12},"end":{"line":1748,"column":14}},"1040":{"start":{"line":1726,"column":16},"end":{"line":1728,"column":18}},"1041":{"start":{"line":1730,"column":16},"end":{"line":1730,"column":51}},"1042":{"start":{"line":1732,"column":16},"end":{"line":1734,"column":18}},"1043":{"start":{"line":1736,"column":16},"end":{"line":1736,"column":52}},"1044":{"start":{"line":1738,"column":16},"end":{"line":1738,"column":46}},"1045":{"start":{"line":1740,"column":16},"end":{"line":1742,"column":18}},"1046":{"start":{"line":1744,"column":16},"end":{"line":1744,"column":54}},"1047":{"start":{"line":1746,"column":16},"end":{"line":1746,"column":104}},"1048":{"start":{"line":1750,"column":12},"end":{"line":1756,"column":14}},"1049":{"start":{"line":1752,"column":31},"end":{"line":1752,"column":109}},"1050":{"start":{"line":1753,"column":16},"end":{"line":1753,"column":24}},"1051":{"start":{"line":1755,"column":16},"end":{"line":1755,"column":48}},"1052":{"start":{"line":1758,"column":12},"end":{"line":1760,"column":14}},"1053":{"start":{"line":1759,"column":16},"end":{"line":1759,"column":121}},"1054":{"start":{"line":1759,"column":29},"end":{"line":1759,"column":120}},"1055":{"start":{"line":1762,"column":12},"end":{"line":1764,"column":14}},"1056":{"start":{"line":1763,"column":16},"end":{"line":1763,"column":111}},"1057":{"start":{"line":1763,"column":29},"end":{"line":1763,"column":110}},"1058":{"start":{"line":1766,"column":12},"end":{"line":1768,"column":14}},"1059":{"start":{"line":1767,"column":16},"end":{"line":1767,"column":120}},"1060":{"start":{"line":1767,"column":29},"end":{"line":1767,"column":119}},"1061":{"start":{"line":1770,"column":12},"end":{"line":1772,"column":14}},"1062":{"start":{"line":1771,"column":16},"end":{"line":1771,"column":109}},"1063":{"start":{"line":1771,"column":29},"end":{"line":1771,"column":108}},"1064":{"start":{"line":1774,"column":12},"end":{"line":1776,"column":14}},"1065":{"start":{"line":1775,"column":16},"end":{"line":1775,"column":111}},"1066":{"start":{"line":1775,"column":29},"end":{"line":1775,"column":110}},"1067":{"start":{"line":1778,"column":12},"end":{"line":1780,"column":14}},"1068":{"start":{"line":1779,"column":16},"end":{"line":1779,"column":130}},"1069":{"start":{"line":1779,"column":29},"end":{"line":1779,"column":129}},"1070":{"start":{"line":1782,"column":12},"end":{"line":1784,"column":14}},"1071":{"start":{"line":1783,"column":16},"end":{"line":1783,"column":129}},"1072":{"start":{"line":1783,"column":29},"end":{"line":1783,"column":128}},"1073":{"start":{"line":1786,"column":12},"end":{"line":1788,"column":14}},"1074":{"start":{"line":1787,"column":16},"end":{"line":1787,"column":140}},"1075":{"start":{"line":1787,"column":29},"end":{"line":1787,"column":139}},"1076":{"start":{"line":1790,"column":12},"end":{"line":1792,"column":14}},"1077":{"start":{"line":1791,"column":16},"end":{"line":1791,"column":130}},"1078":{"start":{"line":1791,"column":29},"end":{"line":1791,"column":129}},"1079":{"start":{"line":1794,"column":12},"end":{"line":1796,"column":14}},"1080":{"start":{"line":1795,"column":16},"end":{"line":1795,"column":139}},"1081":{"start":{"line":1795,"column":29},"end":{"line":1795,"column":138}},"1082":{"start":{"line":1798,"column":12},"end":{"line":1800,"column":14}},"1083":{"start":{"line":1799,"column":16},"end":{"line":1799,"column":128}},"1084":{"start":{"line":1799,"column":29},"end":{"line":1799,"column":127}},"1085":{"start":{"line":1802,"column":12},"end":{"line":1804,"column":14}},"1086":{"start":{"line":1803,"column":16},"end":{"line":1803,"column":130}},"1087":{"start":{"line":1803,"column":29},"end":{"line":1803,"column":129}},"1088":{"start":{"line":1806,"column":12},"end":{"line":1808,"column":14}},"1089":{"start":{"line":1807,"column":16},"end":{"line":1807,"column":149}},"1090":{"start":{"line":1807,"column":29},"end":{"line":1807,"column":148}},"1091":{"start":{"line":1810,"column
[...]
":{"line":497,"column":73}}],"line":497},"169":{"loc":{"start":{"line":498,"column":8},"end":{"line":498,"column":95}},"type":"if","locations":[{"start":{"line":498,"column":8},"end":{"line":498,"column":95}},{"start":{"line":498,"column":8},"end":{"line":498,"column":95}}],"line":498},"170":{"loc":{"start":{"line":498,"column":12},"end":{"line":498,"column":47}},"type":"binary-expr","locations":[{"start":{"line":498,"column":12},"end":{"line":498,"column":24}},{"start":{"line":498,"column":28},"end":{"line":498,"column":47}}],"line":498},"171":{"loc":{"start":{"line":508,"column":12},"end":{"line":508,"column":46}},"type":"if","locations":[{"start":{"line":508,"column":12},"end":{"line":508,"column":46}},{"start":{"line":508,"column":12},"end":{"line":508,"column":46}}],"line":508},"172":{"loc":{"start":{"line":527,"column":12},"end":{"line":527,"column":127}},"type":"cond-expr","locations":[{"start":{"line":527,"column":27},"end":{"line":527,"column":31}},{"start":{"line":527,"column":34},"end":{"line":527,"column":127}}],"line":527},"173":{"loc":{"start":{"line":540,"column":8},"end":{"line":540,"column":133}},"type":"if","locations":[{"start":{"line":540,"column":8},"end":{"line":540,"column":133}},{"start":{"line":540,"column":8},"end":{"line":540,"column":133}}],"line":540},"174":{"loc":{"start":{"line":540,"column":12},"end":{"line":540,"column":85}},"type":"binary-expr","locations":[{"start":{"line":540,"column":12},"end":{"line":540,"column":40}},{"start":{"line":540,"column":44},"end":{"line":540,"column":60}},{"start":{"line":540,"column":64},"end":{"line":540,"column":85}}],"line":540},"175":{"loc":{"start":{"line":541,"column":8},"end":{"line":541,"column":107}},"type":"if","locations":[{"start":{"line":541,"column":8},"end":{"line":541,"column":107}},{"start":{"line":541,"column":8},"end":{"line":541,"column":107}}],"line":541},"176":{"loc":{"start":{"line":541,"column":12},"end":{"line":541,"column":55}},"type":"binary-expr","locations":[{"start":{"line":541,"column":12},"end":{"line":541,"column":28}},{"start":{"line":541,"column":32},"end":{"line":541,"column":55}}],"line":541},"177":{"loc":{"start":{"line":543,"column":8},"end":{"line":543,"column":133}},"type":"if","locations":[{"start":{"line":543,"column":8},"end":{"line":543,"column":133}},{"start":{"line":543,"column":8},"end":{"line":543,"column":133}}],"line":543},"178":{"loc":{"start":{"line":543,"column":12},"end":{"line":543,"column":85}},"type":"binary-expr","locations":[{"start":{"line":543,"column":12},"end":{"line":543,"column":40}},{"start":{"line":543,"column":44},"end":{"line":543,"column":60}},{"start":{"line":543,"column":64},"end":{"line":543,"column":85}}],"line":543},"179":{"loc":{"start":{"line":544,"column":8},"end":{"line":544,"column":107}},"type":"if","locations":[{"start":{"line":544,"column":8},"end":{"line":544,"column":107}},{"start":{"line":544,"column":8},"end":{"line":544,"column":107}}],"line":544},"180":{"loc":{"start":{"line":544,"column":12},"end":{"line":544,"column":55}},"type":"binary-expr","locations":[{"start":{"line":544,"column":12},"end":{"line":544,"column":28}},{"start":{"line":544,"column":32},"end":{"line":544,"column":55}}],"line":544},"181":{"loc":{"start":{"line":567,"column":28},"end":{"line":567,"column":45}},"type":"cond-expr","locations":[{"start":{"line":567,"column":37},"end":{"line":567,"column":40}},{"start":{"line":567,"column":43},"end":{"line":567,"column":45}}],"line":567},"182":{"loc":{"start":{"line":581,"column":16},"end":{"line":584,"column":17}},"type":"if","locations":[{"start":{"line":581,"column":16},"end":{"line":584,"column":17}},{"start":{"line":581,"column":16},"end":{"line":584,"column":17}}],"line":581},"183":{"loc":{"start":{"line":581,"column":20},"end":{"line":581,"column":87}},"type":"binary-expr","locations":[{"start":{"line":581,"column":20},"end":{"line":581,"column":42}},{"start":{"line":581,"column":46},"end":{"line":581,"column":87}}],"line":581},"184":{"loc":{"start":{"line":605,"column":8},"end":{"line":605,"column":137}},"type":"if","locations":[{"start":{"line":605,"column":8},"end":{"line":605,"column":137}},{"start":{"line":605,"column":8},"end":{"line":605,"column":137}}],"line":605},"185":{"loc":{"start":{"line":605,"column":12},"end":{"line":605,"column":88}},"type":"binary-expr","locations":[{"start":{"line":605,"column":12},"end":{"line":605,"column":41}},{"start":{"line":605,"column":45},"end":{"line":605,"column":62}},{"start":{"line":605,"column":66},"end":{"line":605,"column":88}}],"line":605},"186":{"loc":{"start":{"line":606,"column":8},"end":{"line":606,"column":109}},"type":"if","locations":[{"start":{"line":606,"column":8},"end":{"line":606,"column":109}},{"start":{"line":606,"column":8},"end":{"line":606,"column":109}}],"line":606},"187":{"loc":{"start":{"line":606,"column":12},"end":{"line":606,"column":57}},"type":"binary-expr","locations":[{"start":{"line":606,"column":12},"end":{"line":606,"column":29}},{"start":{"line":606,"column":33},"end":{"line":606,"column":57}}],"line":606},"188":{"loc":{"start":{"line":633,"column":16},"end":{"line":637,"column":17}},"type":"if","locations":[{"start":{"line":633,"column":16},"end":{"line":637,"column":17}},{"start":{"line":633,"column":16},"end":{"line":637,"column":17}}],"line":633},"189":{"loc":{"start":{"line":653,"column":8},"end":{"line":653,"column":137}},"type":"if","locations":[{"start":{"line":653,"column":8},"end":{"line":653,"column":137}},{"start":{"line":653,"column":8},"end":{"line":653,"column":137}}],"line":653},"190":{"loc":{"start":{"line":653,"column":12},"end":{"line":653,"column":88}},"type":"binary-expr","locations":[{"start":{"line":653,"column":12},"end":{"line":653,"column":41}},{"start":{"line":653,"column":45},"end":{"line":653,"column":62}},{"start":{"line":653,"column":66},"end":{"line":653,"column":88}}],"line":653},"191":{"loc":{"start":{"line":654,"column":8},"end":{"line":654,"column":109}},"type":"if","locations":[{"start":{"line":654,"column":8},"end":{"line":654,"column":109}},{"start":{"line":654,"column":8},"end":{"line":654,"column":109}}],"line":654},"192":{"loc":{"start":{"line":654,"column":12},"end":{"line":654,"column":57}},"type":"binary-expr","locations":[{"start":{"line":654,"column":12},"end":{"line":654,"column":29}},{"start":{"line":654,"column":33},"end":{"line":654,"column":57}}],"line":654},"193":{"loc":{"start":{"line":656,"column":8},"end":{"line":656,"column":137}},"type":"if","locations":[{"start":{"line":656,"column":8},"end":{"line":656,"column":137}},{"start":{"line":656,"column":8},"end":{"line":656,"column":137}}],"line":656},"194":{"loc":{"start":{"line":656,"column":12},"end":{"line":656,"column":88}},"type":"binary-expr","locations":[{"start":{"line":656,"column":12},"end":{"line":656,"column":41}},{"start":{"line":656,"column":45},"end":{"line":656,"column":62}},{"start":{"line":656,"column":66},"end":{"line":656,"column":88}}],"line":656},"195":{"loc":{"start":{"line":657,"column":8},"end":{"line":657,"column":110}},"type":"if","locations":[{"start":{"line":657,"column":8},"end":{"line":657,"column":110}},{"start":{"line":657,"column":8},"end":{"line":657,"column":110}}],"line":657},"196":{"loc":{"start":{"line":657,"column":12},"end":{"line":657,"column":57}},"type":"binary-expr","locations":[{"start":{"line":657,"column":12},"end":{"line":657,"column":29}},{"start":{"line":657,"column":33},"end":{"line":657,"column":57}}],"line":657},"197":{"loc":{"start":{"line":676,"column":12},"end":{"line":676,"column":57}},"type":"if","locations":[{"start":{"line":676,"column":12},"end":{"line":676,"column":57}},{"start":{"line":676,"column":12},"end":{"line":676,"column":57}}],"line":676}},"s":{"0":1,"1":1,"2":1,"3":1,"4":1,"5":1,"6":1,"7":29,"8":6,"9":23,"10":6,"11":17,"12":6,"13":11,"14":6,"15":5,"16":0,"17":5,"18":1,"19":4,"20":1,"21":3,"22":1,"23":2,"24":1,"25":1,"26":0,"27":1,"28":0,"29":1,"30":1,"31":1,"32":0,"33":1,"34":1,"35":1,"36":0,"37":1,"38":0,"39":1,"40":0,"41":1,"42":0,"43":1,"44":1,"45":1,"46":0,"47":1,"48":1,"49":0,"50":1,"51":0,"52":1,"53":1,"54":1,"55":1,"56":0,"57":1,"58":1,"59":48,"60":6,"61":42,"62":4,"63":38,"64":4,"65":34,"66":4,"67":30,"68":4,"69":26,"70":6,"71":20,"72":1,"73":19,"74":1,"75":18,"76":1,"77":17,"78":1,"79":16,"80":1,"81":15,"82":1,"83":14,"84":14,"85":14,"86":0,"87":14,"88":0,"89":14,"90":9,"91":9,"92":1,"93":8,"94":8,"95":8,"96":8,"97":8,"98":5,"99":5,"100":5,"101":5,"102":1,"103":0,"104":1,"105":0,"106":1,"107":1,"108":1,"109":0,"110":1,"111":1,"112":1,"113":1,"114":1,"115":1,"116":1,"117":1,"118":1,"119":1,"120":1,"121":10,"122":6,"123":4,"124":1,"125":3,"126":0,"127":3,"128":0,"129":3,"130":0,"131":3,"132":0,"133":3,"134":0,"135":3,"136":0,"137":3,"138":0,"139":3,"140":0,"141":3,"142":0,"143":3,"144":0,"145":3,"146":0,"147":3,"148":0,"149":3,"150":0,"151":3,"152":0,"153":3,"154":0,"155":3,"156":0,"157":3,"158":0,"159":3,"160":0,"161":3,"162":0,"163":3,"164":0,"165":3,"166":0,"167":3,"168":0,"169":3,"170":3,"171":3,"172":0,"173":3,"174":3,"175":3,"176":3,"177":3,"178":3,"179":3,"180":3,"181":3,"182":3,"183":3,"184":3,"185":3,"186":6,"187":6,"188":18,"189":18,"190":0,"191":18,"192":3,"193":3,"194":3,"195":0,"196":3,"197":0,"198":3,"199":0,"200":3,"201":0,"202":3,"203":3,"204":3,"205":11,"206":11,"207":11,"208":11,"209":11,"210":11,"211":3,"212":3,"213":3,"214":3,"215":11,"216":3,"217":11,"218":2,"219":11,"220":2,"221":11,"222":1,"223":11,"224":0,"225":11,"226":0,"227":11,"228":1,"229":11,"230":1,"231":1,"232":0,"233":3,"234":3,"235":3,"236":1,"237":2,"238":1,"239":3,"240":1,"241":1,"242":1,"243":3,"244":0,"245":3,"246":2,"247":3,"248":2,"249":3,"250":3,"251":3,"252":2,"253":3,"254":3,"255":3,"256":3,"257":3,"258":1,"259":3,"260":1,"261":3,"262":3,"263":3,"264":0,"265":0,"266":0,"267":0,"268":0,"269":0,"270":0,"271":0,"272":0,"273":0,"274":0,"275":0,"276":1,"277":0,"278":1,"279":0,"280":1,"281":1,"282":1,"283":0,"284":1,"285":1,"286":1,"287":1,"288":1,"289":1,"290":1,"291":1,"292":0,"293":1,"294":0,"295":1,"296":0,"297":1,"298":0,"299":1,"300":0,"301":1,"302":0,"303":1,"304":1,"305":1,"306":1,"307":1,"308":1,"309":1,"310":1,"311":1,"312":0,"313":1,"314":0,"315":1,"316":0,"317":1,"318":0,"319":1,"320":1,"321":1,"322":10,"323":2,"324":2,"325":2,"326":2,"327":2,"328":2,"329":2,"330":1,"331":2,"332":1,"333":1,"334":2,"335":2,"336":2,"337":2,"338":1,"339":1,"340":0,"341":1,"342":0,"343":1,"344":1,"345":1,"346":1,"347":1,"348":1,"349":1,"350":0,"351":0,"352":0,"353":1,"354":1,"355":1,"356":1,"357":0,"358":1,"359":0,"360":1,"361":0,"362":1,"363":0,"364":1,"365":1,"366":1,"367":1,"368":1,"369":1,"370":1},"f":{"0":29,"1":1,"2":1,"3":1,"4":1,"5":1,"6":48,"7":14,"8":1,"9":1,"10":1,"11":1,"12":10,"13":3,"14":6,"15":3,"16":11,"17":11,"18":3,"19":2,"20":1,"21":0,"22":0,"23":0,"24":0,"25":1,"26":1,"27":1,"28":1,"29":1,"30":1,"31":2,"32":10,"33":1,"34":1,"35":1,"36":1},"b":{"0":[6,23],"1":[6,17],"2":[6,11],"3":[6,5],"4":[0,5],"5":[1,4],"6":[1,3],"7":[1,2],"8":[1,1],"9":[0,1],"10":[0,1],"11":[0,1],"12":[0,1],"13":[0,1],"14":[0,1],"15":[0,1],"16":[0,1],"17":[1,1],"18":[0,1],"19":[0,1],"20":[0,1],"21":[6,42],"22":[4,38],"23":[42,36],"24":[4,34],"25":[38,32],"26":[4,30],"27":[34,29],"28":[4,26],"29":[30,24],"30":[6,20],"31":[1,19],"32":[1,18],"33":[19,13],"34":[1,17],"35":[18,12],"36":[1,16],"37":[17,12],"38":[1,15],"39":[16,10],"40":[1,14],"41":[0,14],"42":[0,14],"43":[9,5],"44":[1,8],"45":[9,7],"46":[8,5],"47":[8,5],"48":[8,5],"49":[5,3],"50":[5,3],"51":[5,3],"52":[0,1],"53":[0,1],"54":[0,1],"55":[6,4],"56":[10,4,4],"57":[1,3],"58":[0,3],"59":[3,1,1,1],"60":[0,3],"61":[3,1,1],"62":[0,3],"63":[3,1,1],"64":[0,3],"65":[3,1],"66":[0,3],"67":[3,2],"68":[0,3],"69":[3,2,2],"70":[0,3],"71":[3,1,1],"72":[0,3],"73":[3,1,1],"74":[0,3],"75":[3,1],"76":[0,3],"77":[3,1,1],"78":[0,3],"79":[3,1,1],"80":[0,3],"81":[3,1,1],"82":[0,3],"83":[3,3],"84":[0,3],"85":[3,3],"86":[0,3],"87":[3,1],"88":[0,3],"89":[3,2],"90":[0,3],"91":[3,2],"92":[0,3],"93":[3,1],"94":[0,3],"95":[3,1],"96":[0,3],"97":[3,1],"98":[0,3],"99":[3,3],"100":[0,3],"101":[3,3],"102":[0,3],"103":[3,1],"104":[3,2],"105":[3,2],"106":[2,0],"107":[3,1],"108":[1,0],"109":[3,1],"110":[1,0],"111":[3,1],"112":[1,0],"113":[3,1],"114":[1,0],"115":[3,1],"116":[1,0],"117":[3,1],"118":[1,0],"119":[3,1],"120":[3,1],"121":[3,1],"122":[6,0],"123":[0,18],"124":[0,3],"125":[3,3,3],"126":[0,3],"127":[3,3],"128":[0,3],"129":[3,3,3],"130":[0,3],"131":[3,3],"132":[11,0],"133":[3,8],"134":[2,9],"135":[2,9],"136":[1,10],"137":[0,11],"138":[0,11],"139":[1,10],"140":[1,10],"141":[1,0],"142":[1,2],"143":[1,2],"144":[0,3],"145":[2,1],"146":[2,1],"147":[3,0],"148":[3,3],"149":[2,1],"150":[1,2],"151":[1,2],"152":[0,0],"153":[0,0],"154":[0,1],"155":[1,1,1],"156":[0,1],"157":[1,1],"158":[0,1],"159":[0,1],"160":[1,1,1],"161":[0,1],"162":[1,1],"163":[0,1],"164":[1,1,1],"165":[0,1],"166":[1,1],"167":[0,1],"168":[1,1,1],"169":[0,1],"170":[1,1],"171":[1,0],"172":[0,1],"173":[0,1],"174":[1,1,1],"175":[0,1],"176":[1,1],"177":[0,1],"178":[1,1,1],"179":[0,1],"180":[1,1],"181":[2,8],"182":[1,1],"183":[2,2],"184":[0,1],"185":[1,1,1],"186":[0,1],"187":[1,1],"188":[0,1],"189":[0,1],"190":[1,1,1],"191":[0,1],"192":[1,1],"193":[0,1],"194":[1,1,1],"195":[0,1],"196":[1,1],"197":[1,0]},"_coverageSchema":"43e27e138ebf9cfc5966b082cf9a028302ed4184","hash":"4a3df68143b58446f53093853eca7acbdb4f1fcb","contentHash":"75ff2ed1d2310a3a6236c0dca64e0eb7"},"C:\\Users\\sergi\\bootcamp\\collab\\skylab-bootcamp-201809\\staff\\sergio-luz\\langchange-web\\langchange-api\\errors\\index.js":{"path":"C:\\Users\\sergi\\bootcamp\\collab\\skylab-bootcamp-201809\\staff\\sergio-luz\\langchange-web\\langchange-api\\errors\\index.js","statementMap":{"0":{"start":{"line":1,"column":27},"end":{"line":1,"column":60}},"1":{"start":{"line":2,"column":18},"end":{"line":2,"column":41}},"2":{"start":{"line":3,"column":22},"end":{"line":3,"column":50}},"3":{"start":{"line":4,"column":19},"end":{"line":4,"column":43}},"4":{"start":{"line":6,"column":0},"end":{"line":11,"column":1}}},"fnMap":{},"branchMap":{},"s":{"0":1,"1":1,"2":1,"3":1,"4":1},"f":{},"b":{},"_coverageSchema":"43e27e138ebf9cfc5966b082cf9a028302ed4184","hash":"4ce9078cc76e05062550ec97d3e0df13bbc58acf","contentHash":"c3c8be456296e3c49e92025cdfe9f972"},"C:\\Users\\sergi\\bootcamp\\collab\\skylab-bootcamp-201809\\staff\\sergio-luz\\langchange-web\\langchange-api\\errors\\already-exists-error.js":{"path":"C:\\Users\\sergi\\bootcamp\\collab\\skylab-bootcamp-201809\\staff\\sergio-luz\\langchange-web\\langchange-api\\errors\\already-exists-error.js","statementMap":{"0":{"start":{"line":3,"column":8},"end":{"line":3,"column":15}},"1":{"start":{"line":5,"column":8},"end":{"line":5,"column":55}},"2":{"start":{"line":7,"column":8},"end":{"line":7,"column":40}},"3":{"start":{"line":8,"column":8},"end":{"line":8,"column":30}},"4":{"start":{"line":10,"column":8},"end":{"line":10,"column":37}},"5":{"start":{"line":10,"column":19},"end":{"line":10,"column":37}},"6":{"start":{"line":14,"column":0},"end":{"line":14,"column":35}}},"fnMap":{"0":{"name":"(anonymous_0)","decl":{"start":{"line":2,"column":4},"end":{"line":2,"column":5}},"loc":{"start":{"line":2,"column":32},"end":{"line":11,"column":5}},"line":2}},"branchMap":{"0":{"loc":{"start":{"line":10,"column":8},"end":{"line":10,"column":37}},"type":"if","locations":[{"start":{"line":10,"column":8},"end":{"line":10,"column":37}},{"start":{"line":10,"column":8},"end":{"line":10,"column":37}}],"line":10}},"s":{"0":1,"1":1,"2":1,"3":1,"4":1,"5":0,"6":1},"f":{"0":1},"b":{"0":[0,1]},"_coverageSchema":"43e27e138ebf9cfc5966b082cf9a028302ed4184","hash":"ba164e05d8b89649559ddb09e7061803aa125473","contentHash":"26b0e72702ce71efbe5d6746c500ec8e"},"C:\\Users\\sergi\\bootcamp\\collab\\skylab-bootcamp-201809\\staff\\sergio-luz\\langchange-web\\langchange-api\\errors\\auth-error.js":{"path":"C:\\Users\\sergi\\bootcamp\\collab\\skylab-bootcamp-201809\\staff\\sergio-luz\\langchange-web\\langchange-api\\errors\\auth-error.js","statementMap":{"0":{"start":{"line":3,"column":8},"end":{"line":3,"column":15}},"1":{"start":{"line":5,"column":8},"end":{"line":5,"column":55}},"2":{"start":{"line":7,"column":8},"end":{"line":7,"column":31}},"3":{"start":{"line":8,"column":8},"end":{"line":8,"column":30}},"4":{"start":{"line":10,"column":8},"end":{"line":10,"column":37}},"5":{"start":{"line":10,"column":19},"end":{"line":10,"column":37}},"6":{"start":{"line":14,"column":0},"end":{"line":14,"column":26}}},"fnMap":{"0":{"name":"(anonymous_0)","decl":{"start":{"line":2,"column":4},"end":{"line":2,"column":5}},"loc":{"start":{"line":2,"column":32},"end":{"line":11,"column":5}},"line":2}},"branchMap":{"0":{"loc":{"start":{"line":10,"column":8},"end":{"line":10,"column":37}},"type":"if","locations":[{"start":{"line":10,"column":8},"end":{"line":10,"column":37}},{"start":{"line":10,"column":8},"end":{"line":10,"column":37}}],"line":10}},"s":{"0":0,"1":0,"2":0,"3":0,"4":0,"5":0,"6":1},"f":{"0":0},"b":{"0":[0,0]},"_coverageSchema":"43e27e138ebf9cfc5966b082cf9a028302ed4184","hash":"74f3d312ef6e486be107dfd29170996d40ffe9ba","contentHash":"008540ad70fb55a90213348035e698fc"},"C:\\Users\\sergi\\bootcamp\\collab\\skylab-bootcamp-201809\\staff\\sergio-luz\\langchange-web\\langchange-api\\errors\\not-found-error.js":{"path":"C:\\Users\\sergi\\bootcamp\\collab\\skylab-bootcamp-201809\\staff\\sergio-luz\\langchange-web\\langchange-api\\errors\\not-found-error.js","statementMap":{"0":{"start":{"line":3,"column":8},"end":{"line":3,"column":15}},"1":{"start":{"line":5,"column":8},"end":{"line":5,"column":55}},"2":{"start":{"line":7,"column":8},"end":{"line":7,"column":35}},"3":{"start":{"line":8,"column":8},"end":{"line":8,"column":30}},"4":{"start":{"line":10,"column":8},"end":{"line":10,"column":37}},"5":{"start":{"line":10,"column":19},"end":{"line":10,"column":37}},"6":{"start":{"line":14,"column":0},"end":{"line":14,"column":30}}},"fnMap":{"0":{"name":"(anonymous_0)","decl":{"start":{"line":2,"column":4},"end":{"line":2,"column":5}},"loc":{"start":{"line":2,"column":32},"end":{"line":11,"column":5}},"line":2}},"branchMap":{"0":{"loc":{"start":{"line":10,"column":8},"end":{"line":10,"column":37}},"type":"if","locations":[{"start":{"line":10,"column":8},"end":{"line":10,"column":37}},{"start":{"line":10,"column":8},"end":{"line":10,"column":37}}],"line":10}},"s":{"0":0,"1":0,"2":0,"3":0,"4":0,"5":0,"6":1},"f":{"0":0},"b":{"0":[0,0]},"_coverageSchema":"43e27e138ebf9cfc5966b082cf9a028302ed4184","hash":"24d6c8f87c42315e53b744ae914426075a58e942","contentHash":"9b9652c226716a723b2d91da4ff6ddbd"},"C:\\Users\\sergi\\bootcamp\\collab\\skylab-bootcamp-201809\\staff\\sergio-luz\\langchange-web\\langchange-api\\errors\\value-error.js":{"path":"C:\\Users\\sergi\\bootcamp\\collab\\skylab-bootcamp-201809\\staff\\sergio-luz\\langchange-web\\langchange-api\\errors\\value-error.js","statementMap":{"0":{"start":{"line":3,"column":8},"end":{"line":3,"column":15}},"1":{"start":{"line":5,"column":8},"end":{"line":5,"column":55}},"2":{"start":{"line":7,"column":8},"end":{"line":7,"column":32}},"3":{"start":{"line":8,"column":8},"end":{"line":8,"column":30}},"4":{"start":{"line":10,"column":8},"end":{"line":10,"column":37}},"5":{"start":{"line":10,"column":19},"end":{"line":10,"column":37}},"6":{"start":{"line":14,"column":0},"end":{"line":14,"column":27}}},"fnMap":{"0":{"name":"(anonymous_0)","decl":{"start":{"line":2,"column":4},"end":{"line":2,"column":5}},"loc":{"start":{"line":2,"column":32},"end":{"line":11,"column":5}},"line":2}},"branchMap":{"0":{"loc":{"start":{"line":10,"column":8},"end":{"line":10,"column":37}},"type":"if","locations":[{"start":{"line":10,"column":8},"end":{"line":10,"column":37}},{"start":{"line":10,"column":8},"end":{"line":10,"column":37}}],"line":10}},"s":{"0":11,"1":11,"2":11,"3":11,"4":11,"5":0,"6":1},"f":{"0":11},"b":{"0":[0,11]},"_coverageSchema":"43e27e138ebf9cfc5966b082cf9a028302ed4184","hash":"74d95a234638a3c32fa0722101c510133737a065","contentHash":"5582661cb55c89580b62ad7d7b1e0595"}}